#
# A fatal error has been detected by the Java Runtime Environment:
#
#  EXCEPTION_ACCESS_VIOLATION (0xc0000005) at pc=0x000000006ca1b7b0, pid=2708, tid=0x00000000000006d0
#
# JRE version: OpenJDK Runtime Environment (8.0_242-b01) (build 1.8.0_242-release-1644-b01)
# Java VM: OpenJDK 64-Bit Server VM (25.242-b01 mixed mode windows-amd64 compressed oops)
# Problematic frame:
# V  [jvm.dll+0x8b7b0]
#
# Failed to write core dump. Minidumps are not enabled by default on client versions of Windows
#
# If you would like to submit a bug report, please visit:
#   
#

---------------  T H R E A D  ---------------

Current thread (0x0000000002136000):  GCTaskThread [stack: 0x0000000002260000,0x0000000002360000] [id=1744]

siginfo: ExceptionCode=0xc0000005, reading address 0x0000000000000008

Registers:
RAX=0x0000000000000000, RBX=0x00000000e8c5c598, RCX=0x00000000e8c5c598, RDX=0x0000000000000000
RSP=0x000000000235f7c8, RBP=0x0000000011ca929c, RSI=0x00000000571b8c40, RDI=0x0000000081253750
R8 =0x00000000571b8c40, R9 =0x0000000000000006, R10=0x0000000000000008, R11=0x00000000e7db5988
R12=0x0000000011ca921b, R13=0x0000000000000000, R14=0x0000000000000000, R15=0x00000000021318e0
RIP=0x000000006ca1b7b0, EFLAGS=0x0000000000010246

Top of Stack: (sp=0x000000000235f7c8)
0x000000000235f7c8:   000000006cd627b2 00000000e8c5e398
0x000000000235f7d8:   0000000000000004 00000000571b8c40
0x000000000235f7e8:   00000000e8e65bb0 00000000e7dad998
0x000000000235f7f8:   000000006cd62efb 00000000571b8c40
0x000000000235f808:   000000006ca7e3a3 0000000000000000
0x000000000235f818:   00000000571b8c00 0000000011ca921b
0x000000000235f828:   000000006cd62b20 000000008124dd78
0x000000000235f838:   0000000011ca929c 00000000571b8c40
0x000000000235f848:   0000000081253750 000000008124dd78
0x000000000235f858:   000000006cd636c5 00000000e8c5ca10
0x000000000235f868:   0000000011ca9081 00000000571b8c40
0x000000000235f878:   000000000000000a 00000000571b8c40
0x000000000235f888:   000000006ca5785a 0000000081205ef4
0x000000000235f898:   000000006ca7fdb0 00000000571b8c40
0x000000000235f8a8:   000000006ca7e3a3 000000008125374d
0x000000000235f8b8:   000000008125374d 00000000812431e0 

Instructions: (pc=0x000000006ca1b7b0)
0x000000006ca1b790:   1c 8f 1d 00 48 8b 9c 24 c0 00 00 00 48 81 c4 b0
0x000000006ca1b7a0:   00 00 00 5d c3 cc cc cc cc cc cc cc cc cc cc cc
0x000000006ca1b7b0:   44 8b 42 08 4c 8b ca 45 85 c0 7e 0e 41 f6 c0 01
0x000000006ca1b7c0:   75 57 41 c1 f8 03 41 8b c0 c3 79 4d 80 3d 7e 97 


Register to memory mapping:

RAX=0x0000000000000000 is an unknown value
RBX=0x00000000e8c5c598 is an unknown value
RCX=0x00000000e8c5c598 is an unknown value
RDX=0x0000000000000000 is an unknown value
RSP=0x000000000235f7c8 is an unknown value
RBP=0x0000000011ca929c is an unknown value
RSI=0x00000000571b8c40 is an unknown value
RDI=0x0000000081253750 is an oop
java.util.HashMap 
 - klass: 'java/util/HashMap'
R8 =0x00000000571b8c40 is an unknown value
R9 =0x0000000000000006 is an unknown value
R10=0x0000000000000008 is an unknown value
R11=0x00000000e7db5988 is an unknown value
R12=0x0000000011ca921b is an unknown value
R13=0x0000000000000000 is an unknown value
R14=0x0000000000000000 is an unknown value
R15=0x00000000021318e0 is an unknown value


Stack: [0x0000000002260000,0x0000000002360000],  sp=0x000000000235f7c8,  free space=1021k
Native frames: (J=compiled Java code, j=interpreted, Vv=VM code, C=native code)
V  [jvm.dll+0x8b7b0]


---------------  P R O C E S S  ---------------

Java Threads: ( => current thread )
  0x0000000061b30800 JavaThread "WorkerExecutor Queue Thread 4" [_thread_blocked, id=2968, stack(0x0000000066590000,0x0000000066690000)]
  0x00000000598b1800 JavaThread "Cache worker for Java compile cache (X:\Users\Sohan\AndroidStudioProjects\Xment\.gradle\6.1.1\javaCompile)" [_thread_blocked, id=3312, stack(0x0000000065ad0000,0x0000000065bd0000)]
  0x0000000061b30000 JavaThread "WorkerExecutor Queue Thread 3" [_thread_blocked, id=1908, stack(0x00000000663c0000,0x00000000664c0000)]
  0x0000000061b2f000 JavaThread "stdout" [_thread_in_native, id=2476, stack(0x0000000065d20000,0x0000000065e20000)]
  0x0000000061b2e800 JavaThread "stderr" [_thread_in_native, id=896, stack(0x0000000065c10000,0x0000000065d10000)]
  0x0000000061b2d800 JavaThread "stdout" [_thread_in_native, id=4056, stack(0x0000000064860000,0x0000000064960000)]
  0x0000000061b2d000 JavaThread "stderr" [_thread_in_native, id=2972, stack(0x0000000063960000,0x0000000063a60000)]
  0x0000000061b2c000 JavaThread "pool-5-thread-1" [_thread_blocked, id=2900, stack(0x0000000060490000,0x0000000060590000)]
  0x00000000598b2800 JavaThread "WorkerExecutor Queue" [_thread_blocked, id=2688, stack(0x0000000063380000,0x0000000063480000)]
  0x00000000598b1000 JavaThread "Cache worker for execution history cache (X:\Users\Sohan\AndroidStudioProjects\Xment\.gradle\6.1.1\executionHistory)" [_thread_blocked, id=2928, stack(0x0000000063200000,0x0000000063300000)]
  0x00000000619ef000 JavaThread "Execution worker for ':'" [_thread_blocked, id=3024, stack(0x000000005e310000,0x000000005e410000)]
  0x00000000619f3800 JavaThread "Cache worker for file content cache (X:\Users\Sohan\AndroidStudioProjects\Xment\.gradle\6.1.1\fileContent)" [_thread_blocked, id=3464, stack(0x0000000062ed0000,0x0000000062fd0000)]
  0x00000000619f0000 JavaThread "Cache worker for Build Output Cleanup Cache (X:\Users\Sohan\AndroidStudioProjects\Xment\.gradle\buildOutputCleanup)" [_thread_blocked, id=604, stack(0x0000000061410000,0x0000000061510000)]
  0x00000000619f0800 JavaThread "pool-4-thread-1" [_thread_blocked, id=3764, stack(0x0000000062bb0000,0x0000000062cb0000)]
  0x000000005dbbc000 JavaThread "Build operations Thread 2" [_thread_blocked, id=3524, stack(0x000000005f8f0000,0x000000005f9f0000)]
  0x000000005dbbb800 JavaThread "Build operations" [_thread_blocked, id=2792, stack(0x0000000060f90000,0x0000000061090000)]
  0x000000005dbba800 JavaThread "Cache worker for cache directory md-rule (X:\Users\Sohan\.gradle\caches\6.1.1\md-rule)" [_thread_blocked, id=3160, stack(0x0000000060100000,0x0000000060200000)]
  0x000000005dbb7000 JavaThread "Cache worker for cache directory md-supplier (X:\Users\Sohan\.gradle\caches\6.1.1\md-supplier)" [_thread_blocked, id=4020, stack(0x000000005f7b0000,0x000000005f8b0000)]
  0x000000005dbba000 JavaThread "Cache worker for file hash cache (X:\Users\Sohan\AndroidStudioProjects\Xment\.gradle\6.1.1\fileHashes)" [_thread_blocked, id=3520, stack(0x000000005e850000,0x000000005e950000)]
  0x000000005dbb5800 JavaThread "Cache worker for checksums cache (X:\Users\Sohan\AndroidStudioProjects\Xment\.gradle\checksums)" [_thread_blocked, id=3340, stack(0x000000005e200000,0x000000005e300000)]
  0x000000005dbb8800 JavaThread "Thread-39" [_thread_blocked, id=2056, stack(0x000000005c560000,0x000000005c660000)]
  0x000000005dbb9000 JavaThread "Stdin handler" [_thread_blocked, id=1940, stack(0x000000005c920000,0x000000005ca20000)]
  0x000000005d1b0800 JavaThread "Asynchronous log dispatcher for DefaultDaemonConnection: socket connection from /127.0.0.1:49596 to /127.0.0.1:50156" [_thread_blocked, id=3788, stack(0x000000005cd30000,0x000000005ce30000)]
  0x000000005d1ad800 JavaThread "Daemon worker Thread 2" [_thread_blocked, id=368, stack(0x000000005c320000,0x000000005c420000)]
  0x000000005d1aa800 JavaThread "Cancel handler" [_thread_blocked, id=508, stack(0x000000005c800000,0x000000005c900000)]
  0x000000005d1ab000 JavaThread "Handler for socket connection from /127.0.0.1:49596 to /127.0.0.1:50156" [_thread_in_native, id=2280, stack(0x000000005aaf0000,0x000000005abf0000)]
  0x000000005d1ac800 JavaThread "Daemon Thread 2" [_thread_blocked, id=3400, stack(0x000000005bd50000,0x000000005be50000)]
  0x00000000619f6000 JavaThread "Cache worker for Java compile cache (X:\Users\Sohan\.gradle\caches\6.1.1\javaCompile)" [_thread_blocked, id=2264, stack(0x0000000063040000,0x0000000063140000)]
  0x000000005d1af800 JavaThread "Cache worker for file content cache (X:\Users\Sohan\.gradle\caches\6.1.1\fileContent)" [_thread_blocked, id=1804, stack(0x00000000612d0000,0x00000000613d0000)]
  0x000000005d1af000 JavaThread "Memory manager" [_thread_blocked, id=3020, stack(0x0000000061170000,0x0000000061270000)]
  0x00000000598b3000 JavaThread "Cache worker for execution history cache (X:\Users\Sohan\.gradle\caches\6.1.1\executionHistory)" [_thread_blocked, id=200, stack(0x000000005e9f0000,0x000000005eaf0000)]
  0x00000000598af800 JavaThread "Cache worker for file hash cache (X:\Users\Sohan\.gradle\caches\6.1.1\fileHashes)" [_thread_blocked, id=3660, stack(0x000000005cea0000,0x000000005cfa0000)]
  0x00000000598ae800 JavaThread "File lock request listener" [_thread_in_native, id=2592, stack(0x000000005c460000,0x000000005c560000)]
  0x00000000598ba800 JavaThread "Cache worker for journal cache (X:\Users\Sohan\.gradle\caches\journal-1)" [_thread_blocked, id=1128, stack(0x000000005c6f0000,0x000000005c7f0000)]
  0x000000005a4a5800 JavaThread "Daemon periodic checks" [_thread_blocked, id=4024, stack(0x000000005ac20000,0x000000005ad20000)]
  0x000000005a4a4800 JavaThread "Incoming local TCP Connector on port 49596" [_thread_in_native, id=3264, stack(0x000000005a9a0000,0x000000005aaa0000)]
  0x0000000059626800 JavaThread "Daemon health stats" [_thread_blocked, id=3624, stack(0x000000005a660000,0x000000005a760000)]
  0x000000005728e800 JavaThread "Service Thread" daemon [_thread_blocked, id=3124, stack(0x0000000058990000,0x0000000058a90000)]
  0x000000005725b800 JavaThread "C1 CompilerThread1" daemon [_thread_blocked, id=808, stack(0x0000000058330000,0x0000000058430000)]
  0x0000000057230000 JavaThread "C2 CompilerThread0" daemon [_thread_blocked, id=3380, stack(0x0000000058470000,0x0000000058570000)]
  0x000000005722e000 JavaThread "Attach Listener" daemon [_thread_blocked, id=3164, stack(0x0000000058210000,0x0000000058310000)]
  0x000000005722c800 JavaThread "Signal Dispatcher" daemon [_thread_blocked, id=1260, stack(0x0000000058110000,0x0000000058210000)]
  0x000000005720d800 JavaThread "Finalizer" daemon [_thread_blocked, id=3572, stack(0x0000000057f50000,0x0000000058050000)]
  0x0000000057204000 JavaThread "Reference Handler" daemon [_thread_blocked, id=2916, stack(0x0000000057de0000,0x0000000057ee0000)]
  0x00000000020fe800 JavaThread "main" [_thread_blocked, id=3828, stack(0x0000000002510000,0x0000000002610000)]

Other Threads:
  0x00000000571bc800 VMThread [stack: 0x0000000057c50000,0x0000000057d50000] [id=264]
  0x00000000585a4800 WatcherThread [stack: 0x0000000058bf0000,0x0000000058cf0000] [id=1880]

=>0x0000000002136000 (exited) GCTaskThread [stack: 0x0000000002260000,0x0000000002360000] [id=1744]

VM state:at safepoint (normal execution)

VM Mutex/Monitor currently owned by a thread:  ([mutex/lock_event])
[0x00000000020fc980] Threads_lock - owner thread: 0x00000000571bc800
[0x00000000020fce80] Heap_lock - owner thread: 0x0000000061b30000

heap address: 0x0000000080000000, size: 2048 MB, Compressed Oops mode: 32-bit
Narrow klass base: 0x0000000000000000, Narrow klass shift: 0
Compressed class space size: 1073741824 Address: 0x0000000016890000

Heap:
 PSYoungGen      total 307200K, used 300925K [0x00000000d5580000, 0x00000000e9e80000, 0x0000000100000000)
  eden space 285696K, 100% used [0x00000000d5580000,0x00000000e6c80000,0x00000000e6c80000)
  from space 21504K, 70% used [0x00000000e8980000,0x00000000e985f5f0,0x00000000e9e80000)
  to   space 25600K, 68% used [0x00000000e6c80000,0x00000000e7dbd998,0x00000000e8580000)
 ParOldGen       total 109056K, used 54377K [0x0000000080000000, 0x0000000086a80000, 0x00000000d5580000)
  object space 109056K, 49% used [0x0000000080000000,0x000000008351a5b8,0x0000000086a80000)
 Metaspace       used 90750K, capacity 94798K, committed 95016K, reserved 1132544K
  class space    used 11941K, capacity 12748K, committed 12848K, reserved 1048576K

Card table byte_map: [0x0000000011ca0000,0x00000000120b0000] byte_map_base: 0x00000000118a0000

Marking Bits: (ParMarkBitMap*) 0x000000006d15f030
 Begin Bits: [0x0000000012490000, 0x0000000014490000)
 End Bits:   [0x0000000014490000, 0x0000000016490000)

Polling page: 0x0000000000430000

CodeCache: size=245760Kb used=42070Kb max_used=42070Kb free=203689Kb
 bounds [0x00000000028e0000, 0x0000000005230000, 0x00000000118e0000]
 total_blobs=13668 nmethods=12788 adapters=791
 compilation: enabled

Compilation events (10 events):
Event: 2492.703 Thread 0x000000005725b800 15143       3       com.android.tools.r8.code.b3::<init> (5 bytes)
Event: 2492.704 Thread 0x000000005725b800 nmethod 15143 0x00000000052211d0 code [0x0000000005221340, 0x0000000005221610]
Event: 2492.704 Thread 0x000000005725b800 15144       3       com.android.tools.r8.ir.optimize.info.n::a (9 bytes)
Event: 2492.704 Thread 0x000000005725b800 nmethod 15144 0x0000000005221790 code [0x0000000005221900, 0x0000000005221aa8]
Event: 2492.712 Thread 0x000000005725b800 15145       3       com.android.tools.r8.r.n.A::<init> (111 bytes)
Event: 2492.713 Thread 0x000000005725b800 nmethod 15145 0x0000000005221b90 code [0x0000000005221d00, 0x0000000005221f70]
Event: 2492.727 Thread 0x000000005725b800 15146       1       com.android.tools.r8.u.b.I0::g0 (2 bytes)
Event: 2492.727 Thread 0x000000005725b800 nmethod 15146 0x0000000005222090 code [0x00000000052221e0, 0x00000000052222f0]
Event: 2492.733 Thread 0x000000005725b800 15147       3       com.android.tools.r8.ir.optimize.n$$Lambda$680/17806637::compare (12 bytes)
Event: 2492.734 Thread 0x000000005725b800 nmethod 15147 0x0000000005222350 code [0x0000000005222540, 0x0000000005222ef8]

GC Heap History (10 events):
Event: 59.797 GC heap after
Heap after GC invocations=16 (full 3):
 PSYoungGen      total 202240K, used 0K [0x00000000d5580000, 0x00000000e6580000, 0x0000000100000000)
  eden space 186880K, 0% used [0x00000000d5580000,0x00000000d5580000,0x00000000e0c00000)
  from space 15360K, 0% used [0x00000000e0c00000,0x00000000e0c00000,0x00000000e1b00000)
  to   space 17408K, 0% used [0x00000000e5480000,0x00000000e5480000,0x00000000e6580000)
 ParOldGen       total 71680K, used 33958K [0x0000000080000000, 0x0000000084600000, 0x00000000d5580000)
  object space 71680K, 47% used [0x0000000080000000,0x0000000082129b98,0x0000000084600000)
 Metaspace       used 57098K, capacity 59006K, committed 59160K, reserved 1099776K
  class space    used 7810K, capacity 8268K, committed 8368K, reserved 1048576K
}
Event: 79.207 GC heap before
{Heap before GC invocations=17 (full 3):
 PSYoungGen      total 202240K, used 186554K [0x00000000d5580000, 0x00000000e6580000, 0x0000000100000000)
  eden space 186880K, 99% used [0x00000000d5580000,0x00000000e0bae840,0x00000000e0c00000)
  from space 15360K, 0% used [0x00000000e0c00000,0x00000000e0c00000,0x00000000e1b00000)
  to   space 17408K, 0% used [0x00000000e5480000,0x00000000e5480000,0x00000000e6580000)
 ParOldGen       total 71680K, used 33958K [0x0000000080000000, 0x0000000084600000, 0x00000000d5580000)
  object space 71680K, 47% used [0x0000000080000000,0x0000000082129b98,0x0000000084600000)
 Metaspace       used 62653K, capacity 65174K, committed 65448K, reserved 1105920K
  class space    used 8560K, capacity 9090K, committed 9136K, reserved 1048576K
Event: 79.364 GC heap after
Heap after GC invocations=17 (full 3):
 PSYoungGen      total 253440K, used 17384K [0x00000000d5580000, 0x00000000e6a00000, 0x0000000100000000)
  eden space 236032K, 0% used [0x00000000d5580000,0x00000000d5580000,0x00000000e3c00000)
  from space 17408K, 99% used [0x00000000e5480000,0x00000000e657a020,0x00000000e6580000)
  to   space 23552K, 0% used [0x00000000e3c00000,0x00000000e3c00000,0x00000000e5300000)
 ParOldGen       total 71680K, used 44138K [0x0000000080000000, 0x0000000084600000, 0x00000000d5580000)
  object space 71680K, 61% used [0x0000000080000000,0x0000000082b1a9b8,0x0000000084600000)
 Metaspace       used 62653K, capacity 65174K, committed 65448K, reserved 1105920K
  class space    used 8560K, capacity 9090K, committed 9136K, reserved 1048576K
}
Event: 152.742 GC heap before
{Heap before GC invocations=18 (full 3):
 PSYoungGen      total 253440K, used 253416K [0x00000000d5580000, 0x00000000e6a00000, 0x0000000100000000)
  eden space 236032K, 100% used [0x00000000d5580000,0x00000000e3c00000,0x00000000e3c00000)
  from space 17408K, 99% used [0x00000000e5480000,0x00000000e657a020,0x00000000e6580000)
  to   space 23552K, 0% used [0x00000000e3c00000,0x00000000e3c00000,0x00000000e5300000)
 ParOldGen       total 71680K, used 44138K [0x0000000080000000, 0x0000000084600000, 0x00000000d5580000)
  object space 71680K, 61% used [0x0000000080000000,0x0000000082b1a9b8,0x0000000084600000)
 Metaspace       used 73971K, capacity 76762K, committed 77096K, reserved 1116160K
  class space    used 9929K, capacity 10496K, committed 10544K, reserved 1048576K
Event: 152.945 GC heap after
Heap after GC invocations=18 (full 3):
 PSYoungGen      total 259584K, used 16750K [0x00000000d5580000, 0x00000000ea200000, 0x0000000100000000)
  eden space 236032K, 0% used [0x00000000d5580000,0x00000000d5580000,0x00000000e3c00000)
  from space 23552K, 71% used [0x00000000e3c00000,0x00000000e4c5bad8,0x00000000e5300000)
  to   space 25088K, 0% used [0x00000000e8980000,0x00000000e8980000,0x00000000ea200000)
 ParOldGen       total 71680K, used 60310K [0x0000000080000000, 0x0000000084600000, 0x00000000d5580000)
  object space 71680K, 84% used [0x0000000080000000,0x0000000083ae5a58,0x0000000084600000)
 Metaspace       used 73971K, capacity 76762K, committed 77096K, reserved 1116160K
  class space    used 9929K, capacity 10496K, committed 10544K, reserved 1048576K
}
Event: 152.945 GC heap before
{Heap before GC invocations=19 (full 4):
 PSYoungGen      total 259584K, used 16750K [0x00000000d5580000, 0x00000000ea200000, 0x0000000100000000)
  eden space 236032K, 0% used [0x00000000d5580000,0x00000000d5580000,0x00000000e3c00000)
  from space 23552K, 71% used [0x00000000e3c00000,0x00000000e4c5bad8,0x00000000e5300000)
  to   space 25088K, 0% used [0x00000000e8980000,0x00000000e8980000,0x00000000ea200000)
 ParOldGen       total 71680K, used 60310K [0x0000000080000000, 0x0000000084600000, 0x00000000d5580000)
  object space 71680K, 84% used [0x0000000080000000,0x0000000083ae5a58,0x0000000084600000)
 Metaspace       used 73971K, capacity 76762K, committed 77096K, reserved 1116160K
  class space    used 9929K, capacity 10496K, committed 10544K, reserved 1048576K
Event: 153.794 GC heap after
Heap after GC invocations=19 (full 4):
 PSYoungGen      total 259584K, used 0K [0x00000000d5580000, 0x00000000ea200000, 0x0000000100000000)
  eden space 236032K, 0% used [0x00000000d5580000,0x00000000d5580000,0x00000000e3c00000)
  from space 23552K, 0% used [0x00000000e3c00000,0x00000000e3c00000,0x00000000e5300000)
  to   space 25088K, 0% used [0x00000000e8980000,0x00000000e8980000,0x00000000ea200000)
 ParOldGen       total 109056K, used 54361K [0x0000000080000000, 0x0000000086a80000, 0x00000000d5580000)
  object space 109056K, 49% used [0x0000000080000000,0x00000000835165b8,0x0000000086a80000)
 Metaspace       used 73970K, capacity 76756K, committed 77096K, reserved 1116160K
  class space    used 9929K, capacity 10495K, committed 10544K, reserved 1048576K
}
Event: 1874.674 GC heap before
{Heap before GC invocations=20 (full 4):
 PSYoungGen      total 259584K, used 236032K [0x00000000d5580000, 0x00000000ea200000, 0x0000000100000000)
  eden space 236032K, 100% used [0x00000000d5580000,0x00000000e3c00000,0x00000000e3c00000)
  from space 23552K, 0% used [0x00000000e3c00000,0x00000000e3c00000,0x00000000e5300000)
  to   space 25088K, 0% used [0x00000000e8980000,0x00000000e8980000,0x00000000ea200000)
 ParOldGen       total 109056K, used 54361K [0x0000000080000000, 0x0000000086a80000, 0x00000000d5580000)
  object space 109056K, 49% used [0x0000000080000000,0x00000000835165b8,0x0000000086a80000)
 Metaspace       used 89568K, capacity 93576K, committed 93992K, reserved 1130496K
  class space    used 11923K, capacity 12731K, committed 12848K, reserved 1048576K
Event: 1874.755 GC heap after
Heap after GC invocations=20 (full 4):
 PSYoungGen      total 307200K, used 15229K [0x00000000d5580000, 0x00000000e9e80000, 0x0000000100000000)
  eden space 285696K, 0% used [0x00000000d5580000,0x00000000d5580000,0x00000000e6c80000)
  from space 21504K, 70% used [0x00000000e8980000,0x00000000e985f5f0,0x00000000e9e80000)
  to   space 25600K, 0% used [0x00000000e6c80000,0x00000000e6c80000,0x00000000e8580000)
 ParOldGen       total 109056K, used 54369K [0x0000000080000000, 0x0000000086a80000, 0x00000000d5580000)
  object space 109056K, 49% used [0x0000000080000000,0x00000000835185b8,0x0000000086a80000)
 Metaspace       used 89568K, capacity 93576K, committed 93992K, reserved 1130496K
  class space    used 11923K, capacity 12731K, committed 12848K, reserved 1048576K
}
Event: 2492.739 GC heap before
{Heap before GC invocations=21 (full 4):
 PSYoungGen      total 307200K, used 300925K [0x00000000d5580000, 0x00000000e9e80000, 0x0000000100000000)
  eden space 285696K, 100% used [0x00000000d5580000,0x00000000e6c80000,0x00000000e6c80000)
  from space 21504K, 70% used [0x00000000e8980000,0x00000000e985f5f0,0x00000000e9e80000)
  to   space 25600K, 0% used [0x00000000e6c80000,0x00000000e6c80000,0x00000000e8580000)
 ParOldGen       total 109056K, used 54369K [0x0000000080000000, 0x0000000086a80000, 0x00000000d5580000)
  object space 109056K, 49% used [0x0000000080000000,0x00000000835185b8,0x0000000086a80000)
 Metaspace       used 90750K, capacity 94798K, committed 95016K, reserved 1132544K
  class space    used 11941K, capacity 12748K, committed 12848K, reserved 1048576K

Deoptimization events (10 events):
Event: 2487.734 Thread 0x00000000598b1000 Uncommon trap: reason=bimorphic action=maybe_recompile pc=0x000000000447e2cc method=java.util.Collections.indexedBinarySearch(Ljava/util/List;Ljava/lang/Object;)I @ 39
Event: 2491.960 Thread 0x00000000619ef000 Uncommon trap: reason=class_check action=maybe_recompile pc=0x00000000044e3fe0 method=com.sun.tools.javac.code.Types$18.visitClassType(Lcom/sun/tools/javac/code/Type$ClassType;Ljava/lang/Void;)Lcom/sun/tools/javac/code/Type; @ 19
Event: 2491.960 Thread 0x00000000619ef000 Uncommon trap: reason=class_check action=maybe_recompile pc=0x0000000004514f70 method=com.sun.tools.javac.code.Types$19.visitClassType(Lcom/sun/tools/javac/code/Type$ClassType;Ljava/lang/Void;)Lcom/sun/tools/javac/util/List; @ 46
Event: 2492.070 Thread 0x00000000598b2800 Uncommon trap: reason=class_check action=maybe_recompile pc=0x0000000004a91d84 method=com.android.tools.r8.B.a.a.f.a(Lcom/android/tools/r8/B/a/a/h;[Lcom/android/tools/r8/B/a/a/d;I)V @ 686
Event: 2492.070 Thread 0x00000000598b2800 Uncommon trap: reason=unstable_if action=reinterpret pc=0x0000000004668d4c method=com.android.tools.r8.B.a.a.f.e(I[C)Ljava/lang/String; @ 11
Event: 2492.070 Thread 0x00000000598b2800 Uncommon trap: reason=unstable_if action=reinterpret pc=0x000000000466f9f4 method=com.android.tools.r8.graph.u0$c.a()V @ 88
Event: 2492.071 Thread 0x00000000598b2800 Uncommon trap: reason=class_check action=maybe_recompile pc=0x0000000004a91d84 method=com.android.tools.r8.B.a.a.f.a(Lcom/android/tools/r8/B/a/a/h;[Lcom/android/tools/r8/B/a/a/d;I)V @ 686
Event: 2492.073 Thread 0x00000000598b2800 Uncommon trap: reason=unloaded action=reinterpret pc=0x0000000004693610 method=com.android.tools.r8.graph.B0.a(I)V @ 840
Event: 2492.140 Thread 0x00000000598b1000 Uncommon trap: reason=bimorphic action=maybe_recompile pc=0x000000000447e2cc method=java.util.Collections.indexedBinarySearch(Ljava/util/List;Ljava/lang/Object;)I @ 39
Event: 2492.140 Thread 0x00000000598b1000 Uncommon trap: reason=bimorphic action=maybe_recompile pc=0x000000000447e2cc method=java.util.Collections.indexedBinarySearch(Ljava/util/List;Ljava/lang/Object;)I @ 39

Classes redefined (0 events):
No events

Internal exceptions (10 events):
Event: 2487.974 Thread 0x00000000619ef000 Exception <a 'sun/nio/fs/WindowsException'> (0x00000000e20a4cc0) thrown at [C:\src\AOSP-openjdk-git\hotspot\src\share\vm\prims\jni.cpp, line 710]
Event: 2487.974 Thread 0x00000000619ef000 Exception <a 'sun/nio/fs/WindowsException'> (0x00000000e20a5940) thrown at [C:\src\AOSP-openjdk-git\hotspot\src\share\vm\prims\jni.cpp, line 710]
Event: 2487.974 Thread 0x00000000619ef000 Exception <a 'sun/nio/fs/WindowsException'> (0x00000000e20a6630) thrown at [C:\src\AOSP-openjdk-git\hotspot\src\share\vm\prims\jni.cpp, line 710]
Event: 2487.978 Thread 0x00000000619ef000 Exception <a 'sun/nio/fs/WindowsException'> (0x00000000e20ad270) thrown at [C:\src\AOSP-openjdk-git\hotspot\src\share\vm\prims\jni.cpp, line 710]
Event: 2487.978 Thread 0x00000000619ef000 Exception <a 'sun/nio/fs/WindowsException'> (0x00000000e20adf30) thrown at [C:\src\AOSP-openjdk-git\hotspot\src\share\vm\prims\jni.cpp, line 710]
Event: 2487.978 Thread 0x00000000619ef000 Exception <a 'sun/nio/fs/WindowsException'> (0x00000000e20aec60) thrown at [C:\src\AOSP-openjdk-git\hotspot\src\share\vm\prims\jni.cpp, line 710]
Event: 2487.979 Thread 0x00000000619ef000 Exception <a 'sun/nio/fs/WindowsException'> (0x00000000e20b0a88) thrown at [C:\src\AOSP-openjdk-git\hotspot\src\share\vm\prims\jni.cpp, line 710]
Event: 2487.979 Thread 0x00000000619ef000 Exception <a 'sun/nio/fs/WindowsException'> (0x00000000e20b1758) thrown at [C:\src\AOSP-openjdk-git\hotspot\src\share\vm\prims\jni.cpp, line 710]
Event: 2487.979 Thread 0x00000000619ef000 Exception <a 'sun/nio/fs/WindowsException'> (0x00000000e20b2498) thrown at [C:\src\AOSP-openjdk-git\hotspot\src\share\vm\prims\jni.cpp, line 710]
Event: 2492.065 Thread 0x00000000598b2800 Exception <a 'sun/nio/fs/WindowsException'> (0x00000000dcea5168) thrown at [C:\src\AOSP-openjdk-git\hotspot\src\share\vm\prims\jni.cpp, line 710]

Events (10 events):
Event: 2492.073 loading class com/android/tools/r8/r/n/a
Event: 2492.073 loading class com/android/tools/r8/r/n/a done
Event: 2492.075 Thread 0x0000000061b30800 Thread added: 0x0000000061b30800
Event: 2492.140 Thread 0x00000000598b1000 Uncommon trap: trap_request=0xffffffc6 fr.pc=0x000000000447e2cc
Event: 2492.140 Thread 0x00000000598b1000 DEOPT PACKING pc=0x000000000447e2cc sp=0x00000000632fe970
Event: 2492.140 Thread 0x00000000598b1000 DEOPT UNPACKING pc=0x000000000292557b sp=0x00000000632fe908 mode 2
Event: 2492.140 Thread 0x00000000598b1000 Uncommon trap: trap_request=0xffffffc6 fr.pc=0x000000000447e2cc
Event: 2492.140 Thread 0x00000000598b1000 DEOPT PACKING pc=0x000000000447e2cc sp=0x00000000632fe9a0
Event: 2492.140 Thread 0x00000000598b1000 DEOPT UNPACKING pc=0x000000000292557b sp=0x00000000632fe938 mode 2
Event: 2492.739 Executing VM operation: ParallelGCFailedAllocation


Dynamic libraries:
0x000000013fa80000 - 0x000000013fab1000 	X:\Program Files\Android\Android Studio\jre\bin\java.exe
0x0000000077520000 - 0x00000000776bf000 	X:\Windows\SYSTEM32\ntdll.dll
0x0000000077300000 - 0x000000007741f000 	X:\Windows\system32\kernel32.dll
0x000007fefd3d0000 - 0x000007fefd43a000 	X:\Windows\system32\KERNELBASE.dll
0x000007fefe090000 - 0x000007fefe16b000 	X:\Windows\system32\ADVAPI32.dll
0x000007fefe550000 - 0x000007fefe5ef000 	X:\Windows\system32\msvcrt.dll
0x000007fefe060000 - 0x000007fefe07f000 	X:\Windows\SYSTEM32\sechost.dll
0x000007fefd940000 - 0x000007fefda6c000 	X:\Windows\system32\RPCRT4.dll
0x0000000077420000 - 0x000000007751a000 	X:\Windows\system32\USER32.dll
0x000007feff7a0000 - 0x000007feff807000 	X:\Windows\system32\GDI32.dll
0x000007fefe080000 - 0x000007fefe08e000 	X:\Windows\system32\LPK.dll
0x000007fefda70000 - 0x000007fefdb39000 	X:\Windows\system32\USP10.dll
0x000007fefbce0000 - 0x000007fefbed4000 	X:\Windows\WinSxS\amd64_microsoft.windows.common-controls_6595b64144ccf1df_6.0.7601.17514_none_fa396087175ac9ac\COMCTL32.dll
0x000007fefd880000 - 0x000007fefd8f1000 	X:\Windows\system32\SHLWAPI.dll
0x000007fefd910000 - 0x000007fefd93e000 	X:\Windows\system32\IMM32.DLL
0x000007fefe440000 - 0x000007fefe549000 	X:\Windows\system32\MSCTF.dll
0x0000000074b70000 - 0x0000000074c42000 	X:\Program Files\Android\Android Studio\jre\jre\bin\msvcr100.dll
0x000000006c990000 - 0x000000006d1db000 	X:\Program Files\Android\Android Studio\jre\jre\bin\server\jvm.dll
0x000007fef74c0000 - 0x000007fef74c9000 	X:\Windows\system32\WSOCK32.dll
0x000007feff6f0000 - 0x000007feff73d000 	X:\Windows\system32\WS2_32.dll
0x000007fefd900000 - 0x000007fefd908000 	X:\Windows\system32\NSI.dll
0x000007fef7380000 - 0x000007fef73bb000 	X:\Windows\system32\WINMM.dll
0x000007fefc3a0000 - 0x000007fefc3ac000 	X:\Windows\system32\VERSION.dll
0x00000000776d0000 - 0x00000000776d7000 	X:\Windows\system32\PSAPI.DLL
0x000007fef85d0000 - 0x000007fef85df000 	X:\Program Files\Android\Android Studio\jre\jre\bin\verify.dll
0x000007fef4370000 - 0x000007fef4399000 	X:\Program Files\Android\Android Studio\jre\jre\bin\java.dll
0x000007fef4350000 - 0x000007fef4366000 	X:\Program Files\Android\Android Studio\jre\jre\bin\zip.dll
0x000007fefe5f0000 - 0x000007feff37a000 	X:\Windows\system32\SHELL32.dll
0x000007fefd670000 - 0x000007fefd873000 	X:\Windows\system32\ole32.dll
0x000007fefd2c0000 - 0x000007fefd2cf000 	X:\Windows\system32\profapi.dll
0x000007fefbef0000 - 0x000007fefbf0a000 	X:\Program Files\Android\Android Studio\jre\jre\bin\net.dll
0x000007fefca00000 - 0x000007fefca55000 	X:\Windows\system32\mswsock.dll
0x000007fefc9f0000 - 0x000007fefc9f7000 	X:\Windows\System32\wship6.dll
0x000007fef42c0000 - 0x000007fef42d3000 	X:\Program Files\Android\Android Studio\jre\jre\bin\nio.dll
0x000007fef4170000 - 0x000007fef4196000 	X:\Users\Sohan\.gradle\native\31\windows-amd64\native-platform.dll
0x000007fef83d0000 - 0x000007fef83d3000 	X:\Windows\system32\api-ms-win-core-synch-l1-2-0.DLL
0x000007fef8540000 - 0x000007fef854d000 	X:\Program Files\Android\Android Studio\jre\jre\bin\management.dll
0x000007fefca60000 - 0x000007fefca78000 	X:\Windows\system32\CRYPTSP.dll
0x000007fefc760000 - 0x000007fefc7a7000 	X:\Windows\system32\rsaenh.dll
0x000007fefd650000 - 0x000007fefd66e000 	X:\Windows\system32\USERENV.dll
0x000007fefd110000 - 0x000007fefd11f000 	X:\Windows\system32\CRYPTBASE.dll
0x000007fefaf80000 - 0x000007fefafa7000 	X:\Windows\system32\IPHLPAPI.DLL
0x000007fefaf60000 - 0x000007fefaf6b000 	X:\Windows\system32\WINNSI.DLL
0x000007fefabc0000 - 0x000007fefabd8000 	X:\Windows\system32\dhcpcsvc.DLL
0x000007fefaa90000 - 0x000007fefaaa1000 	X:\Windows\system32\dhcpcsvc6.DLL
0x000007fefd0b0000 - 0x000007fefd107000 	X:\Windows\system32\apphelp.dll
0x000007fefa190000 - 0x000007fefa2b5000 	X:\Windows\system32\dbghelp.dll

VM Arguments:
jvm_args: -Xmx2048m -Dfile.encoding=windows-1252 -Duser.country=US -Duser.language=en -Duser.variant 
java_command: org.gradle.launcher.daemon.bootstrap.GradleDaemon 6.1.1
java_class_path (initial): X:\Users\Sohan\.gradle\wrapper\dists\gradle-6.1.1-all\cfmwm155h49vnt3hynmlrsdst\gradle-6.1.1\lib\gradle-launcher-6.1.1.jar
Launcher Type: SUN_STANDARD

Environment Variables:
JAVA_HOME=X:\Program Files\Java\jdk1.8.0_301
PATH=X:\Program Files\Common Files\Oracle\Java\javapath;X:\Windows\system32;X:\Windows;X:\Windows\System32\Wbem;X:\Windows\System32\WindowsPowerShell\v1.0\;X:\Program Files (x86)\GtkSharp\2.12\bin;C:\Git\cmd
USERNAME=Sohan
OS=Windows_NT
PROCESSOR_IDENTIFIER=Intel64 Family 15 Model 6 Stepping 5, GenuineIntel



---------------  S Y S T E M  ---------------

OS: Windows 7 , 64 bit Build 7601 (6.1.7601.24384)

CPU:total 2 (initial active 2) (2 cores per cpu, 1 threads per core) family 15 model 6 stepping 5, cmov, cx8, fxsr, mmx, sse, sse2, sse3, tsc

Memory: 4k page, physical 3135600k(224008k free), swap 6269296k(2963024k free)

vm_info: OpenJDK 64-Bit Server VM (25.242-b01) for windows-amd64 JRE (1.8.0_242-release-1644-b01), built by "builder" with MS VC++ 10.0 (VS2010)

time: Sun Jan 01 01:02:08 2006
timezone: India Standard Time
elapsed time: 2493 seconds (0d 0h 41m 33s)

