#
# A fatal error has been detected by the Java Runtime Environment:
#
#  EXCEPTION_ACCESS_VIOLATION (0xc0000005) at pc=0x000000006ef6b822, pid=3992, tid=0x0000000000000fd8
#
# JRE version: OpenJDK Runtime Environment (8.0_242-b01) (build 1.8.0_242-release-1644-b01)
# Java VM: OpenJDK 64-Bit Server VM (25.242-b01 mixed mode windows-amd64 compressed oops)
# Problematic frame:
# V  [jvm.dll+0x8b822]
#
# Failed to write core dump. Minidumps are not enabled by default on client versions of Windows
#
# If you would like to submit a bug report, please visit:
#   
#

---------------  T H R E A D  ---------------

Current thread (0x00000000021b6000):  GCTaskThread [stack: 0x0000000012600000,0x0000000012700000] [id=4056]

siginfo: ExceptionCode=0xc0000005, reading address 0x00000000000000e8

Registers:
RAX=0x0000000000000000, RBX=0x00000000ec02f1e8, RCX=0x0000000016b04150, RDX=0x00000000ec02f1e8
RSP=0x00000000126ff368, RBP=0x0000000011c52302, RSI=0x0000000057429080, RDI=0x000000008045a010
R8 =0x0000000000000000, R9 =0x0000000016b04150, R10=0x0000000000000008, R11=0x00000000ea5dc020
R12=0x0000000011c522c4, R13=0x000000005a411525, R14=0x0000000000000000, R15=0x00000000021b18e0
RIP=0x000000006ef6b822, EFLAGS=0x0000000000010246

Top of Stack: (sp=0x00000000126ff368)
0x00000000126ff368:   000000006f2b27b2 00000000ec02f1d0
0x00000000126ff378:   0000000000000002 0000000057429080
0x00000000126ff388:   00000000ec686ac4 00000000ea5d4030
0x00000000126ff398:   0000000000001000 0000000057429080
0x00000000126ff3a8:   000000006f2b28af 0000000000000000
0x00000000126ff3b8:   0000000057429000 0000000011c522c4
0x00000000126ff3c8:   000000006f2b2b20 00000000ea5d4f48
0x00000000126ff3d8:   0000000011c52302 0000000057429080
0x00000000126ff3e8:   000000008045a010 00000000ea5d4f48
0x00000000126ff3f8:   000000006f2b36c5 00000000ec3842e8
0x00000000126ff408:   0000000011c52302 0000000057429080
0x00000000126ff418:   0000000000000003 0000000057429080
0x00000000126ff428:   0000000057429080 00000000803307ec
0x00000000126ff438:   000000006efcfcc7 0000000057429080
0x00000000126ff448:   000000006efce3a3 000000008043a4d5
0x00000000126ff458:   000000008043a4d5 0000000080459cf0 

Instructions: (pc=0x000000006ef6b822)
0x000000006ef6b802:   e2 49 8d 0c 11 49 f7 d1 48 03 c1 49 c1 e9 03 48
0x000000006ef6b812:   c1 e8 03 41 23 c1 c3 48 8b 02 48 8b d1 49 8b c9
0x000000006ef6b822:   48 ff a0 e8 00 00 00 cc cc cc cc cc cc cc 80 3d
0x000000006ef6b832:   1a 97 73 00 00 48 8b c1 74 1b 8b 51 08 8b 0d 73 


Register to memory mapping:

RAX=0x0000000000000000 is an unknown value
RBX=0x00000000ec02f1e8 is an oop

[error occurred during error reporting (printing register info), id 0xc0000005]

Stack: [0x0000000012600000,0x0000000012700000],  sp=0x00000000126ff368,  free space=1020k
Native frames: (J=compiled Java code, j=interpreted, Vv=VM code, C=native code)
V  [jvm.dll+0x8b822]


---------------  P R O C E S S  ---------------

Java Threads: ( => current thread )
  0x000000005c382800 JavaThread "WorkerExecutor Queue Thread 3" [_thread_blocked, id=3580, stack(0x0000000065870000,0x0000000065970000)]
  0x000000005c7db800 JavaThread "stdout" [_thread_in_native, id=2180, stack(0x0000000063e20000,0x0000000063f20000)]
  0x000000005c7dc000 JavaThread "stderr" [_thread_in_native, id=1688, stack(0x00000000654d0000,0x00000000655d0000)]
  0x000000005c7d9000 JavaThread "pool-23-thread-1" [_thread_blocked, id=192, stack(0x00000000636f0000,0x00000000637f0000)]
  0x000000005c7df000 JavaThread "WorkerExecutor Queue" [_thread_blocked, id=912, stack(0x000000005fac0000,0x000000005fbc0000)]
  0x000000005d9d8800 JavaThread "Cache worker for execution history cache (X:\Users\Sohan\AndroidStudioProjects\Xment\.gradle\6.1.1\executionHistory)" [_thread_blocked, id=1872, stack(0x0000000063be0000,0x0000000063ce0000)]
  0x000000005d9d7000 JavaThread "Execution worker for ':'" [_thread_blocked, id=3868, stack(0x00000000637f0000,0x00000000638f0000)]
  0x000000005d9d6000 JavaThread "Cache worker for file content cache (X:\Users\Sohan\AndroidStudioProjects\Xment\.gradle\6.1.1\fileContent)" [_thread_blocked, id=1248, stack(0x0000000063350000,0x0000000063450000)]
  0x000000005d9d9000 JavaThread "Cache worker for Build Output Cleanup Cache (X:\Users\Sohan\AndroidStudioProjects\Xment\.gradle\buildOutputCleanup)" [_thread_blocked, id=3828, stack(0x0000000062ca0000,0x0000000062da0000)]
  0x000000005d9d5800 JavaThread "pool-22-thread-1" [_thread_blocked, id=2064, stack(0x0000000062dc0000,0x0000000062ec0000)]
  0x000000005d9da800 JavaThread "Build operations Thread 2" [_thread_blocked, id=3420, stack(0x000000005ec60000,0x000000005ed60000)]
  0x000000005d9d4800 JavaThread "Build operations" [_thread_blocked, id=3160, stack(0x0000000062b60000,0x0000000062c60000)]
  0x000000005a4ba000 JavaThread "Cache worker for cache directory md-rule (X:\Users\Sohan\.gradle\caches\6.1.1\md-rule)" [_thread_blocked, id=1508, stack(0x0000000061060000,0x0000000061160000)]
  0x000000005a4b7800 JavaThread "Cache worker for cache directory md-supplier (X:\Users\Sohan\.gradle\caches\6.1.1\md-supplier)" [_thread_blocked, id=3376, stack(0x00000000629e0000,0x0000000062ae0000)]
  0x000000005a4b4800 JavaThread "Cache worker for file hash cache (X:\Users\Sohan\AndroidStudioProjects\Xment\.gradle\6.1.1\fileHashes)" [_thread_blocked, id=3636, stack(0x0000000062190000,0x0000000062290000)]
  0x000000005a4b9000 JavaThread "Cache worker for checksums cache (X:\Users\Sohan\AndroidStudioProjects\Xment\.gradle\checksums)" [_thread_blocked, id=3096, stack(0x000000005eb60000,0x000000005ec60000)]
  0x000000005a4ba800 JavaThread "Thread-149" [_thread_blocked, id=3180, stack(0x000000005b980000,0x000000005ba80000)]
  0x000000005a4b8800 JavaThread "Stdin handler" [_thread_blocked, id=1472, stack(0x000000005bb50000,0x000000005bc50000)]
  0x000000005a4b6000 JavaThread "Asynchronous log dispatcher for DefaultDaemonConnection: socket connection from /127.0.0.1:50896 to /127.0.0.1:51134" [_thread_blocked, id=3800, stack(0x00000000581b0000,0x00000000582b0000)]
  0x000000005a4b4000 JavaThread "Daemon worker Thread 2" [_thread_blocked, id=2988, stack(0x000000005b590000,0x000000005b690000)]
  0x000000005a562000 JavaThread "Cancel handler" [_thread_blocked, id=2096, stack(0x00000000597d0000,0x00000000598d0000)]
  0x000000005a564000 JavaThread "Handler for socket connection from /127.0.0.1:50896 to /127.0.0.1:51134" [_thread_in_native, id=3192, stack(0x000000005b210000,0x000000005b310000)]
  0x000000005a563800 JavaThread "Daemon Thread 2" [_thread_blocked, id=3280, stack(0x000000005b0b0000,0x000000005b1b0000)]
  0x000000005c7de800 JavaThread "Cache worker for file content cache (X:\Users\Sohan\.gradle\caches\6.1.1\fileContent)" [_thread_blocked, id=1172, stack(0x0000000061410000,0x0000000061510000)]
  0x000000005c7dd800 JavaThread "Memory manager" [_thread_blocked, id=2768, stack(0x0000000062040000,0x0000000062140000)]
  0x000000005a565000 JavaThread "Cache worker for execution history cache (X:\Users\Sohan\.gradle\caches\6.1.1\executionHistory)" [_thread_blocked, id=3660, stack(0x000000005edb0000,0x000000005eeb0000)]
  0x000000005a561000 JavaThread "Cache worker for file hash cache (X:\Users\Sohan\.gradle\caches\6.1.1\fileHashes)" [_thread_blocked, id=2492, stack(0x000000005c1b0000,0x000000005c2b0000)]
  0x000000005a560800 JavaThread "File lock request listener" [_thread_in_native, id=3116, stack(0x000000005c090000,0x000000005c190000)]
  0x000000005a6cb800 JavaThread "Cache worker for journal cache (X:\Users\Sohan\.gradle\caches\journal-1)" [_thread_blocked, id=3904, stack(0x000000005bf50000,0x000000005c050000)]
  0x000000005a37e000 JavaThread "Daemon periodic checks" [_thread_blocked, id=3948, stack(0x000000005af70000,0x000000005b070000)]
  0x000000005a365000 JavaThread "Incoming local TCP Connector on port 50896" [_thread_in_native, id=3796, stack(0x000000005ada0000,0x000000005aea0000)]
  0x000000005a2af000 JavaThread "Daemon health stats" [_thread_blocked, id=3600, stack(0x0000000057da0000,0x0000000057ea0000)]
  0x00000000574f7000 JavaThread "Service Thread" daemon [_thread_blocked, id=3688, stack(0x0000000058ad0000,0x0000000058bd0000)]
  0x00000000574f3800 JavaThread "C1 CompilerThread1" daemon [_thread_blocked, id=2516, stack(0x0000000058990000,0x0000000058a90000)]
  0x00000000574a2000 JavaThread "C2 CompilerThread0" daemon [_thread_blocked, id=2460, stack(0x00000000587a0000,0x00000000588a0000)]
  0x00000000574a0000 JavaThread "Attach Listener" daemon [_thread_blocked, id=4008, stack(0x00000000585d0000,0x00000000586d0000)]
  0x000000005749e800 JavaThread "Signal Dispatcher" daemon [_thread_blocked, id=3328, stack(0x0000000058480000,0x0000000058580000)]
  0x000000005747d800 JavaThread "Finalizer" daemon [_thread_blocked, id=3276, stack(0x00000000582d0000,0x00000000583d0000)]
  0x0000000057474800 JavaThread "Reference Handler" daemon [_thread_blocked, id=3876, stack(0x00000000580b0000,0x00000000581b0000)]
  0x000000000235e800 JavaThread "main" [_thread_blocked, id=2928, stack(0x0000000002430000,0x0000000002530000)]

Other Threads:
  0x000000005742c800 VMThread [stack: 0x0000000057ea0000,0x0000000057fa0000] [id=2448]
  0x00000000574f9000 WatcherThread [stack: 0x0000000057fb0000,0x00000000580b0000] [id=700]

=>0x00000000021b6000 (exited) GCTaskThread [stack: 0x0000000012600000,0x0000000012700000] [id=4056]

VM state:at safepoint (normal execution)

VM Mutex/Monitor currently owned by a thread:  ([mutex/lock_event])
[0x000000000235c980] Threads_lock - owner thread: 0x000000005742c800
[0x000000000235ce80] Heap_lock - owner thread: 0x000000005d9d7000

heap address: 0x0000000080000000, size: 2048 MB, Compressed Oops mode: 32-bit
Narrow klass base: 0x0000000000000000, Narrow klass shift: 0
Compressed class space size: 1073741824 Address: 0x0000000016b00000

Heap:
 PSYoungGen      total 354816K, used 347552K [0x00000000d5580000, 0x00000000ece00000, 0x0000000100000000)
  eden space 338432K, 100% used [0x00000000d5580000,0x00000000ea000000,0x00000000ea000000)
  from space 16384K, 55% used [0x00000000ebe00000,0x00000000ec6e8050,0x00000000ece00000)
  to   space 23552K, 51% used [0x00000000ea000000,0x00000000eabe8070,0x00000000eb700000)
 ParOldGen       total 67584K, used 49317K [0x0000000080000000, 0x0000000084200000, 0x00000000d5580000)
  object space 67584K, 72% used [0x0000000080000000,0x0000000083029598,0x0000000084200000)
 Metaspace       used 77434K, capacity 81976K, committed 82224K, reserved 1120256K
  class space    used 10163K, capacity 10989K, committed 11056K, reserved 1048576K

Card table byte_map: [0x0000000011c50000,0x0000000012060000] byte_map_base: 0x0000000011850000

Marking Bits: (ParMarkBitMap*) 0x000000006f6af030
 Begin Bits: [0x0000000012700000, 0x0000000014700000)
 End Bits:   [0x0000000014700000, 0x0000000016700000)

Polling page: 0x0000000000430000

CodeCache: size=245760Kb used=36988Kb max_used=37117Kb free=208771Kb
 bounds [0x0000000002890000, 0x0000000004d10000, 0x0000000011890000]
 total_blobs=12502 nmethods=11674 adapters=740
 compilation: enabled

Compilation events (10 events):
Event: 599.007 Thread 0x00000000574f3800 nmethod 14492 0x00000000046d3990 code [0x00000000046d3ae0, 0x00000000046d3bf0]
Event: 599.010 Thread 0x00000000574f3800 14493       2       org.objectweb.asm.MethodWriter::visitInsn (115 bytes)
Event: 599.011 Thread 0x00000000574f3800 nmethod 14493 0x0000000003a01c50 code [0x0000000003a01de0, 0x0000000003a02088]
Event: 599.014 Thread 0x00000000574f3800 14494       1       com.google.common.collect.ComparisonChain$1::result (2 bytes)
Event: 599.014 Thread 0x00000000574f3800 nmethod 14494 0x00000000046d36d0 code [0x00000000046d3820, 0x00000000046d3930]
Event: 599.017 Thread 0x00000000574f3800 14495       2       org.objectweb.asm.ClassReader::readShort (27 bytes)
Event: 599.018 Thread 0x00000000574f3800 nmethod 14495 0x0000000003a01850 code [0x0000000003a019a0, 0x0000000003a01b50]
Event: 599.028 Thread 0x00000000574f3800 14496       2       java.util.zip.ZipUtils::get32 (23 bytes)
Event: 599.029 Thread 0x00000000574f3800 nmethod 14496 0x0000000003a01390 code [0x0000000003a014e0, 0x0000000003a016d0]
Event: 599.029 Thread 0x00000000574f3800 14497       2       org.objectweb.asm.ClassReader::readCode (5089 bytes)

GC Heap History (10 events):
Event: 40.561 GC heap after
Heap after GC invocations=17 (full 3):
 PSYoungGen      total 275968K, used 17382K [0x00000000d5580000, 0x00000000e7d00000, 0x0000000100000000)
  eden space 258560K, 0% used [0x00000000d5580000,0x00000000d5580000,0x00000000e5200000)
  from space 17408K, 99% used [0x00000000e6c00000,0x00000000e7cf9ae8,0x00000000e7d00000)
  to   space 20992K, 0% used [0x00000000e5400000,0x00000000e5400000,0x00000000e6880000)
 ParOldGen       total 67584K, used 36514K [0x0000000080000000, 0x0000000084200000, 0x00000000d5580000)
  object space 67584K, 54% used [0x0000000080000000,0x00000000823a8958,0x0000000084200000)
 Metaspace       used 64395K, capacity 66984K, committed 67248K, reserved 1107968K
  class space    used 8796K, capacity 9367K, committed 9392K, reserved 1048576K
}
Event: 88.268 GC heap before
{Heap before GC invocations=18 (full 3):
 PSYoungGen      total 275968K, used 275942K [0x00000000d5580000, 0x00000000e7d00000, 0x0000000100000000)
  eden space 258560K, 100% used [0x00000000d5580000,0x00000000e5200000,0x00000000e5200000)
  from space 17408K, 99% used [0x00000000e6c00000,0x00000000e7cf9ae8,0x00000000e7d00000)
  to   space 20992K, 0% used [0x00000000e5400000,0x00000000e5400000,0x00000000e6880000)
 ParOldGen       total 67584K, used 36514K [0x0000000080000000, 0x0000000084200000, 0x00000000d5580000)
  object space 67584K, 54% used [0x0000000080000000,0x00000000823a8958,0x0000000084200000)
 Metaspace       used 73722K, capacity 76776K, committed 77104K, reserved 1116160K
  class space    used 9827K, capacity 10487K, committed 10544K, reserved 1048576K
Event: 88.525 GC heap after
Heap after GC invocations=18 (full 3):
 PSYoungGen      total 281600K, used 19208K [0x00000000d5580000, 0x00000000eba00000, 0x0000000100000000)
  eden space 260608K, 0% used [0x00000000d5580000,0x00000000d5580000,0x00000000e5400000)
  from space 20992K, 91% used [0x00000000e5400000,0x00000000e66c2288,0x00000000e6880000)
  to   space 23552K, 0% used [0x00000000ea300000,0x00000000ea300000,0x00000000eba00000)
 ParOldGen       total 67584K, used 49285K [0x0000000080000000, 0x0000000084200000, 0x00000000d5580000)
  object space 67584K, 72% used [0x0000000080000000,0x0000000083021598,0x0000000084200000)
 Metaspace       used 73722K, capacity 76776K, committed 77104K, reserved 1116160K
  class space    used 9827K, capacity 10487K, committed 10544K, reserved 1048576K
}
Event: 135.505 GC heap before
{Heap before GC invocations=19 (full 3):
 PSYoungGen      total 281600K, used 279816K [0x00000000d5580000, 0x00000000eba00000, 0x0000000100000000)
  eden space 260608K, 100% used [0x00000000d5580000,0x00000000e5400000,0x00000000e5400000)
  from space 20992K, 91% used [0x00000000e5400000,0x00000000e66c2288,0x00000000e6880000)
  to   space 23552K, 0% used [0x00000000ea300000,0x00000000ea300000,0x00000000eba00000)
 ParOldGen       total 67584K, used 49285K [0x0000000080000000, 0x0000000084200000, 0x00000000d5580000)
  object space 67584K, 72% used [0x0000000080000000,0x0000000083021598,0x0000000084200000)
 Metaspace       used 75343K, capacity 78716K, committed 78768K, reserved 1118208K
  class space    used 9967K, capacity 10629K, committed 10672K, reserved 1048576K
Event: 135.574 GC heap after
Heap after GC invocations=19 (full 3):
 PSYoungGen      total 327168K, used 13258K [0x00000000d5580000, 0x00000000eb300000, 0x0000000100000000)
  eden space 310784K, 0% used [0x00000000d5580000,0x00000000d5580000,0x00000000e8500000)
  from space 16384K, 80% used [0x00000000ea300000,0x00000000eaff29f0,0x00000000eb300000)
  to   space 23552K, 0% used [0x00000000e8500000,0x00000000e8500000,0x00000000e9c00000)
 ParOldGen       total 67584K, used 49293K [0x0000000080000000, 0x0000000084200000, 0x00000000d5580000)
  object space 67584K, 72% used [0x0000000080000000,0x0000000083023598,0x0000000084200000)
 Metaspace       used 75343K, capacity 78716K, committed 78768K, reserved 1118208K
  class space    used 9967K, capacity 10629K, committed 10672K, reserved 1048576K
}
Event: 208.777 GC heap before
{Heap before GC invocations=20 (full 3):
 PSYoungGen      total 327168K, used 324042K [0x00000000d5580000, 0x00000000eb300000, 0x0000000100000000)
  eden space 310784K, 100% used [0x00000000d5580000,0x00000000e8500000,0x00000000e8500000)
  from space 16384K, 80% used [0x00000000ea300000,0x00000000eaff29f0,0x00000000eb300000)
  to   space 23552K, 0% used [0x00000000e8500000,0x00000000e8500000,0x00000000e9c00000)
 ParOldGen       total 67584K, used 49293K [0x0000000080000000, 0x0000000084200000, 0x00000000d5580000)
  object space 67584K, 72% used [0x0000000080000000,0x0000000083023598,0x0000000084200000)
 Metaspace       used 75979K, capacity 79590K, committed 79920K, reserved 1118208K
  class space    used 10009K, capacity 10706K, committed 10800K, reserved 1048576K
Event: 209.049 GC heap after
Heap after GC invocations=20 (full 3):
 PSYoungGen      total 334336K, used 16128K [0x00000000d5580000, 0x00000000ed600000, 0x0000000100000000)
  eden space 310784K, 0% used [0x00000000d5580000,0x00000000d5580000,0x00000000e8500000)
  from space 23552K, 68% used [0x00000000e8500000,0x00000000e94c0050,0x00000000e9c00000)
  to   space 24576K, 0% used [0x00000000ebe00000,0x00000000ebe00000,0x00000000ed600000)
 ParOldGen       total 67584K, used 49301K [0x0000000080000000, 0x0000000084200000, 0x00000000d5580000)
  object space 67584K, 72% used [0x0000000080000000,0x0000000083025598,0x0000000084200000)
 Metaspace       used 75979K, capacity 79590K, committed 79920K, reserved 1118208K
  class space    used 10009K, capacity 10706K, committed 10800K, reserved 1048576K
}
Event: 286.541 GC heap before
{Heap before GC invocations=21 (full 3):
 PSYoungGen      total 334336K, used 326912K [0x00000000d5580000, 0x00000000ed600000, 0x0000000100000000)
  eden space 310784K, 100% used [0x00000000d5580000,0x00000000e8500000,0x00000000e8500000)
  from space 23552K, 68% used [0x00000000e8500000,0x00000000e94c0050,0x00000000e9c00000)
  to   space 24576K, 0% used [0x00000000ebe00000,0x00000000ebe00000,0x00000000ed600000)
 ParOldGen       total 67584K, used 49301K [0x0000000080000000, 0x0000000084200000, 0x00000000d5580000)
  object space 67584K, 72% used [0x0000000080000000,0x0000000083025598,0x0000000084200000)
 Metaspace       used 76539K, capacity 80324K, committed 80432K, reserved 1118208K
  class space    used 10046K, capacity 10773K, committed 10800K, reserved 1048576K
Event: 286.614 GC heap after
Heap after GC invocations=21 (full 3):
 PSYoungGen      total 354816K, used 9120K [0x00000000d5580000, 0x00000000ece00000, 0x0000000100000000)
  eden space 338432K, 0% used [0x00000000d5580000,0x00000000d5580000,0x00000000ea000000)
  from space 16384K, 55% used [0x00000000ebe00000,0x00000000ec6e8050,0x00000000ece00000)
  to   space 23552K, 0% used [0x00000000ea000000,0x00000000ea000000,0x00000000eb700000)
 ParOldGen       total 67584K, used 49309K [0x0000000080000000, 0x0000000084200000, 0x00000000d5580000)
  object space 67584K, 72% used [0x0000000080000000,0x0000000083027598,0x0000000084200000)
 Metaspace       used 76539K, capacity 80324K, committed 80432K, reserved 1118208K
  class space    used 10046K, capacity 10773K, committed 10800K, reserved 1048576K
}
Event: 599.073 GC heap before
{Heap before GC invocations=22 (full 3):
 PSYoungGen      total 354816K, used 347552K [0x00000000d5580000, 0x00000000ece00000, 0x0000000100000000)
  eden space 338432K, 100% used [0x00000000d5580000,0x00000000ea000000,0x00000000ea000000)
  from space 16384K, 55% used [0x00000000ebe00000,0x00000000ec6e8050,0x00000000ece00000)
  to   space 23552K, 0% used [0x00000000ea000000,0x00000000ea000000,0x00000000eb700000)
 ParOldGen       total 67584K, used 49309K [0x0000000080000000, 0x0000000084200000, 0x00000000d5580000)
  object space 67584K, 72% used [0x0000000080000000,0x0000000083027598,0x0000000084200000)
 Metaspace       used 77434K, capacity 81976K, committed 82224K, reserved 1120256K
  class space    used 10163K, capacity 10989K, committed 11056K, reserved 1048576K

Deoptimization events (10 events):
Event: 592.958 Thread 0x000000005d9d7000 Uncommon trap: reason=class_check action=maybe_recompile pc=0x0000000004c828fc method=org.gradle.internal.component.model.ImmutableModuleSources.getSource(Ljava/lang/Class;)Ljava/util/Optional; @ 32
Event: 592.958 Thread 0x000000005a4b4000 Uncommon trap: reason=class_check action=maybe_recompile pc=0x0000000004c828fc method=org.gradle.internal.component.model.ImmutableModuleSources.getSource(Ljava/lang/Class;)Ljava/util/Optional; @ 32
Event: 593.578 Thread 0x000000005d9d7000 Uncommon trap: reason=unstable_if action=reinterpret pc=0x000000000482d898 method=java.util.concurrent.locks.AbstractQueuedSynchronizer.doAcquireInterruptibly(I)V @ 30
Event: 594.161 Thread 0x000000005d9d7000 Uncommon trap: reason=class_check action=maybe_recompile pc=0x0000000004cb5980 method=com.sun.org.apache.xerces.internal.dom.NamedNodeMapImpl.getNamedItem(Ljava/lang/String;)Lorg/w3c/dom/Node; @ 28
Event: 594.161 Thread 0x000000005d9d7000 Uncommon trap: reason=class_check action=maybe_recompile pc=0x0000000004cb5980 method=com.sun.org.apache.xerces.internal.dom.NamedNodeMapImpl.getNamedItem(Ljava/lang/String;)Lorg/w3c/dom/Node; @ 28
Event: 594.161 Thread 0x000000005d9d7000 Uncommon trap: reason=class_check action=maybe_recompile pc=0x0000000004cb5980 method=com.sun.org.apache.xerces.internal.dom.NamedNodeMapImpl.getNamedItem(Ljava/lang/String;)Lorg/w3c/dom/Node; @ 28
Event: 594.161 Thread 0x000000005d9d7000 Uncommon trap: reason=class_check action=maybe_recompile pc=0x0000000004cb5980 method=com.sun.org.apache.xerces.internal.dom.NamedNodeMapImpl.getNamedItem(Ljava/lang/String;)Lorg/w3c/dom/Node; @ 28
Event: 598.902 Thread 0x000000005d9d7000 Uncommon trap: reason=unstable_if action=reinterpret pc=0x00000000037e0820 method=org.objectweb.asm.MethodWriter.visitLabel(Lorg/objectweb/asm/Label;)V @ 312
Event: 598.902 Thread 0x000000005d9d7000 Uncommon trap: reason=unstable_if action=reinterpret pc=0x0000000003cdd76c method=org.objectweb.asm.MethodWriter.visitInsn(I)V @ 32
Event: 598.902 Thread 0x000000005d9d7000 Uncommon trap: reason=unstable_if action=reinterpret pc=0x00000000037fd900 method=org.objectweb.asm.MethodWriter.visitMethodInsn(ILjava/lang/String;Ljava/lang/String;Ljava/lang/String;Z)V @ 89

Classes redefined (0 events):
No events

Internal exceptions (10 events):
Event: 293.478 Thread 0x000000005a418000 Exception <a 'sun/nio/fs/WindowsException'> (0x00000000daf6fa20) thrown at [C:\src\AOSP-openjdk-git\hotspot\src\share\vm\prims\jni.cpp, line 710]
Event: 293.479 Thread 0x000000005a418000 Exception <a 'sun/nio/fs/WindowsException'> (0x00000000daf712c0) thrown at [C:\src\AOSP-openjdk-git\hotspot\src\share\vm\prims\jni.cpp, line 710]
Event: 293.479 Thread 0x000000005a418000 Exception <a 'sun/nio/fs/WindowsException'> (0x00000000daf73bb0) thrown at [C:\src\AOSP-openjdk-git\hotspot\src\share\vm\prims\jni.cpp, line 710]
Event: 293.479 Thread 0x000000005a418000 Exception <a 'sun/nio/fs/WindowsException'> (0x00000000daf753c0) thrown at [C:\src\AOSP-openjdk-git\hotspot\src\share\vm\prims\jni.cpp, line 710]
Event: 293.480 Thread 0x000000005a418000 Exception <a 'sun/nio/fs/WindowsException'> (0x00000000daf76c70) thrown at [C:\src\AOSP-openjdk-git\hotspot\src\share\vm\prims\jni.cpp, line 710]
Event: 294.412 Thread 0x000000005a418000 Exception <a 'sun/nio/fs/WindowsException'> (0x00000000de804378) thrown at [C:\src\AOSP-openjdk-git\hotspot\src\share\vm\prims\jni.cpp, line 710]
Event: 592.221 Thread 0x000000005a4b4000 Exception <a 'sun/nio/fs/WindowsException'> (0x00000000dfd4ee38) thrown at [C:\src\AOSP-openjdk-git\hotspot\src\share\vm\prims\jni.cpp, line 710]
Event: 598.409 Thread 0x000000005c7df000 Exception <a 'sun/nio/fs/WindowsException'> (0x00000000e80939c0) thrown at [C:\src\AOSP-openjdk-git\hotspot\src\share\vm\prims\jni.cpp, line 710]
Event: 598.409 Thread 0x000000005c7df000 Exception <a 'sun/nio/fs/WindowsException'> (0x00000000e80941f8) thrown at [C:\src\AOSP-openjdk-git\hotspot\src\share\vm\prims\jni.cpp, line 710]
Event: 598.409 Thread 0x000000005c7df000 Exception <a 'sun/nio/fs/WindowsException'> (0x00000000e80946a0) thrown at [C:\src\AOSP-openjdk-git\hotspot\src\share\vm\prims\jni.cpp, line 710]

Events (10 events):
Event: 598.902 Thread 0x000000005d9d7000 Uncommon trap: trap_request=0xffffff65 fr.pc=0x00000000037e0820
Event: 598.902 Thread 0x000000005d9d7000 DEOPT PACKING pc=0x00000000037e0820 sp=0x00000000638ec410
Event: 598.902 Thread 0x000000005d9d7000 DEOPT UNPACKING pc=0x00000000028d557b sp=0x00000000638ec3d0 mode 2
Event: 598.902 Thread 0x000000005d9d7000 Uncommon trap: trap_request=0xffffff65 fr.pc=0x0000000003cdd76c
Event: 598.902 Thread 0x000000005d9d7000 DEOPT PACKING pc=0x0000000003cdd76c sp=0x00000000638ec580
Event: 598.902 Thread 0x000000005d9d7000 DEOPT UNPACKING pc=0x00000000028d557b sp=0x00000000638ec528 mode 2
Event: 598.902 Thread 0x000000005d9d7000 Uncommon trap: trap_request=0xffffff65 fr.pc=0x00000000037fd900
Event: 598.902 Thread 0x000000005d9d7000 DEOPT PACKING pc=0x00000000037fd900 sp=0x00000000638ec540
Event: 598.902 Thread 0x000000005d9d7000 DEOPT UNPACKING pc=0x00000000028d557b sp=0x00000000638ec4f0 mode 2
Event: 599.073 Executing VM operation: ParallelGCFailedAllocation


Dynamic libraries:
0x000000013f3c0000 - 0x000000013f3f1000 	X:\Program Files\Android\Android Studio\jre\bin\java.exe
0x0000000077100000 - 0x000000007729f000 	X:\Windows\SYSTEM32\ntdll.dll
0x0000000076ee0000 - 0x0000000076fff000 	X:\Windows\system32\kernel32.dll
0x000007fefd1e0000 - 0x000007fefd24a000 	X:\Windows\system32\KERNELBASE.dll
0x000007fefd430000 - 0x000007fefd50b000 	X:\Windows\system32\ADVAPI32.dll
0x000007fefee50000 - 0x000007fefeeef000 	X:\Windows\system32\msvcrt.dll
0x000007fefec20000 - 0x000007fefec3f000 	X:\Windows\SYSTEM32\sechost.dll
0x000007fefed20000 - 0x000007fefee4c000 	X:\Windows\system32\RPCRT4.dll
0x0000000077000000 - 0x00000000770fa000 	X:\Windows\system32\USER32.dll
0x000007fefeef0000 - 0x000007fefef57000 	X:\Windows\system32\GDI32.dll
0x000007fefd510000 - 0x000007fefd51e000 	X:\Windows\system32\LPK.dll
0x000007fefd520000 - 0x000007fefd5e9000 	X:\Windows\system32\USP10.dll
0x000007fefb8f0000 - 0x000007fefbae4000 	X:\Windows\WinSxS\amd64_microsoft.windows.common-controls_6595b64144ccf1df_6.0.7601.17514_none_fa396087175ac9ac\COMCTL32.dll
0x000007fefe940000 - 0x000007fefe9b1000 	X:\Windows\system32\SHLWAPI.dll
0x000007fefe9c0000 - 0x000007fefe9ee000 	X:\Windows\system32\IMM32.DLL
0x000007fefea70000 - 0x000007fefeb79000 	X:\Windows\system32\MSCTF.dll
0x000000006b3f0000 - 0x000000006b4c2000 	X:\Program Files\Android\Android Studio\jre\jre\bin\msvcr100.dll
0x000000006eee0000 - 0x000000006f72b000 	X:\Program Files\Android\Android Studio\jre\jre\bin\server\jvm.dll
0x000007fef9170000 - 0x000007fef9179000 	X:\Windows\system32\WSOCK32.dll
0x000007fefd3e0000 - 0x000007fefd42d000 	X:\Windows\system32\WS2_32.dll
0x000007fefe750000 - 0x000007fefe758000 	X:\Windows\system32\NSI.dll
0x000007fef87f0000 - 0x000007fef882b000 	X:\Windows\system32\WINMM.dll
0x000007fefbf80000 - 0x000007fefbf8c000 	X:\Windows\system32\VERSION.dll
0x00000000772b0000 - 0x00000000772b7000 	X:\Windows\system32\PSAPI.DLL
0x000007fefb330000 - 0x000007fefb33f000 	X:\Program Files\Android\Android Studio\jre\jre\bin\verify.dll
0x000007fef1860000 - 0x000007fef1889000 	X:\Program Files\Android\Android Studio\jre\jre\bin\java.dll
0x000007fef1cb0000 - 0x000007fef1cc6000 	X:\Program Files\Android\Android Studio\jre\jre\bin\zip.dll
0x000007fefd960000 - 0x000007fefe6ea000 	X:\Windows\system32\SHELL32.dll
0x000007feff1e0000 - 0x000007feff3e3000 	X:\Windows\system32\ole32.dll
0x000007fefce90000 - 0x000007fefce9f000 	X:\Windows\system32\profapi.dll
0x000007fef0820000 - 0x000007fef083a000 	X:\Program Files\Android\Android Studio\jre\jre\bin\net.dll
0x000007fefc5e0000 - 0x000007fefc635000 	X:\Windows\system32\mswsock.dll
0x000007fefc5d0000 - 0x000007fefc5d7000 	X:\Windows\System32\wship6.dll
0x000007fef0800000 - 0x000007fef0813000 	X:\Program Files\Android\Android Studio\jre\jre\bin\nio.dll
0x000007fef3e10000 - 0x000007fef3e36000 	X:\Users\Sohan\.gradle\native\31\windows-amd64\native-platform.dll
0x000007fef5ef0000 - 0x000007fef5ef3000 	X:\Windows\system32\api-ms-win-core-synch-l1-2-0.DLL
0x000007fef5560000 - 0x000007fef556d000 	X:\Program Files\Android\Android Studio\jre\jre\bin\management.dll
0x000007fefc640000 - 0x000007fefc658000 	X:\Windows\system32\CRYPTSP.dll
0x000007fefc340000 - 0x000007fefc387000 	X:\Windows\system32\rsaenh.dll
0x000007fefd090000 - 0x000007fefd0ae000 	X:\Windows\system32\USERENV.dll
0x000007fefcd30000 - 0x000007fefcd3f000 	X:\Windows\system32\CRYPTBASE.dll
0x000007fefab60000 - 0x000007fefab87000 	X:\Windows\system32\IPHLPAPI.DLL
0x000007fefab40000 - 0x000007fefab4b000 	X:\Windows\system32\WINNSI.DLL
0x000007fefa700000 - 0x000007fefa718000 	X:\Windows\system32\dhcpcsvc.DLL
0x000007fefa6e0000 - 0x000007fefa6f1000 	X:\Windows\system32\dhcpcsvc6.DLL
0x000007fefcc90000 - 0x000007fefcce7000 	X:\Windows\system32\apphelp.dll
0x000007fef9dd0000 - 0x000007fef9ef5000 	X:\Windows\system32\dbghelp.dll

VM Arguments:
jvm_args: -Xmx2048m -Dfile.encoding=windows-1252 -Duser.country=US -Duser.language=en -Duser.variant 
java_command: org.gradle.launcher.daemon.bootstrap.GradleDaemon 6.1.1
java_class_path (initial): X:\Users\Sohan\.gradle\wrapper\dists\gradle-6.1.1-all\cfmwm155h49vnt3hynmlrsdst\gradle-6.1.1\lib\gradle-launcher-6.1.1.jar
Launcher Type: SUN_STANDARD

Environment Variables:
JAVA_HOME=X:\Program Files\Java\jdk1.8.0_301
PATH=X:\Program Files\Common Files\Oracle\Java\javapath;X:\Windows\system32;X:\Windows;X:\Windows\System32\Wbem;X:\Windows\System32\WindowsPowerShell\v1.0\;X:\Program Files (x86)\GtkSharp\2.12\bin;C:\Git\cmd
USERNAME=Sohan
OS=Windows_NT
PROCESSOR_IDENTIFIER=Intel64 Family 15 Model 6 Stepping 5, GenuineIntel



---------------  S Y S T E M  ---------------

OS: Windows 7 , 64 bit Build 7601 (6.1.7601.24384)

CPU:total 2 (initial active 2) (2 cores per cpu, 1 threads per core) family 15 model 6 stepping 5, cmov, cx8, fxsr, mmx, sse, sse2, sse3, tsc

Memory: 4k page, physical 3135600k(358704k free), swap 6269296k(3022692k free)

vm_info: OpenJDK 64-Bit Server VM (25.242-b01) for windows-amd64 JRE (1.8.0_242-release-1644-b01), built by "builder" with MS VC++ 10.0 (VS2010)

time: Sun Jan 01 01:27:50 2006
timezone: India Standard Time
elapsed time: 599 seconds (0d 0h 9m 59s)

