#
# A fatal error has been detected by the Java Runtime Environment:
#
#  EXCEPTION_ACCESS_VIOLATION (0xc0000005) at pc=0x000000006bbb37e2, pid=2976, tid=0x0000000000000f30
#
# JRE version: OpenJDK Runtime Environment (8.0_242-b01) (build 1.8.0_242-release-1644-b01)
# Java VM: OpenJDK 64-Bit Server VM (25.242-b01 mixed mode windows-amd64 compressed oops)
# Problematic frame:
# V  [jvm.dll+0x537e2]
#
# Failed to write core dump. Minidumps are not enabled by default on client versions of Windows
#
# If you would like to submit a bug report, please visit:
#   
#

---------------  T H R E A D  ---------------

Current thread (0x000000005e123000):  JavaThread "WorkerExecutor Queue Thread 2" [_thread_in_vm, id=3888, stack(0x0000000063bf0000,0x0000000063cf0000)]

siginfo: ExceptionCode=0xc0000005, reading address 0xffffffffffffffff

Registers:
RAX=0x00000000020c8a90, RBX=0xdd8c5486ea67d23c, RCX=0x00000000020c39e0, RDX=0x0000000000004d54
RSP=0x0000000063ceb5b0, RBP=0x000000007c015a33, RSI=0x000000005e123000, RDI=0x0000000000000007
R8 =0x00000000020f45fb, R9 =0x0000000000000010, R10=0x000000006bb60000, R11=0x000000000000000c
R12=0x0000000000000010, R13=0x00000000020f45fb, R14=0x00000000020c39e0, R15=0x000000005e123000
RIP=0x000000006bbb37e2, EFLAGS=0x0000000000010202

Top of Stack: (sp=0x0000000063ceb5b0)
0x0000000063ceb5b0:   000000005d103500 0000000016a76dc0
0x0000000063ceb5c0:   0000000063ceb6b0 0000000056dca218
0x0000000063ceb5d0:   000000005c411260 000000005e123000
0x0000000063ceb5e0:   00000000000003d8 000000006bbb4f91
0x0000000063ceb5f0:   00000000020f45fb 0000000000000010
0x0000000063ceb600:   000000005e123000 000000007c015a33
0x0000000063ceb610:   000000007c015a33 0000000063ceb990
0x0000000063ceb620:   000000005e123000 000000005e123000
0x0000000063ceb630:   0000000000004d54 000000005e123000
0x0000000063ceb640:   0000000063ceb990 0000000016a76dc0
0x0000000063ceb650:   00000000020f23e0 0000000058aa8210
0x0000000063ceb660:   0000000016a623a8 000000006c121c2c
0x0000000063ceb670:   000000005e123000 0000000063cecb60
0x0000000063ceb680:   0000000063f99338 0000000056dca218
0x0000000063ceb690:   000000005e123000 0000000004c9187c
0x0000000063ceb6a0:   0000000004c8e910 0000000000000000 

Instructions: (pc=0x000000006bbb37e2)
0x000000006bbb37c2:   48 63 d2 33 ff 48 8b 1c d0 45 8b e1 4d 8b e8 4c
0x000000006bbb37d2:   8b f1 48 85 db 74 4a 8b 6c 24 60 0f 1f 00 ff c7
0x000000006bbb37e2:   39 2b 75 16 48 8b 73 10 45 8b c4 49 8b d5 48 8b
0x000000006bbb37f2:   ce e8 78 2d 0c 00 84 c0 75 48 48 8b 5b 08 48 83 


Register to memory mapping:

RAX=0x00000000020c8a90 is an unknown value
RBX=0xdd8c5486ea67d23c is an unknown value
RCX=0x00000000020c39e0 is an unknown value
RDX=0x0000000000004d54 is an unknown value
RSP=0x0000000063ceb5b0 is pointing into the stack for thread: 0x000000005e123000
RBP=0x000000007c015a33 is an unknown value
RSI=0x000000005e123000 is a thread
RDI=0x0000000000000007 is an unknown value
R8 =0x00000000020f45fb is an unknown value
R9 =0x0000000000000010 is an unknown value
R10=0x000000006bb60000 is an unknown value
R11=0x000000000000000c is an unknown value
R12=0x0000000000000010 is an unknown value
R13=0x00000000020f45fb is an unknown value
R14=0x00000000020c39e0 is an unknown value
R15=0x000000005e123000 is a thread


Stack: [0x0000000063bf0000,0x0000000063cf0000],  sp=0x0000000063ceb5b0,  free space=1005k
Native frames: (J=compiled Java code, j=interpreted, Vv=VM code, C=native code)
V  [jvm.dll+0x537e2]
V  [jvm.dll+0x54f91]
V  [jvm.dll+0x21339c]
V  [jvm.dll+0x577cb]
V  [jvm.dll+0x99016]
V  [jvm.dll+0x9a712]
V  [jvm.dll+0x9c24a]
V  [jvm.dll+0x8ce07]
V  [jvm.dll+0x209e1c]
V  [jvm.dll+0x20b4da]
V  [jvm.dll+0x20c176]
V  [jvm.dll+0x20cd18]
C  0x0000000002865f5e

Java frames: (J=compiled Java code, j=interpreted, Vv=VM code)
v  ~RuntimeStub::resolve_opt_virtual_call
J 16053 C1 com.android.tools.r8.ir.optimize.l.t(Lcom/android/tools/r8/u/b/W;)V (468 bytes) @ 0x00000000051071ac [0x0000000005106cc0+0x4ec]
J 14083 C1 com.android.tools.r8.ir.conversion.O.a(Lcom/android/tools/r8/u/b/W;Lcom/android/tools/r8/ir/optimize/info/k;Lcom/android/tools/r8/ir/conversion/U;)V (2643 bytes) @ 0x0000000004ddbfbc [0x0000000004ddab40+0x147c]
j  com.android.tools.r8.ir.conversion.O.a(Lcom/android/tools/r8/graph/T;Lcom/android/tools/r8/ir/optimize/info/k;Lcom/android/tools/r8/ir/conversion/U;Lcom/android/tools/r8/origin/Origin;)Ljava/lang/Object;+184
J 14057 C1 com.android.tools.r8.ir.conversion.O$$Lambda$584.get()Ljava/lang/Object; (24 bytes) @ 0x0000000004dc1dd4 [0x0000000004dc1d40+0x94]
j  com.android.tools.r8.ir.conversion.O.b(Lcom/android/tools/r8/graph/T;Lcom/android/tools/r8/ir/optimize/info/k;Lcom/android/tools/r8/ir/conversion/U;)V+40
J 9124 C1 com.android.tools.r8.ir.conversion.O.a(Lcom/android/tools/r8/graph/T;)V (433 bytes) @ 0x0000000003f6ae14 [0x0000000003f6a980+0x494]
J 9125 C1 com.android.tools.r8.ir.conversion.O$$Lambda$583.accept(Ljava/lang/Object;)V (16 bytes) @ 0x0000000003f6cc8c [0x0000000003f6cba0+0xec]
J 9131 C1 com.android.tools.r8.graph.C.b(Ljava/util/function/Consumer;)V (75 bytes) @ 0x0000000003f6fcec [0x0000000003f6fc00+0xec]
J 14257 C1 com.android.tools.r8.ir.conversion.O.b(Lcom/android/tools/r8/graph/b0;)V (75 bytes) @ 0x0000000004e98554 [0x0000000004e98140+0x414]
J 9133 C1 com.android.tools.r8.ir.conversion.O$$Lambda$581.accept(Ljava/lang/Object;)V (12 bytes) @ 0x0000000003f7084c [0x0000000003f707c0+0x8c]
J 9132 C1 com.android.tools.r8.utils.U0$$Lambda$582.call()Ljava/lang/Object; (12 bytes) @ 0x0000000003f70474 [0x0000000003f70400+0x74]
j  com.google.common.util.concurrent.TrustedListenableFutureTask$TrustedFutureInterruptibleTask.runInterruptibly()Ljava/lang/Object;+4
j  com.google.common.util.concurrent.InterruptibleTask.run()V+37
j  com.google.common.util.concurrent.TrustedListenableFutureTask.run()V+10
j  com.google.common.util.concurrent.MoreExecutors$DirectExecutorService.execute(Ljava/lang/Runnable;)V+5
j  java.util.concurrent.AbstractExecutorService.submit(Ljava/util/concurrent/Callable;)Ljava/util/concurrent/Future;+20
j  com.google.common.util.concurrent.AbstractListeningExecutorService.submit(Ljava/util/concurrent/Callable;)Lcom/google/common/util/concurrent/ListenableFuture;+2
j  com.google.common.util.concurrent.AbstractListeningExecutorService.submit(Ljava/util/concurrent/Callable;)Ljava/util/concurrent/Future;+2
j  com.android.tools.r8.utils.U0.a(Ljava/lang/Iterable;Lcom/android/tools/r8/utils/X0;Ljava/util/concurrent/ExecutorService;)V+38
j  com.android.tools.r8.ir.conversion.O.a(Lcom/android/tools/r8/graph/y;Ljava/util/concurrent/ExecutorService;)Lcom/android/tools/r8/graph/y;+28
j  com.android.tools.r8.D8.d(Lcom/android/tools/r8/utils/e;Lcom/android/tools/r8/utils/g0;Ljava/util/concurrent/ExecutorService;)V+188
j  com.android.tools.r8.D8.b(Lcom/android/tools/r8/utils/e;Lcom/android/tools/r8/utils/g0;Ljava/util/concurrent/ExecutorService;)V+3
j  com.android.tools.r8.D8$$Lambda$560.run()V+12
j  com.android.tools.r8.utils.W.a(Lcom/android/tools/r8/utils/O0;Lcom/android/tools/r8/utils/W$a;)V+2
j  com.android.tools.r8.D8.run(Lcom/android/tools/r8/D8Command;Ljava/util/concurrent/ExecutorService;)V+22
j  com.android.builder.dexing.D8DexArchiveBuilder.convert(Ljava/util/stream/Stream;Ljava/nio/file/Path;Lcom/android/builder/dexing/DependencyGraphUpdater;)V+261
j  com.android.build.gradle.internal.dexing.DexWorkActionKt.process(Lcom/android/builder/dexing/DexArchiveBuilder;Lcom/android/builder/dexing/ClassBucket;Lkotlin/jvm/functions/Function2;Ljava/io/File;Lcom/android/builder/dexing/DependencyGraphUpdater;)V+196
j  com.android.build.gradle.internal.dexing.DexWorkActionKt.processIncrementally(Lcom/android/builder/dexing/DexArchiveBuilder;Lcom/android/build/gradle/internal/dexing/DexWorkActionParams;)V+306
j  com.android.build.gradle.internal.dexing.DexWorkActionKt.launchProcessing(Lcom/android/build/gradle/internal/dexing/DexWorkActionParams;Ljava/io/OutputStream;Ljava/io/OutputStream;Lcom/android/ide/common/blame/MessageReceiver;)V+46
j  com.android.build.gradle.internal.dexing.DexWorkAction.run()V+66
j  org.gradle.workers.internal.AdapterWorkAction.execute()V+51
j  org.gradle.workers.internal.DefaultWorkerServer.execute(Lorg/gradle/workers/internal/ActionExecutionSpec;)Lorg/gradle/workers/internal/DefaultWorkResult;+107
j  org.gradle.workers.internal.NoIsolationWorkerFactory$1$1.create()Lorg/gradle/workers/internal/DefaultWorkResult;+8
j  org.gradle.workers.internal.NoIsolationWorkerFactory$1$1.create()Ljava/lang/Object;+1
j  org.gradle.internal.classloader.ClassLoaderUtils.executeInClassloader(Ljava/lang/ClassLoader;Lorg/gradle/internal/Factory;)Ljava/lang/Object;+15
j  org.gradle.workers.internal.NoIsolationWorkerFactory$1.lambda$execute$0(Lorg/gradle/workers/WorkerExecutor;Ljava/lang/ClassLoader;Lorg/gradle/workers/internal/ActionExecutionSpec;)Lorg/gradle/workers/internal/DefaultWorkResult;+77
j  org.gradle.workers.internal.NoIsolationWorkerFactory$1$$Lambda$537.execute(Lorg/gradle/workers/internal/ActionExecutionSpec;)Lorg/gradle/workers/internal/DefaultWorkResult;+13
j  org.gradle.workers.internal.AbstractWorker$1.call(Lorg/gradle/internal/operations/BuildOperationContext;)Lorg/gradle/workers/internal/DefaultWorkResult;+8
j  org.gradle.workers.internal.AbstractWorker$1.call(Lorg/gradle/internal/operations/BuildOperationContext;)Ljava/lang/Object;+2
J 15616 C2 org.gradle.internal.operations.DefaultBuildOperationExecutor.execute(Lorg/gradle/internal/operations/BuildOperationDescriptor$Builder;Lorg/gradle/internal/operations/DefaultBuildOperationExecutor$BuildOperationState;Lorg/gradle/internal/operations/DefaultBuildOperationExecutor$BuildOperationExecution;)Lorg/gradle/internal/operations/BuildOperation; (111 bytes) @ 0x000000000500825c [0x0000000005007620+0xc3c]
J 6099 C1 org.gradle.internal.operations.DefaultBuildOperationExecutor.call(Lorg/gradle/internal/operations/CallableBuildOperation;)Ljava/lang/Object; (38 bytes) @ 0x0000000003951b44 [0x0000000003951460+0x6e4]
J 6098 C1 org.gradle.internal.operations.DelegatingBuildOperationExecutor.call(Lorg/gradle/internal/operations/CallableBuildOperation;)Ljava/lang/Object; (11 bytes) @ 0x000000000393dcc4 [0x000000000393dbc0+0x104]
j  org.gradle.workers.internal.AbstractWorker.executeWrappedInBuildOperation(Lorg/gradle/workers/internal/ActionExecutionSpec;Lorg/gradle/internal/operations/BuildOperationRef;Lorg/gradle/workers/internal/AbstractWorker$Work;)Lorg/gradle/workers/internal/DefaultWorkResult;+15
j  org.gradle.workers.internal.NoIsolationWorkerFactory$1.execute(Lorg/gradle/workers/internal/ActionExecutionSpec;Lorg/gradle/internal/operations/BuildOperationRef;)Lorg/gradle/workers/internal/DefaultWorkResult;+17
j  org.gradle.workers.internal.DefaultWorkerExecutor.lambda$submitWork$2(Lorg/gradle/workers/internal/WorkerFactory;Lorg/gradle/workers/internal/WorkerRequirement;Lorg/gradle/workers/internal/ActionExecutionSpec;Lorg/gradle/internal/operations/BuildOperationRef;)Lorg/gradle/workers/internal/DefaultWorkResult;+13
j  org.gradle.workers.internal.DefaultWorkerExecutor$$Lambda$536.call()Ljava/lang/Object;+16
J 6237 C1 java.util.concurrent.FutureTask.run()V (126 bytes) @ 0x0000000003085084 [0x0000000003084e40+0x244]
j  org.gradle.internal.work.DefaultConditionalExecutionQueue$ExecutionRunner.runExecution(Lorg/gradle/internal/work/ConditionalExecution;)V+6
j  org.gradle.internal.work.DefaultConditionalExecutionQueue$ExecutionRunner.runBatch(Lorg/gradle/internal/work/ConditionalExecution;)V+8
j  org.gradle.internal.work.DefaultConditionalExecutionQueue$ExecutionRunner.run()V+11
J 12081 C1 java.util.concurrent.Executors$RunnableAdapter.call()Ljava/lang/Object; (14 bytes) @ 0x0000000002af21cc [0x0000000002af20c0+0x10c]
J 6237 C1 java.util.concurrent.FutureTask.run()V (126 bytes) @ 0x0000000003085084 [0x0000000003084e40+0x244]
J 10350 C1 org.gradle.internal.concurrent.ManagedExecutorImpl$1.run()V (59 bytes) @ 0x0000000003e219dc [0x0000000003e214e0+0x4fc]
j  java.util.concurrent.ThreadPoolExecutor.runWorker(Ljava/util/concurrent/ThreadPoolExecutor$Worker;)V+95
j  java.util.concurrent.ThreadPoolExecutor$Worker.run()V+5
j  org.gradle.internal.concurrent.ThreadFactoryImpl$ManagedThreadRunnable.run()V+7
j  java.lang.Thread.run()V+11
v  ~StubRoutines::call_stub

---------------  P R O C E S S  ---------------

Java Threads: ( => current thread )
=>0x000000005e123000 JavaThread "WorkerExecutor Queue Thread 2" [_thread_in_vm, id=3888, stack(0x0000000063bf0000,0x0000000063cf0000)]
  0x000000005e11e800 JavaThread "WorkerExecutor Queue" [_thread_blocked, id=960, stack(0x000000005fea0000,0x000000005ffa0000)]
  0x000000005e121000 JavaThread "Cache worker for Java compile cache (X:\Users\Sohan\AndroidStudioProjects\Xment\.gradle\6.1.1\javaCompile)" [_thread_blocked, id=1692, stack(0x00000000631b0000,0x00000000632b0000)]
  0x000000005c821800 JavaThread "Cache worker for execution history cache (X:\Users\Sohan\AndroidStudioProjects\Xment\.gradle\6.1.1\executionHistory)" [_thread_blocked, id=1148, stack(0x00000000634c0000,0x00000000635c0000)]
  0x000000005c824800 JavaThread "Execution worker for ':'" [_thread_blocked, id=3308, stack(0x000000005bb40000,0x000000005bc40000)]
  0x000000005c825800 JavaThread "Cache worker for file content cache (X:\Users\Sohan\AndroidStudioProjects\Xment\.gradle\6.1.1\fileContent)" [_thread_blocked, id=2820, stack(0x00000000628e0000,0x00000000629e0000)]
  0x000000005c820000 JavaThread "Cache worker for Build Output Cleanup Cache (X:\Users\Sohan\AndroidStudioProjects\Xment\.gradle\buildOutputCleanup)" [_thread_blocked, id=3432, stack(0x0000000062d80000,0x0000000062e80000)]
  0x0000000058998000 JavaThread "pool-11-thread-1" [_thread_blocked, id=1000, stack(0x00000000630b0000,0x00000000631b0000)]
  0x000000005899a000 JavaThread "Build operations Thread 2" [_thread_blocked, id=3976, stack(0x0000000062080000,0x0000000062180000)]
  0x0000000058997000 JavaThread "Build operations" [_thread_blocked, id=3752, stack(0x0000000062580000,0x0000000062680000)]
  0x000000005899d000 JavaThread "Cache worker for cache directory md-rule (X:\Users\Sohan\.gradle\caches\6.1.1\md-rule)" [_thread_blocked, id=3452, stack(0x000000005b620000,0x000000005b720000)]
  0x000000005899c800 JavaThread "Cache worker for cache directory md-supplier (X:\Users\Sohan\.gradle\caches\6.1.1\md-supplier)" [_thread_blocked, id=3468, stack(0x0000000061350000,0x0000000061450000)]
  0x0000000058998800 JavaThread "Cache worker for file hash cache (X:\Users\Sohan\AndroidStudioProjects\Xment\.gradle\6.1.1\fileHashes)" [_thread_blocked, id=2592, stack(0x000000005fc50000,0x000000005fd50000)]
  0x000000005899b000 JavaThread "Cache worker for checksums cache (X:\Users\Sohan\AndroidStudioProjects\Xment\.gradle\checksums)" [_thread_blocked, id=3608, stack(0x0000000061200000,0x0000000061300000)]
  0x000000005899e000 JavaThread "Thread-95" [_thread_blocked, id=2484, stack(0x000000005fda0000,0x000000005fea0000)]
  0x000000005dbe9000 JavaThread "Stdin handler" [_thread_blocked, id=2032, stack(0x000000005eb90000,0x000000005ec90000)]
  0x000000005dbe6000 JavaThread "Asynchronous log dispatcher for DefaultDaemonConnection: socket connection from /127.0.0.1:49917 to /127.0.0.1:50112" [_thread_blocked, id=1180, stack(0x000000005ea60000,0x000000005eb60000)]
  0x000000005dbe7000 JavaThread "Cancel handler" [_thread_blocked, id=3232, stack(0x000000005d340000,0x000000005d440000)]
  0x000000005dbea000 JavaThread "Handler for socket connection from /127.0.0.1:49917 to /127.0.0.1:50112" [_thread_in_native, id=3844, stack(0x000000005d450000,0x000000005d550000)]
  0x000000005e434000 JavaThread "Daemon worker Thread 3" [_thread_blocked, id=3660, stack(0x000000005ab70000,0x000000005ac70000)]
  0x000000005e42d800 JavaThread "Daemon Thread 3" [_thread_blocked, id=2884, stack(0x000000005b250000,0x000000005b350000)]
  0x000000005dbe8800 JavaThread "Cache worker for Java compile cache (X:\Users\Sohan\.gradle\caches\6.1.1\javaCompile)" [_thread_blocked, id=3384, stack(0x00000000632e0000,0x00000000633e0000)]
  0x000000005e11e000 JavaThread "Cache worker for file content cache (X:\Users\Sohan\.gradle\caches\6.1.1\fileContent)" [_thread_blocked, id=3420, stack(0x0000000062440000,0x0000000062540000)]
  0x000000005dbec000 JavaThread "Memory manager" [_thread_blocked, id=2296, stack(0x0000000062260000,0x0000000062360000)]
  0x000000005a6fe800 JavaThread "Cache worker for execution history cache (X:\Users\Sohan\.gradle\caches\6.1.1\executionHistory)" [_thread_blocked, id=1668, stack(0x000000005ed50000,0x000000005ee50000)]
  0x000000005a6fb000 JavaThread "Cache worker for file hash cache (X:\Users\Sohan\.gradle\caches\6.1.1\fileHashes)" [_thread_blocked, id=3260, stack(0x000000005c040000,0x000000005c140000)]
  0x000000005a6fa000 JavaThread "File lock request listener" [_thread_in_native, id=2444, stack(0x000000005be90000,0x000000005bf90000)]
  0x000000005a6ee000 JavaThread "Cache worker for journal cache (X:\Users\Sohan\.gradle\caches\journal-1)" [_thread_blocked, id=3444, stack(0x00000000596b0000,0x00000000597b0000)]
  0x00000000589a0000 JavaThread "Daemon periodic checks" [_thread_blocked, id=2908, stack(0x000000005b030000,0x000000005b130000)]
  0x0000000058894800 JavaThread "Incoming local TCP Connector on port 49917" [_thread_in_native, id=2044, stack(0x000000005ae70000,0x000000005af70000)]
  0x000000005a6a2800 JavaThread "Daemon health stats" [_thread_blocked, id=2792, stack(0x000000005a850000,0x000000005a950000)]
  0x00000000573de800 JavaThread "Service Thread" daemon [_thread_blocked, id=3352, stack(0x0000000058100000,0x0000000058200000)]
  0x0000000057389000 JavaThread "C1 CompilerThread1" daemon [_thread_blocked, id=3532, stack(0x0000000058750000,0x0000000058850000)]
  0x0000000057381800 JavaThread "C2 CompilerThread0" daemon [_thread_in_native, id=3540, stack(0x0000000058570000,0x0000000058670000)]
  0x000000005737f800 JavaThread "Attach Listener" daemon [_thread_blocked, id=3092, stack(0x0000000058390000,0x0000000058490000)]
  0x000000005737e800 JavaThread "Signal Dispatcher" daemon [_thread_blocked, id=500, stack(0x0000000058250000,0x0000000058350000)]
  0x000000005735d800 JavaThread "Finalizer" daemon [_thread_blocked, id=1972, stack(0x0000000057f90000,0x0000000058090000)]
  0x0000000057354000 JavaThread "Reference Handler" daemon [_thread_blocked, id=3276, stack(0x0000000057e80000,0x0000000057f80000)]
  0x000000000223e800 JavaThread "main" [_thread_blocked, id=3756, stack(0x0000000002450000,0x0000000002550000)]

Other Threads:
  0x000000005730c800 VMThread [stack: 0x0000000057c90000,0x0000000057d90000] [id=2752]
  0x0000000058863000 WatcherThread [stack: 0x0000000058d40000,0x0000000058e40000] [id=2448]

VM state:synchronizing (normal execution)

VM Mutex/Monitor currently owned by a thread:  ([mutex/lock_event])
[0x000000000223c980] Threads_lock - owner thread: 0x000000005730c800

heap address: 0x0000000080000000, size: 2048 MB, Compressed Oops mode: 32-bit
Narrow klass base: 0x0000000000000000, Narrow klass shift: 0
Compressed class space size: 1073741824 Address: 0x00000000169e0000

Heap:
 PSYoungGen      total 360960K, used 224402K [0x00000000d5580000, 0x00000000f0000000, 0x0000000100000000)
  eden space 329216K, 63% used [0x00000000d5580000,0x00000000e2249a38,0x00000000e9700000)
  from space 31744K, 46% used [0x00000000e9700000,0x00000000ea55ae50,0x00000000eb600000)
  to   space 30720K, 0% used [0x00000000ee200000,0x00000000ee200000,0x00000000f0000000)
 ParOldGen       total 100864K, used 57497K [0x0000000080000000, 0x0000000086280000, 0x00000000d5580000)
  object space 100864K, 57% used [0x0000000080000000,0x0000000083826638,0x0000000086280000)
 Metaspace       used 90934K, capacity 95348K, committed 95528K, reserved 1132544K
  class space    used 11928K, capacity 12759K, committed 12848K, reserved 1048576K

Card table byte_map: [0x0000000011be0000,0x0000000011ff0000] byte_map_base: 0x00000000117e0000

Marking Bits: (ParMarkBitMap*) 0x000000006c32f030
 Begin Bits: [0x00000000125e0000, 0x00000000145e0000)
 End Bits:   [0x00000000145e0000, 0x00000000165e0000)

Polling page: 0x0000000000430000

CodeCache: size=245760Kb used=43390Kb max_used=43406Kb free=202369Kb
 bounds [0x0000000002820000, 0x00000000052c0000, 0x0000000011820000]
 total_blobs=14557 nmethods=13680 adapters=788
 compilation: enabled

Compilation events (10 events):
Event: 453.491 Thread 0x0000000057389000 16698       2       com.android.tools.r8.ir.conversion.o::e (25 bytes)
Event: 453.491 Thread 0x0000000057389000 nmethod 16698 0x0000000002a28b90 code [0x0000000002a28d00, 0x0000000002a28ec8]
Event: 453.491 Thread 0x0000000057389000 16699       2       com.android.tools.r8.ir.conversion.N::a (96 bytes)
Event: 453.492 Thread 0x0000000057389000 nmethod 16699 0x000000000395c010 code [0x000000000395c1c0, 0x000000000395c498]
Event: 453.492 Thread 0x0000000057389000 16702       2       com.android.tools.r8.u.b.m1::a (416 bytes)
Event: 453.494 Thread 0x0000000057389000 nmethod 16702 0x000000000395af10 code [0x000000000395b1e0, 0x000000000395bb58]
Event: 453.494 Thread 0x0000000057389000 16701       3       com.android.tools.r8.r.n.E::a (45 bytes)
Event: 453.495 Thread 0x0000000057389000 nmethod 16701 0x0000000003628050 code [0x0000000003628240, 0x0000000003628878]
Event: 453.495 Thread 0x0000000057389000 16700       1       com.android.tools.r8.ir.analysis.type.f::j (2 bytes)
Event: 453.495 Thread 0x0000000057389000 nmethod 16700 0x00000000029a01d0 code [0x00000000029a0320, 0x00000000029a0430]

GC Heap History (10 events):
Event: 50.267 GC heap before
{Heap before GC invocations=17 (full 3):
 PSYoungGen      total 218112K, used 203264K [0x00000000d5580000, 0x00000000e8580000, 0x0000000100000000)
  eden space 203264K, 100% used [0x00000000d5580000,0x00000000e1c00000,0x00000000e1c00000)
  from space 14848K, 0% used [0x00000000e1c00000,0x00000000e1c00000,0x00000000e2a80000)
  to   space 16896K, 0% used [0x00000000e7500000,0x00000000e7500000,0x00000000e8580000)
 ParOldGen       total 65024K, used 34132K [0x0000000080000000, 0x0000000083f80000, 0x00000000d5580000)
  object space 65024K, 52% used [0x0000000080000000,0x00000000821550a0,0x0000000083f80000)
 Metaspace       used 66610K, capacity 69264K, committed 69544K, reserved 1110016K
  class space    used 9083K, capacity 9637K, committed 9648K, reserved 1048576K
Event: 50.375 GC heap after
Heap after GC invocations=17 (full 3):
 PSYoungGen      total 280064K, used 16878K [0x00000000d5580000, 0x00000000e8580000, 0x0000000100000000)
  eden space 263168K, 0% used [0x00000000d5580000,0x00000000d5580000,0x00000000e5680000)
  from space 16896K, 99% used [0x00000000e7500000,0x00000000e857b888,0x00000000e8580000)
  to   space 20992K, 0% used [0x00000000e5c80000,0x00000000e5c80000,0x00000000e7100000)
 ParOldGen       total 65024K, used 38045K [0x0000000080000000, 0x0000000083f80000, 0x00000000d5580000)
  object space 65024K, 58% used [0x0000000080000000,0x0000000082527760,0x0000000083f80000)
 Metaspace       used 66610K, capacity 69264K, committed 69544K, reserved 1110016K
  class space    used 9083K, capacity 9637K, committed 9648K, reserved 1048576K
}
Event: 179.361 GC heap before
{Heap before GC invocations=18 (full 3):
 PSYoungGen      total 280064K, used 280046K [0x00000000d5580000, 0x00000000e8580000, 0x0000000100000000)
  eden space 263168K, 100% used [0x00000000d5580000,0x00000000e5680000,0x00000000e5680000)
  from space 16896K, 99% used [0x00000000e7500000,0x00000000e857b888,0x00000000e8580000)
  to   space 20992K, 0% used [0x00000000e5c80000,0x00000000e5c80000,0x00000000e7100000)
 ParOldGen       total 65024K, used 38045K [0x0000000080000000, 0x0000000083f80000, 0x00000000d5580000)
  object space 65024K, 58% used [0x0000000080000000,0x0000000082527760,0x0000000083f80000)
 Metaspace       used 84771K, capacity 88550K, committed 88872K, reserved 1126400K
  class space    used 11513K, capacity 12252K, committed 12336K, reserved 1048576K
Event: 179.580 GC heap after
Heap after GC invocations=18 (full 3):
 PSYoungGen      total 290304K, used 20981K [0x00000000d5580000, 0x00000000ed400000, 0x0000000100000000)
  eden space 269312K, 0% used [0x00000000d5580000,0x00000000d5580000,0x00000000e5c80000)
  from space 20992K, 99% used [0x00000000e5c80000,0x00000000e70fd4f0,0x00000000e7100000)
  to   space 30720K, 0% used [0x00000000eb600000,0x00000000eb600000,0x00000000ed400000)
 ParOldGen       total 65024K, used 54764K [0x0000000080000000, 0x0000000083f80000, 0x00000000d5580000)
  object space 65024K, 84% used [0x0000000080000000,0x000000008357b3b8,0x0000000083f80000)
 Metaspace       used 84771K, capacity 88550K, committed 88872K, reserved 1126400K
  class space    used 11513K, capacity 12252K, committed 12336K, reserved 1048576K
}
Event: 179.580 GC heap before
{Heap before GC invocations=19 (full 4):
 PSYoungGen      total 290304K, used 20981K [0x00000000d5580000, 0x00000000ed400000, 0x0000000100000000)
  eden space 269312K, 0% used [0x00000000d5580000,0x00000000d5580000,0x00000000e5c80000)
  from space 20992K, 99% used [0x00000000e5c80000,0x00000000e70fd4f0,0x00000000e7100000)
  to   space 30720K, 0% used [0x00000000eb600000,0x00000000eb600000,0x00000000ed400000)
 ParOldGen       total 65024K, used 54764K [0x0000000080000000, 0x0000000083f80000, 0x00000000d5580000)
  object space 65024K, 84% used [0x0000000080000000,0x000000008357b3b8,0x0000000083f80000)
 Metaspace       used 84771K, capacity 88550K, committed 88872K, reserved 1126400K
  class space    used 11513K, capacity 12252K, committed 12336K, reserved 1048576K
Event: 180.625 GC heap after
Heap after GC invocations=19 (full 4):
 PSYoungGen      total 290304K, used 0K [0x00000000d5580000, 0x00000000ed400000, 0x0000000100000000)
  eden space 269312K, 0% used [0x00000000d5580000,0x00000000d5580000,0x00000000e5c80000)
  from space 20992K, 0% used [0x00000000e5c80000,0x00000000e5c80000,0x00000000e7100000)
  to   space 30720K, 0% used [0x00000000eb600000,0x00000000eb600000,0x00000000ed400000)
 ParOldGen       total 100864K, used 57481K [0x0000000080000000, 0x0000000086280000, 0x00000000d5580000)
  object space 100864K, 56% used [0x0000000080000000,0x0000000083822638,0x0000000086280000)
 Metaspace       used 84764K, capacity 88530K, committed 88872K, reserved 1126400K
  class space    used 11510K, capacity 12248K, committed 12336K, reserved 1048576K
}
Event: 260.609 GC heap before
{Heap before GC invocations=20 (full 4):
 PSYoungGen      total 290304K, used 269312K [0x00000000d5580000, 0x00000000ed400000, 0x0000000100000000)
  eden space 269312K, 100% used [0x00000000d5580000,0x00000000e5c80000,0x00000000e5c80000)
  from space 20992K, 0% used [0x00000000e5c80000,0x00000000e5c80000,0x00000000e7100000)
  to   space 30720K, 0% used [0x00000000eb600000,0x00000000eb600000,0x00000000ed400000)
 ParOldGen       total 100864K, used 57481K [0x0000000080000000, 0x0000000086280000, 0x00000000d5580000)
  object space 100864K, 56% used [0x0000000080000000,0x0000000083822638,0x0000000086280000)
 Metaspace       used 88801K, capacity 92744K, committed 93096K, reserved 1130496K
  class space    used 11832K, capacity 12613K, committed 12720K, reserved 1048576K
Event: 260.736 GC heap after
Heap after GC invocations=20 (full 4):
 PSYoungGen      total 359936K, used 18719K [0x00000000d5580000, 0x00000000edb80000, 0x0000000100000000)
  eden space 329216K, 0% used [0x00000000d5580000,0x00000000d5580000,0x00000000e9700000)
  from space 30720K, 60% used [0x00000000eb600000,0x00000000ec847d90,0x00000000ed400000)
  to   space 31744K, 0% used [0x00000000e9700000,0x00000000e9700000,0x00000000eb600000)
 ParOldGen       total 100864K, used 57489K [0x0000000080000000, 0x0000000086280000, 0x00000000d5580000)
  object space 100864K, 56% used [0x0000000080000000,0x0000000083824638,0x0000000086280000)
 Metaspace       used 88801K, capacity 92744K, committed 93096K, reserved 1130496K
  class space    used 11832K, capacity 12613K, committed 12720K, reserved 1048576K
}
Event: 401.405 GC heap before
{Heap before GC invocations=21 (full 4):
 PSYoungGen      total 359936K, used 347935K [0x00000000d5580000, 0x00000000edb80000, 0x0000000100000000)
  eden space 329216K, 100% used [0x00000000d5580000,0x00000000e9700000,0x00000000e9700000)
  from space 30720K, 60% used [0x00000000eb600000,0x00000000ec847d90,0x00000000ed400000)
  to   space 31744K, 0% used [0x00000000e9700000,0x00000000e9700000,0x00000000eb600000)
 ParOldGen       total 100864K, used 57489K [0x0000000080000000, 0x0000000086280000, 0x00000000d5580000)
  object space 100864K, 56% used [0x0000000080000000,0x0000000083824638,0x0000000086280000)
 Metaspace       used 90610K, capacity 95050K, committed 95272K, reserved 1132544K
  class space    used 11919K, capacity 12744K, committed 12848K, reserved 1048576K
Event: 401.486 GC heap after
Heap after GC invocations=21 (full 4):
 PSYoungGen      total 360960K, used 14699K [0x00000000d5580000, 0x00000000f0000000, 0x0000000100000000)
  eden space 329216K, 0% used [0x00000000d5580000,0x00000000d5580000,0x00000000e9700000)
  from space 31744K, 46% used [0x00000000e9700000,0x00000000ea55ae50,0x00000000eb600000)
  to   space 30720K, 0% used [0x00000000ee200000,0x00000000ee200000,0x00000000f0000000)
 ParOldGen       total 100864K, used 57497K [0x0000000080000000, 0x0000000086280000, 0x00000000d5580000)
  object space 100864K, 57% used [0x0000000080000000,0x0000000083826638,0x0000000086280000)
 Metaspace       used 90610K, capacity 95050K, committed 95272K, reserved 1132544K
  class space    used 11919K, capacity 12744K, committed 12848K, reserved 1048576K
}

Deoptimization events (10 events):
Event: 403.506 Thread 0x000000005dbe9000 Uncommon trap: reason=array_check action=maybe_recompile pc=0x00000000048760e4 method=java.util.TimSort.reverseRange([Ljava/lang/Object;II)V @ 20
Event: 403.506 Thread 0x000000005dbe9000 Uncommon trap: reason=array_check action=maybe_recompile pc=0x0000000004ea1780 method=java.util.TimSort.reverseRange([Ljava/lang/Object;II)V @ 20
Event: 447.526 Thread 0x000000005dbea000 Uncommon trap: reason=class_check action=maybe_recompile pc=0x0000000004797210 method=java.lang.reflect.Array.newInstance(Ljava/lang/Class;I)Ljava/lang/Object; @ 2
Event: 448.063 Thread 0x000000005e434000 Uncommon trap: reason=speculate_class_check action=maybe_recompile pc=0x0000000003a08d00 method=com.google.common.collect.ImmutableList.listIterator(I)Lcom/google/common/collect/UnmodifiableListIterator; @ 2
Event: 448.361 Thread 0x000000005e434000 Uncommon trap: reason=null_check action=make_not_entrant pc=0x0000000004785f64 method=java.lang.ThreadLocal$ThreadLocalMap.getEntryAfterMiss(Ljava/lang/ThreadLocal;ILjava/lang/ThreadLocal$ThreadLocalMap$Entry;)Ljava/lang/ThreadLocal$ThreadLocalMap$Entry; 
Event: 448.361 Thread 0x000000005e434000 Uncommon trap: reason=null_check action=make_not_entrant pc=0x0000000003997ae8 method=java.lang.ThreadLocal$ThreadLocalMap.getEntryAfterMiss(Ljava/lang/ThreadLocal;ILjava/lang/ThreadLocal$ThreadLocalMap$Entry;)Ljava/lang/ThreadLocal$ThreadLocalMap$Entry; 
Event: 451.473 Thread 0x000000005e434000 Uncommon trap: reason=class_check action=maybe_recompile pc=0x0000000003132208 method=com.google.common.collect.Iterables.isEmpty(Ljava/lang/Iterable;)Z @ 18
Event: 453.455 Thread 0x000000005e434000 Uncommon trap: reason=predicate action=maybe_recompile pc=0x000000000393fbd0 method=java.util.ComparableTimSort.binarySort([Ljava/lang/Object;III)V @ 37
Event: 453.483 Thread 0x000000005e123000 Uncommon trap: reason=bimorphic action=maybe_recompile pc=0x0000000004b8cd20 method=com.android.tools.r8.ir.conversion.q.<init>(Lcom/android/tools/r8/ir/conversion/x;)V @ 5
Event: 453.483 Thread 0x000000005e123000 Uncommon trap: reason=bimorphic action=maybe_recompile pc=0x0000000004b8cd20 method=com.android.tools.r8.ir.conversion.q.<init>(Lcom/android/tools/r8/ir/conversion/x;)V @ 5

Classes redefined (0 events):
No events

Internal exceptions (10 events):
Event: 451.365 Thread 0x000000005e434000 Exception <a 'sun/nio/fs/WindowsException'> (0x00000000df53daf0) thrown at [C:\src\AOSP-openjdk-git\hotspot\src\share\vm\prims\jni.cpp, line 710]
Event: 451.365 Thread 0x000000005e434000 Exception <a 'sun/nio/fs/WindowsException'> (0x00000000df53f2e0) thrown at [C:\src\AOSP-openjdk-git\hotspot\src\share\vm\prims\jni.cpp, line 710]
Event: 451.365 Thread 0x000000005e434000 Exception <a 'sun/nio/fs/WindowsException'> (0x00000000df540b40) thrown at [C:\src\AOSP-openjdk-git\hotspot\src\share\vm\prims\jni.cpp, line 710]
Event: 451.366 Thread 0x000000005e434000 Exception <a 'sun/nio/fs/WindowsException'> (0x00000000df5452c0) thrown at [C:\src\AOSP-openjdk-git\hotspot\src\share\vm\prims\jni.cpp, line 710]
Event: 451.366 Thread 0x000000005e434000 Exception <a 'sun/nio/fs/WindowsException'> (0x00000000df546af0) thrown at [C:\src\AOSP-openjdk-git\hotspot\src\share\vm\prims\jni.cpp, line 710]
Event: 451.367 Thread 0x000000005e434000 Exception <a 'sun/nio/fs/WindowsException'> (0x00000000df548390) thrown at [C:\src\AOSP-openjdk-git\hotspot\src\share\vm\prims\jni.cpp, line 710]
Event: 451.367 Thread 0x000000005e434000 Exception <a 'sun/nio/fs/WindowsException'> (0x00000000df54ad00) thrown at [C:\src\AOSP-openjdk-git\hotspot\src\share\vm\prims\jni.cpp, line 710]
Event: 451.367 Thread 0x000000005e434000 Exception <a 'sun/nio/fs/WindowsException'> (0x00000000df54c540) thrown at [C:\src\AOSP-openjdk-git\hotspot\src\share\vm\prims\jni.cpp, line 710]
Event: 451.367 Thread 0x000000005e434000 Exception <a 'sun/nio/fs/WindowsException'> (0x00000000df54ddf0) thrown at [C:\src\AOSP-openjdk-git\hotspot\src\share\vm\prims\jni.cpp, line 710]
Event: 453.475 Thread 0x000000005e123000 Exception <a 'sun/nio/fs/WindowsException'> (0x00000000e213fa60) thrown at [C:\src\AOSP-openjdk-git\hotspot\src\share\vm\prims\jni.cpp, line 710]

Events (10 events):
Event: 453.455 Thread 0x000000005e434000 DEOPT PACKING pc=0x000000000393fbd0 sp=0x000000005ac68bd0
Event: 453.455 Thread 0x000000005e434000 DEOPT UNPACKING pc=0x000000000286557b sp=0x000000005ac68b90 mode 2
Event: 453.468 Thread 0x000000005e11e800 Thread added: 0x000000005e11e800
Event: 453.468 Thread 0x000000005e123000 Thread added: 0x000000005e123000
Event: 453.483 Thread 0x000000005e123000 Uncommon trap: trap_request=0xffffffc6 fr.pc=0x0000000004b8cd20
Event: 453.483 Thread 0x000000005e123000 DEOPT PACKING pc=0x0000000004b8cd20 sp=0x0000000063cecee0
Event: 453.483 Thread 0x000000005e123000 DEOPT UNPACKING pc=0x000000000286557b sp=0x0000000063cece20 mode 2
Event: 453.483 Thread 0x000000005e123000 Uncommon trap: trap_request=0xffffffc6 fr.pc=0x0000000004b8cd20
Event: 453.483 Thread 0x000000005e123000 DEOPT PACKING pc=0x0000000004b8cd20 sp=0x0000000063cecee0
Event: 453.483 Thread 0x000000005e123000 DEOPT UNPACKING pc=0x000000000286557b sp=0x0000000063cece20 mode 2


Dynamic libraries:
0x000000013f8c0000 - 0x000000013f8f1000 	X:\Program Files\Android\Android Studio\jre\bin\java.exe
0x00000000774f0000 - 0x000000007768f000 	X:\Windows\SYSTEM32\ntdll.dll
0x00000000773d0000 - 0x00000000774ef000 	X:\Windows\system32\kernel32.dll
0x000007fefd3d0000 - 0x000007fefd43a000 	X:\Windows\system32\KERNELBASE.dll
0x000007feff1f0000 - 0x000007feff2cb000 	X:\Windows\system32\ADVAPI32.dll
0x000007fefe2b0000 - 0x000007fefe34f000 	X:\Windows\system32\msvcrt.dll
0x000007feff2d0000 - 0x000007feff2ef000 	X:\Windows\SYSTEM32\sechost.dll
0x000007feff5d0000 - 0x000007feff6fc000 	X:\Windows\system32\RPCRT4.dll
0x00000000772d0000 - 0x00000000773ca000 	X:\Windows\system32\USER32.dll
0x000007fefded0000 - 0x000007fefdf37000 	X:\Windows\system32\GDI32.dll
0x000007feff5c0000 - 0x000007feff5ce000 	X:\Windows\system32\LPK.dll
0x000007fefd960000 - 0x000007fefda29000 	X:\Windows\system32\USP10.dll
0x000007fefc280000 - 0x000007fefc474000 	X:\Windows\WinSxS\amd64_microsoft.windows.common-controls_6595b64144ccf1df_6.0.7601.17514_none_fa396087175ac9ac\COMCTL32.dll
0x000007feff760000 - 0x000007feff7d1000 	X:\Windows\system32\SHLWAPI.dll
0x000007fefdd10000 - 0x000007fefdd3e000 	X:\Windows\system32\IMM32.DLL
0x000007fefe350000 - 0x000007fefe459000 	X:\Windows\system32\MSCTF.dll
0x0000000073db0000 - 0x0000000073e82000 	X:\Program Files\Android\Android Studio\jre\jre\bin\msvcr100.dll
0x000000006bb60000 - 0x000000006c3ab000 	X:\Program Files\Android\Android Studio\jre\jre\bin\server\jvm.dll
0x000007fef4580000 - 0x000007fef4589000 	X:\Windows\system32\WSOCK32.dll
0x000007feff700000 - 0x000007feff74d000 	X:\Windows\system32\WS2_32.dll
0x000007feff750000 - 0x000007feff758000 	X:\Windows\system32\NSI.dll
0x000007fef7130000 - 0x000007fef716b000 	X:\Windows\system32\WINMM.dll
0x000007fefc090000 - 0x000007fefc09c000 	X:\Windows\system32\VERSION.dll
0x00000000776a0000 - 0x00000000776a7000 	X:\Windows\system32\PSAPI.DLL
0x000007fefb210000 - 0x000007fefb21f000 	X:\Program Files\Android\Android Studio\jre\jre\bin\verify.dll
0x000007fef8aa0000 - 0x000007fef8ac9000 	X:\Program Files\Android\Android Studio\jre\jre\bin\java.dll
0x000007fef8a40000 - 0x000007fef8a56000 	X:\Program Files\Android\Android Studio\jre\jre\bin\zip.dll
0x000007fefe460000 - 0x000007feff1ea000 	X:\Windows\system32\SHELL32.dll
0x000007fefe0a0000 - 0x000007fefe2a3000 	X:\Windows\system32\ole32.dll
0x000007fefd290000 - 0x000007fefd29f000 	X:\Windows\system32\profapi.dll
0x000007fef8a20000 - 0x000007fef8a3a000 	X:\Program Files\Android\Android Studio\jre\jre\bin\net.dll
0x000007fefc950000 - 0x000007fefc9a5000 	X:\Windows\system32\mswsock.dll
0x000007fefc940000 - 0x000007fefc947000 	X:\Windows\System32\wship6.dll
0x000007fef70f0000 - 0x000007fef7103000 	X:\Program Files\Android\Android Studio\jre\jre\bin\nio.dll
0x000007fef3d70000 - 0x000007fef3d96000 	X:\Users\Sohan\.gradle\native\31\windows-amd64\native-platform.dll
0x000007fef74b0000 - 0x000007fef74b3000 	X:\Windows\system32\api-ms-win-core-synch-l1-2-0.DLL
0x000007fefb200000 - 0x000007fefb20d000 	X:\Program Files\Android\Android Studio\jre\jre\bin\management.dll
0x000007fefc9b0000 - 0x000007fefc9c8000 	X:\Windows\system32\CRYPTSP.dll
0x000007fefc6b0000 - 0x000007fefc6f7000 	X:\Windows\system32\rsaenh.dll
0x000007fefd2b0000 - 0x000007fefd2ce000 	X:\Windows\system32\USERENV.dll
0x000007fefd120000 - 0x000007fefd12f000 	X:\Windows\system32\CRYPTBASE.dll
0x000007fefa990000 - 0x000007fefa9b7000 	X:\Windows\system32\IPHLPAPI.DLL
0x000007fefa970000 - 0x000007fefa97b000 	X:\Windows\system32\WINNSI.DLL
0x000007fefa780000 - 0x000007fefa798000 	X:\Windows\system32\dhcpcsvc.DLL
0x000007fefa760000 - 0x000007fefa771000 	X:\Windows\system32\dhcpcsvc6.DLL
0x000007fefd080000 - 0x000007fefd0d7000 	X:\Windows\system32\apphelp.dll
0x000007fefa100000 - 0x000007fefa225000 	X:\Windows\system32\dbghelp.dll

VM Arguments:
jvm_args: -Xmx2048m -Dfile.encoding=windows-1252 -Duser.country=US -Duser.language=en -Duser.variant 
java_command: org.gradle.launcher.daemon.bootstrap.GradleDaemon 6.1.1
java_class_path (initial): X:\Users\Sohan\.gradle\wrapper\dists\gradle-6.1.1-all\cfmwm155h49vnt3hynmlrsdst\gradle-6.1.1\lib\gradle-launcher-6.1.1.jar
Launcher Type: SUN_STANDARD

Environment Variables:
JAVA_HOME=X:\Program Files\Java\jdk1.8.0_301
PATH=X:\Program Files\Common Files\Oracle\Java\javapath;X:\Windows\system32;X:\Windows;X:\Windows\System32\Wbem;X:\Windows\System32\WindowsPowerShell\v1.0\;X:\Program Files (x86)\GtkSharp\2.12\bin;C:\Git\cmd
USERNAME=Sohan
OS=Windows_NT
PROCESSOR_IDENTIFIER=Intel64 Family 15 Model 6 Stepping 5, GenuineIntel



---------------  S Y S T E M  ---------------

OS: Windows 7 , 64 bit Build 7601 (6.1.7601.24384)

CPU:total 2 (initial active 2) (2 cores per cpu, 1 threads per core) family 15 model 6 stepping 5, cmov, cx8, fxsr, mmx, sse, sse2, sse3, tsc

Memory: 4k page, physical 3135600k(287848k free), swap 6269296k(2869392k free)

vm_info: OpenJDK 64-Bit Server VM (25.242-b01) for windows-amd64 JRE (1.8.0_242-release-1644-b01), built by "builder" with MS VC++ 10.0 (VS2010)

time: Sun Jan 01 03:31:53 2006
timezone: India Standard Time
elapsed time: 454 seconds (0d 0h 7m 34s)

