#
# A fatal error has been detected by the Java Runtime Environment:
#
#  EXCEPTION_ACCESS_VIOLATION (0xc0000005) at pc=0x000000006778f308, pid=3860, tid=0x0000000000000dc0
#
# JRE version: OpenJDK Runtime Environment (8.0_242-b01) (build 1.8.0_242-release-1644-b01)
# Java VM: OpenJDK 64-Bit Server VM (25.242-b01 mixed mode windows-amd64 compressed oops)
# Problematic frame:
# V  [jvm.dll+0x1f308]
#
# Failed to write core dump. Minidumps are not enabled by default on client versions of Windows
#
# If you would like to submit a bug report, please visit:
#   
#

---------------  T H R E A D  ---------------

Current thread (0x00000000573b0000):  JavaThread "C2 CompilerThread0" daemon [_thread_in_vm, id=3520, stack(0x0000000058730000,0x0000000058830000)]

siginfo: ExceptionCode=0xc0000005, reading address 0x0000000000000008

Registers:
RAX=0x00000000573b0000, RBX=0x0000000016a100f0, RCX=0x0000000016a100f0, RDX=0x0000000016a100f0
RSP=0x000000005882a2f0, RBP=0x000000005a69b260, RSI=0x0000000016a100f0, RDI=0x0000000000000000
R8 =0x0000000000000000, R9 =0x0000000000000001, R10=0x000000005a69b490, R11=0x000000005e29df80
R12=0x00000000573b0000, R13=0x000000005a69b260, R14=0x000000005de5f6c0, R15=0x000000005de64ab0
RIP=0x000000006778f308, EFLAGS=0x0000000000010202

Top of Stack: (sp=0x000000005882a2f0)
0x000000005882a2f0:   000000005dca7c20 0000000000000000
0x000000005882a300:   000000005882a610 0000000067b9cf52
0x000000005882a310:   000000005882a610 000000005dca7c20
0x000000005882a320:   000000005dcc9910 0000000067c70e2b
0x000000005882a330:   0000000000000242 000000006778f699
0x000000005882a340:   000000003f7fffef 0000000000000000
0x000000005882a350:   0000000000000001 000000005de64b00
0x000000005882a360:   000000005733be10 000000005de64af0
0x000000005882a370:   0000000016a100f0 000000006778af07
0x000000005882a380:   000000005de64b00 0000000016a100f0
0x000000005882a390:   0000000000000000 00000000596624a0
0x000000005882a3a0:   0000000000000000 000000006778b3d9
0x000000005882a3b0:   000000005de64ac0 000000005882f9c0
0x000000005882a3c0:   000000005882e3e0 00000000645bb0a8
0x000000005882a3d0:   000000005de64af0 000000006778bfff
0x000000005882a3e0:   0000000000000000 000000005de64ab0 

Instructions: (pc=0x000000006778f308)
0x000000006778f2e8:   00 48 8b da ff 15 ae 00 59 00 44 0f b6 05 8a b8
0x000000006778f2f8:   78 00 4c 8b e0 45 84 c0 74 39 4c 8b 03 48 8b cb
0x000000006778f308:   41 ff 50 08 84 c0 74 2b 83 7b 08 00 7e 25 0f b6
0x000000006778f318:   83 00 01 00 00 c0 e8 03 a8 01 74 17 48 8b 03 48 


Register to memory mapping:

RAX=0x00000000573b0000 is a thread
RBX=0x0000000016a100f0 is pointing into metadata
RCX=0x0000000016a100f0 is pointing into metadata
RDX=0x0000000016a100f0 is pointing into metadata
RSP=0x000000005882a2f0 is pointing into the stack for thread: 0x00000000573b0000
RBP=0x000000005a69b260 is an unknown value
RSI=0x0000000016a100f0 is pointing into metadata
RDI=0x0000000000000000 is an unknown value
R8 =0x0000000000000000 is an unknown value
R9 =0x0000000000000001 is an unknown value
R10=0x000000005a69b490 is an unknown value
R11=0x000000005e29df80 is an unknown value
R12=0x00000000573b0000 is a thread
R13=0x000000005a69b260 is an unknown value
R14=0x000000005de5f6c0 is an unknown value
R15=0x000000005de64ab0 is an unknown value


Stack: [0x0000000058730000,0x0000000058830000],  sp=0x000000005882a2f0,  free space=1000k
Native frames: (J=compiled Java code, j=interpreted, Vv=VM code, C=native code)
V  [jvm.dll+0x1f308]
V  [jvm.dll+0x1f699]
V  [jvm.dll+0x1af07]
V  [jvm.dll+0x1b3d9]
V  [jvm.dll+0x1bfff]
V  [jvm.dll+0x1c291]
V  [jvm.dll+0x17001]
V  [jvm.dll+0x4d4b34]
V  [jvm.dll+0x42bfd0]
V  [jvm.dll+0x451006]
V  [jvm.dll+0x4dba6d]
V  [jvm.dll+0x4d4567]
V  [jvm.dll+0x4d48e9]
V  [jvm.dll+0x4d4e7f]
V  [jvm.dll+0x42bfd0]
V  [jvm.dll+0x42e698]
V  [jvm.dll+0x44455f]
V  [jvm.dll+0x4447b4]
V  [jvm.dll+0x446431]
V  [jvm.dll+0x447f14]
V  [jvm.dll+0x42b072]
V  [jvm.dll+0x8230f]
V  [jvm.dll+0x82c7f]
V  [jvm.dll+0x220b7f]
V  [jvm.dll+0x27276a]
C  [msvcr100.dll+0x21d9f]
C  [msvcr100.dll+0x21e3b]
C  [kernel32.dll+0x1570d]
C  [ntdll.dll+0x5385d]


Current CompileTask:
C2: 583291 16936 %     4       com.android.tools.r8.ir.regalloc.a::a @ 681 (1759 bytes)


---------------  P R O C E S S  ---------------

Java Threads: ( => current thread )
  0x000000005e207000 JavaThread "Cache worker for execution history cache (X:\Users\Sohan\AndroidStudioProjects\Xment\.gradle\6.1.1\executionHistory)" [_thread_blocked, id=1172, stack(0x0000000064770000,0x0000000064870000)]
  0x000000005e20a000 JavaThread "Execution worker for ':'" [_thread_blocked, id=2768, stack(0x0000000062980000,0x0000000062a80000)]
  0x000000005e206800 JavaThread "Cache worker for file content cache (X:\Users\Sohan\AndroidStudioProjects\Xment\.gradle\6.1.1\fileContent)" [_thread_blocked, id=3120, stack(0x0000000062e70000,0x0000000062f70000)]
  0x000000005e204800 JavaThread "Cache worker for Build Output Cleanup Cache (X:\Users\Sohan\AndroidStudioProjects\Xment\.gradle\buildOutputCleanup)" [_thread_blocked, id=1784, stack(0x00000000623c0000,0x00000000624c0000)]
  0x000000005e208800 JavaThread "pool-6-thread-1" [_thread_blocked, id=4008, stack(0x0000000062d60000,0x0000000062e60000)]
  0x000000005e209800 JavaThread "Build operations Thread 2" [_thread_blocked, id=3088, stack(0x000000005fe10000,0x000000005ff10000)]
  0x000000005e204000 JavaThread "Build operations" [_thread_blocked, id=3680, stack(0x0000000060400000,0x0000000060500000)]
  0x00000000645ca000 JavaThread "Cache worker for cache directory md-rule (X:\Users\Sohan\.gradle\caches\6.1.1\md-rule)" [_thread_blocked, id=3644, stack(0x000000005bae0000,0x000000005bbe0000)]
  0x00000000645c9800 JavaThread "Cache worker for cache directory md-supplier (X:\Users\Sohan\.gradle\caches\6.1.1\md-supplier)" [_thread_blocked, id=2536, stack(0x000000005fc40000,0x000000005fd40000)]
  0x00000000645c8800 JavaThread "Cache worker for file hash cache (X:\Users\Sohan\AndroidStudioProjects\Xment\.gradle\6.1.1\fileHashes)" [_thread_blocked, id=4092, stack(0x000000005bd40000,0x000000005be40000)]
  0x00000000645c8000 JavaThread "Cache worker for checksums cache (X:\Users\Sohan\AndroidStudioProjects\Xment\.gradle\checksums)" [_thread_blocked, id=2088, stack(0x000000005ec30000,0x000000005ed30000)]
  0x00000000645c7000 JavaThread "Thread-79" [_thread_blocked, id=2448, stack(0x000000005c520000,0x000000005c620000)]
  0x00000000645c6800 JavaThread "Stdin handler" [_thread_blocked, id=3336, stack(0x000000005b930000,0x000000005ba30000)]
  0x000000005c980000 JavaThread "Asynchronous log dispatcher for DefaultDaemonConnection: socket connection from /127.0.0.1:51563 to /127.0.0.1:51744" [_thread_blocked, id=3592, stack(0x000000005b1f0000,0x000000005b2f0000)]
  0x000000005c97f000 JavaThread "Cancel handler" [_thread_blocked, id=3180, stack(0x000000005b820000,0x000000005b920000)]
  0x000000005c97a800 JavaThread "Handler for socket connection from /127.0.0.1:51563 to /127.0.0.1:51744" [_thread_in_native, id=3396, stack(0x000000005b370000,0x000000005b470000)]
  0x000000005c97a000 JavaThread "Daemon worker Thread 3" [_thread_blocked, id=260, stack(0x000000005b6e0000,0x000000005b7e0000)]
  0x000000005c97c000 JavaThread "Daemon Thread 3" [_thread_blocked, id=3840, stack(0x000000005b0d0000,0x000000005b1d0000)]
  0x000000005c97e800 JavaThread "Cache worker for file content cache (X:\Users\Sohan\.gradle\caches\6.1.1\fileContent)" [_thread_blocked, id=468, stack(0x000000005ed50000,0x000000005ee50000)]
  0x000000005c97d800 JavaThread "Memory manager" [_thread_blocked, id=3676, stack(0x0000000062250000,0x0000000062350000)]
  0x000000005a8f5000 JavaThread "Cache worker for execution history cache (X:\Users\Sohan\.gradle\caches\6.1.1\executionHistory)" [_thread_blocked, id=4072, stack(0x000000005eef0000,0x000000005eff0000)]
  0x000000005a8f1000 JavaThread "Cache worker for file hash cache (X:\Users\Sohan\.gradle\caches\6.1.1\fileHashes)" [_thread_blocked, id=3600, stack(0x000000005c1e0000,0x000000005c2e0000)]
  0x000000005a8f0800 JavaThread "File lock request listener" [_thread_in_native, id=3880, stack(0x000000005c080000,0x000000005c180000)]
  0x000000005a6e9000 JavaThread "Cache worker for journal cache (X:\Users\Sohan\.gradle\caches\journal-1)" [_thread_blocked, id=3232, stack(0x000000005bc40000,0x000000005bd40000)]
  0x000000005a624000 JavaThread "Daemon periodic checks" [_thread_blocked, id=700, stack(0x000000005af70000,0x000000005b070000)]
  0x000000005a601800 JavaThread "Incoming local TCP Connector on port 51563" [_thread_in_native, id=3280, stack(0x0000000059160000,0x0000000059260000)]
  0x000000005a504800 JavaThread "Daemon health stats" [_thread_blocked, id=3724, stack(0x0000000058c50000,0x0000000058d50000)]
  0x0000000058848800 JavaThread "Service Thread" daemon [_thread_blocked, id=1812, stack(0x0000000058df0000,0x0000000058ef0000)]
  0x00000000573b4000 JavaThread "C1 CompilerThread1" daemon [_thread_blocked, id=1320, stack(0x00000000582f0000,0x00000000583f0000)]
=>0x00000000573b0000 JavaThread "C2 CompilerThread0" daemon [_thread_in_vm, id=3520, stack(0x0000000058730000,0x0000000058830000)]
  0x00000000573ae000 JavaThread "Attach Listener" daemon [_thread_blocked, id=1332, stack(0x0000000058560000,0x0000000058660000)]
  0x00000000573ac800 JavaThread "Signal Dispatcher" daemon [_thread_blocked, id=3980, stack(0x00000000583f0000,0x00000000584f0000)]
  0x000000005738d800 JavaThread "Finalizer" daemon [_thread_blocked, id=3608, stack(0x0000000058110000,0x0000000058210000)]
  0x0000000057384800 JavaThread "Reference Handler" daemon [_thread_blocked, id=2232, stack(0x0000000057d30000,0x0000000057e30000)]
  0x000000000027e800 JavaThread "main" [_thread_blocked, id=3124, stack(0x00000000022c0000,0x00000000023c0000)]

Other Threads:
  0x000000005733c800 VMThread [stack: 0x0000000057e70000,0x0000000057f70000] [id=3312]
  0x0000000058859000 WatcherThread [stack: 0x0000000058fe0000,0x00000000590e0000] [id=4024]

VM state:not at safepoint (normal execution)

VM Mutex/Monitor currently owned by a thread: None

heap address: 0x0000000080000000, size: 2048 MB, Compressed Oops mode: 32-bit
Narrow klass base: 0x0000000000000000, Narrow klass shift: 0
Compressed class space size: 1073741824 Address: 0x0000000016a10000

Heap:
 PSYoungGen      total 582144K, used 552162K [0x00000000d5580000, 0x00000000fac00000, 0x0000000100000000)
  eden space 564224K, 94% used [0x00000000d5580000,0x00000000f5f8e6e8,0x00000000f7c80000)
  from space 17920K, 98% used [0x00000000f9a80000,0x00000000fabaa130,0x00000000fac00000)
  to   space 23552K, 0% used [0x00000000f7e00000,0x00000000f7e00000,0x00000000f9500000)
 ParOldGen       total 114688K, used 52041K [0x0000000080000000, 0x0000000087000000, 0x00000000d5580000)
  object space 114688K, 45% used [0x0000000080000000,0x00000000832d27a0,0x0000000087000000)
 Metaspace       used 84891K, capacity 89454K, committed 89640K, reserved 1126400K
  class space    used 11111K, capacity 11964K, committed 12080K, reserved 1048576K

Card table byte_map: [0x0000000011ae0000,0x0000000011ef0000] byte_map_base: 0x00000000116e0000

Marking Bits: (ParMarkBitMap*) 0x0000000067f3f030
 Begin Bits: [0x0000000012610000, 0x0000000014610000)
 End Bits:   [0x0000000014610000, 0x0000000016610000)

Polling page: 0x0000000000230000

CodeCache: size=245760Kb used=48478Kb max_used=48736Kb free=197282Kb
 bounds [0x0000000002720000, 0x00000000056f0000, 0x0000000011720000]
 total_blobs=15088 nmethods=14244 adapters=756
 compilation: enabled

Compilation events (10 events):
Event: 580.856 Thread 0x00000000573b4000 17096       1       sun.nio.ch.SocketChannelImpl::getFDVal (5 bytes)
Event: 580.856 Thread 0x00000000573b4000 nmethod 17096 0x0000000002d50e10 code [0x0000000002d50f60, 0x0000000002d51070]
Event: 581.034 Thread 0x00000000573b4000 17097 %     3       com.esotericsoftware.kryo.io.Output::writeString_slow @ 0 (238 bytes)
Event: 581.036 Thread 0x00000000573b4000 nmethod 17097% 0x0000000003fa4090 code [0x0000000003fa4260, 0x0000000003fa49b8]
Event: 581.038 Thread 0x00000000573b4000 17098       3       com.esotericsoftware.kryo.io.Output::writeString_slow (238 bytes)
Event: 581.039 Thread 0x00000000573b4000 nmethod 17098 0x0000000003fa3390 code [0x0000000003fa3560, 0x0000000003fa3c18]
Event: 582.815 Thread 0x00000000573b0000 nmethod 16932 0x0000000005325b90 code [0x0000000005327540, 0x0000000005335958]
Event: 582.819 Thread 0x00000000573b0000 16889       4       java.util.Arrays::equals (78 bytes)
Event: 582.823 Thread 0x00000000573b0000 nmethod 16889 0x00000000031cdf50 code [0x00000000031ce0a0, 0x00000000031ce218]
Event: 582.825 Thread 0x00000000573b0000 16936 %     4       com.android.tools.r8.ir.regalloc.a::a @ 681 (1759 bytes)

GC Heap History (10 events):
Event: 506.288 GC heap before
{Heap before GC invocations=30 (full 4):
 PSYoungGen      total 442368K, used 425700K [0x00000000d5580000, 0x00000000f4380000, 0x0000000100000000)
  eden space 419328K, 100% used [0x00000000d5580000,0x00000000eef00000,0x00000000eef00000)
  from space 23040K, 27% used [0x00000000eef00000,0x00000000ef539080,0x00000000f0580000)
  to   space 22528K, 0% used [0x00000000f2d80000,0x00000000f2d80000,0x00000000f4380000)
 ParOldGen       total 114688K, used 52033K [0x0000000080000000, 0x0000000087000000, 0x00000000d5580000)
  object space 114688K, 45% used [0x0000000080000000,0x00000000832d07a0,0x0000000087000000)
 Metaspace       used 83475K, capacity 87838K, committed 88104K, reserved 1126400K
  class space    used 10970K, capacity 11792K, committed 11824K, reserved 1048576K
Event: 506.420 GC heap after
Heap after GC invocations=30 (full 4):
 PSYoungGen      total 482304K, used 15913K [0x00000000d5580000, 0x00000000f4700000, 0x0000000100000000)
  eden space 459776K, 0% used [0x00000000d5580000,0x00000000d5580000,0x00000000f1680000)
  from space 22528K, 70% used [0x00000000f2d80000,0x00000000f3d0a7d0,0x00000000f4380000)
  to   space 23552K, 0% used [0x00000000f1680000,0x00000000f1680000,0x00000000f2d80000)
 ParOldGen       total 114688K, used 52033K [0x0000000080000000, 0x0000000087000000, 0x00000000d5580000)
  object space 114688K, 45% used [0x0000000080000000,0x00000000832d07a0,0x0000000087000000)
 Metaspace       used 83475K, capacity 87838K, committed 88104K, reserved 1126400K
  class space    used 10970K, capacity 11792K, committed 11824K, reserved 1048576K
}
Event: 514.546 GC heap before
{Heap before GC invocations=31 (full 4):
 PSYoungGen      total 482304K, used 475689K [0x00000000d5580000, 0x00000000f4700000, 0x0000000100000000)
  eden space 459776K, 100% used [0x00000000d5580000,0x00000000f1680000,0x00000000f1680000)
  from space 22528K, 70% used [0x00000000f2d80000,0x00000000f3d0a7d0,0x00000000f4380000)
  to   space 23552K, 0% used [0x00000000f1680000,0x00000000f1680000,0x00000000f2d80000)
 ParOldGen       total 114688K, used 52033K [0x0000000080000000, 0x0000000087000000, 0x00000000d5580000)
  object space 114688K, 45% used [0x0000000080000000,0x00000000832d07a0,0x0000000087000000)
 Metaspace       used 83493K, capacity 87840K, committed 88104K, reserved 1126400K
  class space    used 10970K, capacity 11793K, committed 11824K, reserved 1048576K
Event: 514.914 GC heap after
Heap after GC invocations=31 (full 4):
 PSYoungGen      total 483328K, used 14680K [0x00000000d5580000, 0x00000000f7c00000, 0x0000000100000000)
  eden space 459776K, 0% used [0x00000000d5580000,0x00000000d5580000,0x00000000f1680000)
  from space 23552K, 62% used [0x00000000f1680000,0x00000000f24d6048,0x00000000f2d80000)
  to   space 23552K, 0% used [0x00000000f6500000,0x00000000f6500000,0x00000000f7c00000)
 ParOldGen       total 114688K, used 52033K [0x0000000080000000, 0x0000000087000000, 0x00000000d5580000)
  object space 114688K, 45% used [0x0000000080000000,0x00000000832d07a0,0x0000000087000000)
 Metaspace       used 83493K, capacity 87840K, committed 88104K, reserved 1126400K
  class space    used 10970K, capacity 11793K, committed 11824K, reserved 1048576K
}
Event: 523.496 GC heap before
{Heap before GC invocations=32 (full 4):
 PSYoungGen      total 483328K, used 474456K [0x00000000d5580000, 0x00000000f7c00000, 0x0000000100000000)
  eden space 459776K, 100% used [0x00000000d5580000,0x00000000f1680000,0x00000000f1680000)
  from space 23552K, 62% used [0x00000000f1680000,0x00000000f24d6048,0x00000000f2d80000)
  to   space 23552K, 0% used [0x00000000f6500000,0x00000000f6500000,0x00000000f7c00000)
 ParOldGen       total 114688K, used 52033K [0x0000000080000000, 0x0000000087000000, 0x00000000d5580000)
  object space 114688K, 45% used [0x0000000080000000,0x00000000832d07a0,0x0000000087000000)
 Metaspace       used 83984K, capacity 88476K, committed 88744K, reserved 1126400K
  class space    used 11024K, capacity 11879K, committed 11952K, reserved 1048576K
Event: 523.640 GC heap after
Heap after GC invocations=32 (full 4):
 PSYoungGen      total 535040K, used 14340K [0x00000000d5580000, 0x00000000f7980000, 0x0000000100000000)
  eden space 514048K, 0% used [0x00000000d5580000,0x00000000d5580000,0x00000000f4b80000)
  from space 20992K, 68% used [0x00000000f6500000,0x00000000f73012c0,0x00000000f7980000)
  to   space 23552K, 0% used [0x00000000f4b80000,0x00000000f4b80000,0x00000000f6280000)
 ParOldGen       total 114688K, used 52033K [0x0000000080000000, 0x0000000087000000, 0x00000000d5580000)
  object space 114688K, 45% used [0x0000000080000000,0x00000000832d07a0,0x0000000087000000)
 Metaspace       used 83984K, capacity 88476K, committed 88744K, reserved 1126400K
  class space    used 11024K, capacity 11879K, committed 11952K, reserved 1048576K
}
Event: 530.329 GC heap before
{Heap before GC invocations=33 (full 4):
 PSYoungGen      total 535040K, used 528388K [0x00000000d5580000, 0x00000000f7980000, 0x0000000100000000)
  eden space 514048K, 100% used [0x00000000d5580000,0x00000000f4b80000,0x00000000f4b80000)
  from space 20992K, 68% used [0x00000000f6500000,0x00000000f73012c0,0x00000000f7980000)
  to   space 23552K, 0% used [0x00000000f4b80000,0x00000000f4b80000,0x00000000f6280000)
 ParOldGen       total 114688K, used 52033K [0x0000000080000000, 0x0000000087000000, 0x00000000d5580000)
  object space 114688K, 45% used [0x0000000080000000,0x00000000832d07a0,0x0000000087000000)
 Metaspace       used 84257K, capacity 88708K, committed 89000K, reserved 1126400K
  class space    used 11054K, capacity 11887K, committed 11952K, reserved 1048576K
Event: 530.442 GC heap after
Heap after GC invocations=33 (full 4):
 PSYoungGen      total 537600K, used 11277K [0x00000000d5580000, 0x00000000fb080000, 0x0000000100000000)
  eden space 514048K, 0% used [0x00000000d5580000,0x00000000d5580000,0x00000000f4b80000)
  from space 23552K, 47% used [0x00000000f4b80000,0x00000000f5683660,0x00000000f6280000)
  to   space 22528K, 0% used [0x00000000f9a80000,0x00000000f9a80000,0x00000000fb080000)
 ParOldGen       total 114688K, used 52041K [0x0000000080000000, 0x0000000087000000, 0x00000000d5580000)
  object space 114688K, 45% used [0x0000000080000000,0x00000000832d27a0,0x0000000087000000)
 Metaspace       used 84257K, capacity 88708K, committed 89000K, reserved 1126400K
  class space    used 11054K, capacity 11887K, committed 11952K, reserved 1048576K
}
Event: 573.903 GC heap before
{Heap before GC invocations=34 (full 4):
 PSYoungGen      total 537600K, used 525325K [0x00000000d5580000, 0x00000000fb080000, 0x0000000100000000)
  eden space 514048K, 100% used [0x00000000d5580000,0x00000000f4b80000,0x00000000f4b80000)
  from space 23552K, 47% used [0x00000000f4b80000,0x00000000f5683660,0x00000000f6280000)
  to   space 22528K, 0% used [0x00000000f9a80000,0x00000000f9a80000,0x00000000fb080000)
 ParOldGen       total 114688K, used 52041K [0x0000000080000000, 0x0000000087000000, 0x00000000d5580000)
  object space 114688K, 45% used [0x0000000080000000,0x00000000832d27a0,0x0000000087000000)
 Metaspace       used 84869K, capacity 89454K, committed 89640K, reserved 1126400K
  class space    used 11111K, capacity 11964K, committed 12080K, reserved 1048576K
Event: 574.070 GC heap after
Heap after GC invocations=34 (full 4):
 PSYoungGen      total 582144K, used 17576K [0x00000000d5580000, 0x00000000fac00000, 0x0000000100000000)
  eden space 564224K, 0% used [0x00000000d5580000,0x00000000d5580000,0x00000000f7c80000)
  from space 17920K, 98% used [0x00000000f9a80000,0x00000000fabaa130,0x00000000fac00000)
  to   space 23552K, 0% used [0x00000000f7e00000,0x00000000f7e00000,0x00000000f9500000)
 ParOldGen       total 114688K, used 52041K [0x0000000080000000, 0x0000000087000000, 0x00000000d5580000)
  object space 114688K, 45% used [0x0000000080000000,0x00000000832d27a0,0x0000000087000000)
 Metaspace       used 84869K, capacity 89454K, committed 89640K, reserved 1126400K
  class space    used 11111K, capacity 11964K, committed 12080K, reserved 1048576K
}

Deoptimization events (10 events):
Event: 570.156 Thread 0x000000005c97a000 Uncommon trap: reason=class_check action=maybe_recompile pc=0x000000000446a13c method=com.google.common.collect.ImmutableMap.copyOf(Ljava/util/Map;)Lcom/google/common/collect/ImmutableMap; @ 49
Event: 570.174 Thread 0x000000005c97a000 Uncommon trap: reason=class_check action=maybe_recompile pc=0x000000000446a13c method=com.google.common.collect.ImmutableMap.copyOf(Ljava/util/Map;)Lcom/google/common/collect/ImmutableMap; @ 49
Event: 570.182 Thread 0x000000005c97a000 Uncommon trap: reason=class_check action=maybe_recompile pc=0x000000000446a13c method=com.google.common.collect.ImmutableMap.copyOf(Ljava/util/Map;)Lcom/google/common/collect/ImmutableMap; @ 49
Event: 572.588 Thread 0x000000005c97a000 Uncommon trap: reason=class_check action=maybe_recompile pc=0x00000000042bc41c method=org.gradle.internal.fingerprint.impl.AbsolutePathFingerprintingStrategy$1.visitFile(Lorg/gradle/internal/snapshot/CompleteFileSystemLocationSnapshot;)V @ 18
Event: 572.850 Thread 0x000000005c97a000 Uncommon trap: reason=predicate action=maybe_recompile pc=0x00000000051c56bc method=com.android.tools.r8.ir.optimize.Z.a(Lcom/android/tools/r8/u/b/W;Lcom/android/tools/r8/ir/regalloc/e;I)V @ 330
Event: 573.000 Thread 0x000000005c97a000 Uncommon trap: reason=null_check action=make_not_entrant pc=0x00000000055e3860 method=com.android.tools.r8.ir.analysis.type.a.a(Lcom/android/tools/r8/ir/analysis/type/l;)Lcom/android/tools/r8/ir/analysis/type/o; @ 8
Event: 573.018 Thread 0x000000005c97a000 Uncommon trap: reason=null_check action=make_not_entrant pc=0x00000000055ef4ec method=com.android.tools.r8.ir.analysis.type.a.a(Lcom/android/tools/r8/ir/analysis/type/l;)Lcom/android/tools/r8/ir/analysis/type/o; @ 8
Event: 573.101 Thread 0x000000005c97a000 Uncommon trap: reason=unstable_if action=reinterpret pc=0x0000000004027434 method=java.util.TreeSet.add(Ljava/lang/Object;)Z @ 13
Event: 579.333 Thread 0x000000005c97a000 Uncommon trap: reason=predicate action=maybe_recompile pc=0x00000000056e9cc4 method=java.util.TimSort.reverseRange([Ljava/lang/Object;II)V @ 8
Event: 580.555 Thread 0x000000005c97a000 Uncommon trap: reason=class_check action=maybe_recompile pc=0x00000000042bc41c method=org.gradle.internal.fingerprint.impl.AbsolutePathFingerprintingStrategy$1.visitFile(Lorg/gradle/internal/snapshot/CompleteFileSystemLocationSnapshot;)V @ 18

Classes redefined (0 events):
No events

Internal exceptions (10 events):
Event: 573.018 Thread 0x000000005c97a000 Implicit null exception at 0x00000000055eeed4 to 0x00000000055ef4e1
Event: 580.648 Thread 0x000000005e20a000 Exception <a 'sun/nio/fs/WindowsException'> (0x00000000f5e19c00) thrown at [C:\src\AOSP-openjdk-git\hotspot\src\share\vm\prims\jni.cpp, line 710]
Event: 580.648 Thread 0x000000005e20a000 Exception <a 'sun/nio/fs/WindowsException'> (0x00000000f5e1a880) thrown at [C:\src\AOSP-openjdk-git\hotspot\src\share\vm\prims\jni.cpp, line 710]
Event: 580.648 Thread 0x000000005e20a000 Exception <a 'sun/nio/fs/WindowsException'> (0x00000000f5e1b570) thrown at [C:\src\AOSP-openjdk-git\hotspot\src\share\vm\prims\jni.cpp, line 710]
Event: 580.649 Thread 0x000000005e20a000 Exception <a 'sun/nio/fs/WindowsException'> (0x00000000f5e1f138) thrown at [C:\src\AOSP-openjdk-git\hotspot\src\share\vm\prims\jni.cpp, line 710]
Event: 580.649 Thread 0x000000005e20a000 Exception <a 'sun/nio/fs/WindowsException'> (0x00000000f5e1fdf8) thrown at [C:\src\AOSP-openjdk-git\hotspot\src\share\vm\prims\jni.cpp, line 710]
Event: 580.649 Thread 0x000000005e20a000 Exception <a 'sun/nio/fs/WindowsException'> (0x00000000f5e20b28) thrown at [C:\src\AOSP-openjdk-git\hotspot\src\share\vm\prims\jni.cpp, line 710]
Event: 580.650 Thread 0x000000005e20a000 Exception <a 'sun/nio/fs/WindowsException'> (0x00000000f5e228f8) thrown at [C:\src\AOSP-openjdk-git\hotspot\src\share\vm\prims\jni.cpp, line 710]
Event: 580.650 Thread 0x000000005e20a000 Exception <a 'sun/nio/fs/WindowsException'> (0x00000000f5e235c8) thrown at [C:\src\AOSP-openjdk-git\hotspot\src\share\vm\prims\jni.cpp, line 710]
Event: 580.650 Thread 0x000000005e20a000 Exception <a 'sun/nio/fs/WindowsException'> (0x00000000f5e24308) thrown at [C:\src\AOSP-openjdk-git\hotspot\src\share\vm\prims\jni.cpp, line 710]

Events (10 events):
Event: 580.613 Thread 0x00000000645c7000 DEOPT UNPACKING pc=0x00000000027671d0 sp=0x000000005c61cb60 mode 0
Event: 580.629 Executing VM operation: RevokeBias
Event: 580.629 Executing VM operation: RevokeBias done
Event: 580.644 Executing VM operation: RevokeBias
Event: 580.645 Executing VM operation: RevokeBias done
Event: 580.650 Thread 0x00000000573b4000 flushing nmethod 0x00000000028fead0
Event: 580.654 Thread 0x00000000645c7000 DEOPT PACKING pc=0x00000000055b2f8d sp=0x000000005c61c740
Event: 580.654 Thread 0x00000000645c7000 DEOPT UNPACKING pc=0x00000000027671d0 sp=0x000000005c61c480 mode 0
Event: 580.656 Thread 0x00000000573b4000 flushing nmethod 0x0000000002d50e10
Event: 580.857 Thread 0x00000000573b4000 flushing nmethod 0x00000000031cda10


Dynamic libraries:
0x000000013f6b0000 - 0x000000013f6e1000 	X:\Program Files\Android\Android Studio\jre\bin\java.exe
0x0000000077100000 - 0x000000007729f000 	X:\Windows\SYSTEM32\ntdll.dll
0x0000000076ee0000 - 0x0000000076fff000 	X:\Windows\system32\kernel32.dll
0x000007fefd1e0000 - 0x000007fefd24a000 	X:\Windows\system32\KERNELBASE.dll
0x000007fefd430000 - 0x000007fefd50b000 	X:\Windows\system32\ADVAPI32.dll
0x000007fefee50000 - 0x000007fefeeef000 	X:\Windows\system32\msvcrt.dll
0x000007fefec20000 - 0x000007fefec3f000 	X:\Windows\SYSTEM32\sechost.dll
0x000007fefed20000 - 0x000007fefee4c000 	X:\Windows\system32\RPCRT4.dll
0x0000000077000000 - 0x00000000770fa000 	X:\Windows\system32\USER32.dll
0x000007fefeef0000 - 0x000007fefef57000 	X:\Windows\system32\GDI32.dll
0x000007fefd510000 - 0x000007fefd51e000 	X:\Windows\system32\LPK.dll
0x000007fefd520000 - 0x000007fefd5e9000 	X:\Windows\system32\USP10.dll
0x000007fefb8f0000 - 0x000007fefbae4000 	X:\Windows\WinSxS\amd64_microsoft.windows.common-controls_6595b64144ccf1df_6.0.7601.17514_none_fa396087175ac9ac\COMCTL32.dll
0x000007fefe940000 - 0x000007fefe9b1000 	X:\Windows\system32\SHLWAPI.dll
0x000007fefe9c0000 - 0x000007fefe9ee000 	X:\Windows\system32\IMM32.DLL
0x000007fefea70000 - 0x000007fefeb79000 	X:\Windows\system32\MSCTF.dll
0x000000006f490000 - 0x000000006f562000 	X:\Program Files\Android\Android Studio\jre\jre\bin\msvcr100.dll
0x0000000067770000 - 0x0000000067fbb000 	X:\Program Files\Android\Android Studio\jre\jre\bin\server\jvm.dll
0x000007fef9170000 - 0x000007fef9179000 	X:\Windows\system32\WSOCK32.dll
0x000007fefd3e0000 - 0x000007fefd42d000 	X:\Windows\system32\WS2_32.dll
0x000007fefe750000 - 0x000007fefe758000 	X:\Windows\system32\NSI.dll
0x000007fef87f0000 - 0x000007fef882b000 	X:\Windows\system32\WINMM.dll
0x000007fefbf80000 - 0x000007fefbf8c000 	X:\Windows\system32\VERSION.dll
0x00000000772b0000 - 0x00000000772b7000 	X:\Windows\system32\PSAPI.DLL
0x000007fefb8c0000 - 0x000007fefb8cf000 	X:\Program Files\Android\Android Studio\jre\jre\bin\verify.dll
0x000007fef4580000 - 0x000007fef45a9000 	X:\Program Files\Android\Android Studio\jre\jre\bin\java.dll
0x000007fef4480000 - 0x000007fef4496000 	X:\Program Files\Android\Android Studio\jre\jre\bin\zip.dll
0x000007fefd960000 - 0x000007fefe6ea000 	X:\Windows\system32\SHELL32.dll
0x000007feff1e0000 - 0x000007feff3e3000 	X:\Windows\system32\ole32.dll
0x000007fefce90000 - 0x000007fefce9f000 	X:\Windows\system32\profapi.dll
0x000007fef4460000 - 0x000007fef447a000 	X:\Program Files\Android\Android Studio\jre\jre\bin\net.dll
0x000007fefc5e0000 - 0x000007fefc635000 	X:\Windows\system32\mswsock.dll
0x000007fefc5d0000 - 0x000007fefc5d7000 	X:\Windows\System32\wship6.dll
0x000007fef40b0000 - 0x000007fef40c3000 	X:\Program Files\Android\Android Studio\jre\jre\bin\nio.dll
0x000007fef4500000 - 0x000007fef4526000 	X:\Users\Sohan\.gradle\native\31\windows-amd64\native-platform.dll
0x000007fef5ef0000 - 0x000007fef5ef3000 	X:\Windows\system32\api-ms-win-core-synch-l1-2-0.DLL
0x000007fefb330000 - 0x000007fefb33d000 	X:\Program Files\Android\Android Studio\jre\jre\bin\management.dll
0x000007fefc640000 - 0x000007fefc658000 	X:\Windows\system32\CRYPTSP.dll
0x000007fefc340000 - 0x000007fefc387000 	X:\Windows\system32\rsaenh.dll
0x000007fefd090000 - 0x000007fefd0ae000 	X:\Windows\system32\USERENV.dll
0x000007fefcd30000 - 0x000007fefcd3f000 	X:\Windows\system32\CRYPTBASE.dll
0x000007fefab60000 - 0x000007fefab87000 	X:\Windows\system32\IPHLPAPI.DLL
0x000007fefab40000 - 0x000007fefab4b000 	X:\Windows\system32\WINNSI.DLL
0x000007fefa700000 - 0x000007fefa718000 	X:\Windows\system32\dhcpcsvc.DLL
0x000007fefa6e0000 - 0x000007fefa6f1000 	X:\Windows\system32\dhcpcsvc6.DLL
0x000007fefcc90000 - 0x000007fefcce7000 	X:\Windows\system32\apphelp.dll
0x000007fef9dd0000 - 0x000007fef9ef5000 	X:\Windows\system32\dbghelp.dll

VM Arguments:
jvm_args: -Xmx2048m -Dfile.encoding=windows-1252 -Duser.country=US -Duser.language=en -Duser.variant 
java_command: org.gradle.launcher.daemon.bootstrap.GradleDaemon 6.1.1
java_class_path (initial): X:\Users\Sohan\.gradle\wrapper\dists\gradle-6.1.1-all\cfmwm155h49vnt3hynmlrsdst\gradle-6.1.1\lib\gradle-launcher-6.1.1.jar
Launcher Type: SUN_STANDARD

Environment Variables:
JAVA_HOME=X:\Program Files\Java\jdk1.8.0_301
PATH=X:\Program Files\Common Files\Oracle\Java\javapath;X:\Windows\system32;X:\Windows;X:\Windows\System32\Wbem;X:\Windows\System32\WindowsPowerShell\v1.0\;X:\Program Files (x86)\GtkSharp\2.12\bin;C:\Git\cmd
USERNAME=Sohan
OS=Windows_NT
PROCESSOR_IDENTIFIER=Intel64 Family 15 Model 6 Stepping 5, GenuineIntel



---------------  S Y S T E M  ---------------

OS: Windows 7 , 64 bit Build 7601 (6.1.7601.24384)

CPU:total 2 (initial active 2) (2 cores per cpu, 1 threads per core) family 15 model 6 stepping 5, cmov, cx8, fxsr, mmx, sse, sse2, sse3, tsc

Memory: 4k page, physical 3135600k(581136k free), swap 6269296k(3103696k free)

vm_info: OpenJDK 64-Bit Server VM (25.242-b01) for windows-amd64 JRE (1.8.0_242-release-1644-b01), built by "builder" with MS VC++ 10.0 (VS2010)

time: Sun Jan 01 01:59:26 2006
timezone: India Standard Time
elapsed time: 583 seconds (0d 0h 9m 43s)

