#
# A fatal error has been detected by the Java Runtime Environment:
#
#  EXCEPTION_ACCESS_VIOLATION (0xc0000005) at pc=0x000000006bfecfac, pid=3732, tid=0x000000000000068c
#
# JRE version: OpenJDK Runtime Environment (8.0_242-b01) (build 1.8.0_242-release-1644-b01)
# Java VM: OpenJDK 64-Bit Server VM (25.242-b01 mixed mode windows-amd64 compressed oops)
# Problematic frame:
# V  [jvm.dll+0x48cfac]
#
# Failed to write core dump. Minidumps are not enabled by default on client versions of Windows
#
# If you would like to submit a bug report, please visit:
#   
#

---------------  T H R E A D  ---------------

Current thread (0x0000000057223000):  JavaThread "C2 CompilerThread0" daemon [_thread_in_native, id=1676, stack(0x0000000058600000,0x0000000058700000)]

siginfo: ExceptionCode=0xc0000005, reading address 0x000000005bd2dc88

Registers:
RAX=0x00000000586fc920, RBX=0x0000000000000000, RCX=0x000000005bd2dc60, RDX=0x0000000000000000
RSP=0x00000000586fc580, RBP=0x000000005cfef9c0, RSI=0x0000000000000060, RDI=0x00000000586fc700
R8 =0x0000000000000001, R9 =0x000000005af14060, R10=0x000000006c32f750, R11=0x000000006bb60000
R12=0x0000000060e2b8b0, R13=0x000000000000000b, R14=0x000000005dd2b3f0, R15=0x00000000659ab610
RIP=0x000000006bfecfac, EFLAGS=0x0000000000010202

Top of Stack: (sp=0x00000000586fc580)
0x00000000586fc580:   0000000000001b6e 0000000000000008
0x00000000586fc590:   0000000000000001 0000000000000000
0x00000000586fc5a0:   0000000000002358 00000000571abdc0
0x00000000586fc5b0:   000000005ba91010 00000000002593a8
0x00000000586fc5c0:   000000005ba91480 000000005ba98ff8
0x00000000586fc5d0:   000000006c19f9e8 00000000571abdc0
0x00000000586fc5e0:   0000000000000010 0000000059eb0ce0
0x00000000586fc5f0:   00000000586fc6c0 00000000000003d8
0x00000000586fc600:   000000005b506838 000000005b506460
0x00000000586fc610:   0000000000000000 000000005b506450
0x00000000586fc620:   00000000586fc740 00000000586fc9b0
0x00000000586fc630:   0000000000000000 000000006bf9abf3
0x00000000586fc640:   0000000000000001 0000000000000002
0x00000000586fc650:   000000000000046c 0000000000000008
0x00000000586fc660:   0000000000000006 000000005b506450
0x00000000586fc670:   000000005af10820 000000005af14190 

Instructions: (pc=0x000000006bfecfac)
0x000000006bfecf8c:   46 18 83 f8 01 0f 86 96 00 00 00 be 08 00 00 00
0x000000006bfecf9c:   44 8d 68 ff 49 8b 46 08 48 8b 0c 06 48 8b 47 38
0x000000006bfecfac:   8b 51 28 48 8b 48 68 4c 39 24 d1 74 67 48 8b 47
0x000000006bfecfbc:   40 48 63 d2 48 8b 48 18 8b 1c 91 85 db 74 55 48 


Register to memory mapping:

RAX=0x00000000586fc920 is pointing into the stack for thread: 0x0000000057223000
RBX=0x0000000000000000 is an unknown value
RCX=0x000000005bd2dc60 is an unknown value
RDX=0x0000000000000000 is an unknown value
RSP=0x00000000586fc580 is pointing into the stack for thread: 0x0000000057223000
RBP=0x000000005cfef9c0 is an unknown value
RSI=0x0000000000000060 is an unknown value
RDI=0x00000000586fc700 is pointing into the stack for thread: 0x0000000057223000
R8 =0x0000000000000001 is an unknown value
R9 =0x000000005af14060 is an unknown value
R10=0x000000006c32f750 is an unknown value
R11=0x000000006bb60000 is an unknown value
R12=0x0000000060e2b8b0 is an unknown value
R13=0x000000000000000b is an unknown value
R14=0x000000005dd2b3f0 is an unknown value
R15=0x00000000659ab610 is an unknown value


Stack: [0x0000000058600000,0x0000000058700000],  sp=0x00000000586fc580,  free space=1009k
Native frames: (J=compiled Java code, j=interpreted, Vv=VM code, C=native code)
V  [jvm.dll+0x48cfac]
V  [jvm.dll+0x43abf3]
V  [jvm.dll+0x4456ab]
V  [jvm.dll+0x447fa8]
V  [jvm.dll+0x42b072]
V  [jvm.dll+0x8230f]
V  [jvm.dll+0x82c7f]
V  [jvm.dll+0x220b7f]
V  [jvm.dll+0x27276a]
C  [msvcr100.dll+0x21d9f]
C  [msvcr100.dll+0x21e3b]
C  [kernel32.dll+0x1570d]
C  [ntdll.dll+0x5385d]


Current CompileTask:
C2: 466213 15555       4       com.sun.tools.javac.file.ZipFileIndex$ZipDirectory::readEntry (587 bytes)


---------------  P R O C E S S  ---------------

Java Threads: ( => current thread )
  0x0000000060ae1000 JavaThread "Cache worker for Java compile cache (X:\Users\Sohan\AndroidStudioProjects\Xment\.gradle\6.1.1\javaCompile)" [_thread_blocked, id=3388, stack(0x0000000058d70000,0x0000000058e70000)]
  0x0000000060adf800 JavaThread "Cache worker for execution history cache (X:\Users\Sohan\AndroidStudioProjects\Xment\.gradle\6.1.1\executionHistory)" [_thread_blocked, id=920, stack(0x0000000063fe0000,0x00000000640e0000)]
  0x0000000060add800 JavaThread "Execution worker for ':'" [_thread_blocked, id=1696, stack(0x0000000063af0000,0x0000000063bf0000)]
  0x0000000060adf000 JavaThread "Cache worker for file content cache (X:\Users\Sohan\AndroidStudioProjects\Xment\.gradle\6.1.1\fileContent)" [_thread_blocked, id=3552, stack(0x0000000063570000,0x0000000063670000)]
  0x0000000060ae0800 JavaThread "Cache worker for Build Output Cleanup Cache (X:\Users\Sohan\AndroidStudioProjects\Xment\.gradle\buildOutputCleanup)" [_thread_blocked, id=1520, stack(0x00000000638b0000,0x00000000639b0000)]
  0x000000005af30000 JavaThread "pool-6-thread-1" [_thread_blocked, id=2552, stack(0x0000000063270000,0x0000000063370000)]
  0x000000005af2d000 JavaThread "Build operations Thread 2" [_thread_blocked, id=3956, stack(0x0000000061a70000,0x0000000061b70000)]
  0x000000005af2c000 JavaThread "Build operations" [_thread_blocked, id=1524, stack(0x0000000061de0000,0x0000000061ee0000)]
  0x000000005af2a800 JavaThread "Cache worker for cache directory md-rule (X:\Users\Sohan\.gradle\caches\6.1.1\md-rule)" [_thread_blocked, id=3108, stack(0x0000000061930000,0x0000000061a30000)]
  0x000000005af2b800 JavaThread "Cache worker for cache directory md-supplier (X:\Users\Sohan\.gradle\caches\6.1.1\md-supplier)" [_thread_blocked, id=3560, stack(0x0000000060040000,0x0000000060140000)]
  0x000000005af2e800 JavaThread "Cache worker for file hash cache (X:\Users\Sohan\AndroidStudioProjects\Xment\.gradle\6.1.1\fileHashes)" [_thread_blocked, id=3164, stack(0x000000005fc10000,0x000000005fd10000)]
  0x000000005af2d800 JavaThread "Cache worker for checksums cache (X:\Users\Sohan\AndroidStudioProjects\Xment\.gradle\checksums)" [_thread_blocked, id=980, stack(0x000000005c1e0000,0x000000005c2e0000)]
  0x000000005af2f000 JavaThread "Thread-53" [_thread_blocked, id=3600, stack(0x000000005fa00000,0x000000005fb00000)]
  0x000000005af2a000 JavaThread "Stdin handler" [_thread_blocked, id=2824, stack(0x000000005e710000,0x000000005e810000)]
  0x000000005af25800 JavaThread "Asynchronous log dispatcher for DefaultDaemonConnection: socket connection from /127.0.0.1:49753 to /127.0.0.1:49910" [_thread_blocked, id=2264, stack(0x000000005be50000,0x000000005bf50000)]
  0x000000005af23000 JavaThread "Daemon worker Thread 3" [_thread_in_native, id=3976, stack(0x000000005e190000,0x000000005e290000)]
  0x000000005af24000 JavaThread "Cancel handler" [_thread_blocked, id=1268, stack(0x0000000058fa0000,0x00000000590a0000)]
  0x000000005af27000 JavaThread "Handler for socket connection from /127.0.0.1:49753 to /127.0.0.1:49910" [_thread_in_native, id=3468, stack(0x000000005dff0000,0x000000005e0f0000)]
  0x000000005af24800 JavaThread "Daemon Thread 3" [_thread_blocked, id=1608, stack(0x000000005c0c0000,0x000000005c1c0000)]
  0x000000005b42d800 JavaThread "Cache worker for Java compile cache (X:\Users\Sohan\.gradle\caches\6.1.1\javaCompile)" [_thread_blocked, id=3192, stack(0x0000000064920000,0x0000000064a20000)]
  0x000000005a90b000 JavaThread "Cache worker for file content cache (X:\Users\Sohan\.gradle\caches\6.1.1\fileContent)" [_thread_blocked, id=264, stack(0x00000000633f0000,0x00000000634f0000)]
  0x000000005a90c000 JavaThread "Memory manager" [_thread_blocked, id=2148, stack(0x000000005ea40000,0x000000005eb40000)]
  0x000000005a90e800 JavaThread "Cache worker for execution history cache (X:\Users\Sohan\.gradle\caches\6.1.1\executionHistory)" [_thread_blocked, id=2020, stack(0x000000005e940000,0x000000005ea40000)]
  0x000000005a90a800 JavaThread "Cache worker for file hash cache (X:\Users\Sohan\.gradle\caches\6.1.1\fileHashes)" [_thread_blocked, id=3428, stack(0x000000005cca0000,0x000000005cda0000)]
  0x000000005a909800 JavaThread "File lock request listener" [_thread_in_native, id=3200, stack(0x000000005caf0000,0x000000005cbf0000)]
  0x000000005a059000 JavaThread "Cache worker for journal cache (X:\Users\Sohan\.gradle\caches\journal-1)" [_thread_blocked, id=3252, stack(0x000000005c9c0000,0x000000005cac0000)]
  0x000000005a1a6000 JavaThread "Daemon periodic checks" [_thread_blocked, id=1600, stack(0x000000005bf50000,0x000000005c050000)]
  0x000000005a1a4800 JavaThread "Incoming local TCP Connector on port 49753" [_thread_in_native, id=3900, stack(0x0000000058b30000,0x0000000058c30000)]
  0x000000005a935000 JavaThread "Daemon health stats" [_thread_blocked, id=3536, stack(0x000000005a9d0000,0x000000005aad0000)]
  0x000000005727d000 JavaThread "Service Thread" daemon [_thread_blocked, id=1536, stack(0x0000000058c70000,0x0000000058d70000)]
  0x0000000057227000 JavaThread "C1 CompilerThread1" daemon [_thread_blocked, id=672, stack(0x0000000058170000,0x0000000058270000)]
=>0x0000000057223000 JavaThread "C2 CompilerThread0" daemon [_thread_in_native, id=1676, stack(0x0000000058600000,0x0000000058700000)]
  0x0000000057221000 JavaThread "Attach Listener" daemon [_thread_blocked, id=3424, stack(0x0000000058460000,0x0000000058560000)]
  0x0000000057220000 JavaThread "Signal Dispatcher" daemon [_thread_blocked, id=3368, stack(0x0000000058280000,0x0000000058380000)]
  0x0000000057201000 JavaThread "Finalizer" daemon [_thread_blocked, id=1580, stack(0x0000000057fd0000,0x00000000580d0000)]
  0x00000000571f8000 JavaThread "Reference Handler" daemon [_thread_blocked, id=3184, stack(0x0000000057e70000,0x0000000057f70000)]
  0x00000000004ae800 JavaThread "main" [_thread_blocked, id=4068, stack(0x00000000022a0000,0x00000000023a0000)]

Other Threads:
  0x00000000571ac800 VMThread [stack: 0x0000000057c30000,0x0000000057d30000] [id=1296]
  0x000000005727e800 WatcherThread [stack: 0x0000000058e90000,0x0000000058f90000] [id=3272]

VM state:not at safepoint (normal execution)

VM Mutex/Monitor currently owned by a thread: None

heap address: 0x0000000080000000, size: 2048 MB, Compressed Oops mode: 32-bit
Narrow klass base: 0x0000000000000000, Narrow klass shift: 0
Compressed class space size: 1073741824 Address: 0x0000000016880000

Heap:
 PSYoungGen      total 330240K, used 211685K [0x00000000d5580000, 0x00000000ec600000, 0x0000000100000000)
  eden space 305664K, 69% used [0x00000000d5580000,0x00000000e2439768,0x00000000e8000000)
  from space 24576K, 0% used [0x00000000ea180000,0x00000000ea180000,0x00000000eb980000)
  to   space 34304K, 0% used [0x00000000e8000000,0x00000000e8000000,0x00000000ea180000)
 ParOldGen       total 142336K, used 75149K [0x0000000080000000, 0x0000000088b00000, 0x00000000d5580000)
  object space 142336K, 52% used [0x0000000080000000,0x0000000084963570,0x0000000088b00000)
 Metaspace       used 98688K, capacity 103354K, committed 103576K, reserved 1138688K
  class space    used 13058K, capacity 13985K, committed 13992K, reserved 1048576K

Card table byte_map: [0x0000000011b00000,0x0000000011f10000] byte_map_base: 0x0000000011700000

Marking Bits: (ParMarkBitMap*) 0x000000006c32f030
 Begin Bits: [0x0000000012480000, 0x0000000014480000)
 End Bits:   [0x0000000014480000, 0x0000000016480000)

Polling page: 0x0000000000230000

CodeCache: size=245760Kb used=42614Kb max_used=42614Kb free=203145Kb
 bounds [0x0000000002740000, 0x0000000005110000, 0x0000000011740000]
 total_blobs=13972 nmethods=13084 adapters=800
 compilation: enabled

Compilation events (10 events):
Event: 464.330 Thread 0x0000000057227000 15584       3       com.sun.tools.javac.jvm.ClassReader::ensureCapacity (28 bytes)
Event: 464.331 Thread 0x0000000057227000 nmethod 15584 0x0000000005102250 code [0x00000000051023c0, 0x0000000005102698]
Event: 464.331 Thread 0x0000000057227000 15585       3       com.sun.tools.javac.jvm.Target::MAX (4 bytes)
Event: 464.331 Thread 0x0000000057227000 nmethod 15585 0x0000000005102790 code [0x00000000051028e0, 0x0000000005102a10]
Event: 464.331 Thread 0x0000000057227000 15586       3       com.sun.tools.javac.jvm.Target::MIN (4 bytes)
Event: 464.332 Thread 0x0000000057227000 nmethod 15586 0x0000000005102a90 code [0x0000000005102be0, 0x0000000005102d10]
Event: 464.520 Thread 0x0000000057227000 15587       2       org.gradle.internal.time.MonotonicClock::advance (33 bytes)
Event: 464.520 Thread 0x0000000057227000 nmethod 15587 0x0000000005102d90 code [0x0000000005102f00, 0x0000000005103110]
Event: 464.745 Thread 0x0000000057227000 15588   !   3       com.sun.tools.javac.comp.Annotate::flush (185 bytes)
Event: 464.747 Thread 0x0000000057227000 nmethod 15588 0x0000000005103250 code [0x0000000005103520, 0x0000000005104858]

GC Heap History (10 events):
Event: 39.833 GC heap before
{Heap before GC invocations=14 (full 3):
 PSYoungGen      total 248320K, used 11691K [0x00000000d5580000, 0x00000000e8a00000, 0x0000000100000000)
  eden space 230912K, 0% used [0x00000000d5580000,0x00000000d5580000,0x00000000e3700000)
  from space 17408K, 67% used [0x00000000e3700000,0x00000000e426ac98,0x00000000e4800000)
  to   space 17920K, 0% used [0x00000000e7880000,0x00000000e7880000,0x00000000e8a00000)
 ParOldGen       total 47616K, used 34138K [0x0000000080000000, 0x0000000082e80000, 0x00000000d5580000)
  object space 47616K, 71% used [0x0000000080000000,0x00000000821569a8,0x0000000082e80000)
 Metaspace       used 56877K, capacity 58926K, committed 59160K, reserved 1099776K
  class space    used 7758K, capacity 8206K, committed 8232K, reserved 1048576K
Event: 40.752 GC heap after
Heap after GC invocations=14 (full 3):
 PSYoungGen      total 248320K, used 0K [0x00000000d5580000, 0x00000000e8a00000, 0x0000000100000000)
  eden space 230912K, 0% used [0x00000000d5580000,0x00000000d5580000,0x00000000e3700000)
  from space 17408K, 0% used [0x00000000e3700000,0x00000000e3700000,0x00000000e4800000)
  to   space 17920K, 0% used [0x00000000e7880000,0x00000000e7880000,0x00000000e8a00000)
 ParOldGen       total 78848K, used 34653K [0x0000000080000000, 0x0000000084d00000, 0x00000000d5580000)
  object space 78848K, 43% used [0x0000000080000000,0x00000000821d75f0,0x0000000084d00000)
 Metaspace       used 56875K, capacity 58920K, committed 59160K, reserved 1099776K
  class space    used 7757K, capacity 8205K, committed 8232K, reserved 1048576K
}
Event: 53.552 GC heap before
{Heap before GC invocations=15 (full 3):
 PSYoungGen      total 248320K, used 230912K [0x00000000d5580000, 0x00000000e8a00000, 0x0000000100000000)
  eden space 230912K, 100% used [0x00000000d5580000,0x00000000e3700000,0x00000000e3700000)
  from space 17408K, 0% used [0x00000000e3700000,0x00000000e3700000,0x00000000e4800000)
  to   space 17920K, 0% used [0x00000000e7880000,0x00000000e7880000,0x00000000e8a00000)
 ParOldGen       total 78848K, used 34653K [0x0000000080000000, 0x0000000084d00000, 0x00000000d5580000)
  object space 78848K, 43% used [0x0000000080000000,0x00000000821d75f0,0x0000000084d00000)
 Metaspace       used 68461K, capacity 71202K, committed 71320K, reserved 1110016K
  class space    used 9440K, capacity 10038K, committed 10152K, reserved 1048576K
Event: 53.654 GC heap after
Heap after GC invocations=15 (full 3):
 PSYoungGen      total 291328K, used 17895K [0x00000000d5580000, 0x00000000e8a80000, 0x0000000100000000)
  eden space 273408K, 0% used [0x00000000d5580000,0x00000000d5580000,0x00000000e6080000)
  from space 17920K, 99% used [0x00000000e7880000,0x00000000e89f9d68,0x00000000e8a00000)
  to   space 21504K, 0% used [0x00000000e6080000,0x00000000e6080000,0x00000000e7580000)
 ParOldGen       total 78848K, used 36969K [0x0000000080000000, 0x0000000084d00000, 0x00000000d5580000)
  object space 78848K, 46% used [0x0000000080000000,0x000000008241a450,0x0000000084d00000)
 Metaspace       used 68461K, capacity 71202K, committed 71320K, reserved 1110016K
  class space    used 9440K, capacity 10038K, committed 10152K, reserved 1048576K
}
Event: 180.183 GC heap before
{Heap before GC invocations=16 (full 3):
 PSYoungGen      total 291328K, used 291303K [0x00000000d5580000, 0x00000000e8a80000, 0x0000000100000000)
  eden space 273408K, 100% used [0x00000000d5580000,0x00000000e6080000,0x00000000e6080000)
  from space 17920K, 99% used [0x00000000e7880000,0x00000000e89f9d68,0x00000000e8a00000)
  to   space 21504K, 0% used [0x00000000e6080000,0x00000000e6080000,0x00000000e7580000)
 ParOldGen       total 78848K, used 36969K [0x0000000080000000, 0x0000000084d00000, 0x00000000d5580000)
  object space 78848K, 46% used [0x0000000080000000,0x000000008241a450,0x0000000084d00000)
 Metaspace       used 77922K, capacity 81412K, committed 81560K, reserved 1120256K
  class space    used 10369K, capacity 11084K, committed 11176K, reserved 1048576K
Event: 180.362 GC heap after
Heap after GC invocations=16 (full 3):
 PSYoungGen      total 294912K, used 19869K [0x00000000d5580000, 0x00000000eb980000, 0x0000000100000000)
  eden space 273408K, 0% used [0x00000000d5580000,0x00000000d5580000,0x00000000e6080000)
  from space 21504K, 92% used [0x00000000e6080000,0x00000000e73e7538,0x00000000e7580000)
  to   space 24576K, 0% used [0x00000000ea180000,0x00000000ea180000,0x00000000eb980000)
 ParOldGen       total 78848K, used 49245K [0x0000000080000000, 0x0000000084d00000, 0x00000000d5580000)
  object space 78848K, 62% used [0x0000000080000000,0x0000000083017768,0x0000000084d00000)
 Metaspace       used 77922K, capacity 81412K, committed 81560K, reserved 1120256K
  class space    used 10369K, capacity 11084K, committed 11176K, reserved 1048576K
}
Event: 256.004 GC heap before
{Heap before GC invocations=17 (full 3):
 PSYoungGen      total 294912K, used 293277K [0x00000000d5580000, 0x00000000eb980000, 0x0000000100000000)
  eden space 273408K, 100% used [0x00000000d5580000,0x00000000e6080000,0x00000000e6080000)
  from space 21504K, 92% used [0x00000000e6080000,0x00000000e73e7538,0x00000000e7580000)
  to   space 24576K, 0% used [0x00000000ea180000,0x00000000ea180000,0x00000000eb980000)
 ParOldGen       total 78848K, used 49245K [0x0000000080000000, 0x0000000084d00000, 0x00000000d5580000)
  object space 78848K, 62% used [0x0000000080000000,0x0000000083017768,0x0000000084d00000)
 Metaspace       used 94209K, capacity 98380K, committed 98584K, reserved 1134592K
  class space    used 12503K, capacity 13352K, committed 13352K, reserved 1048576K
Event: 256.260 GC heap after
Heap after GC invocations=17 (full 3):
 PSYoungGen      total 330240K, used 24570K [0x00000000d5580000, 0x00000000ec600000, 0x0000000100000000)
  eden space 305664K, 0% used [0x00000000d5580000,0x00000000d5580000,0x00000000e8000000)
  from space 24576K, 99% used [0x00000000ea180000,0x00000000eb97e908,0x00000000eb980000)
  to   space 34304K, 0% used [0x00000000e8000000,0x00000000e8000000,0x00000000ea180000)
 ParOldGen       total 78848K, used 64774K [0x0000000080000000, 0x0000000084d00000, 0x00000000d5580000)
  object space 78848K, 82% used [0x0000000080000000,0x0000000083f41928,0x0000000084d00000)
 Metaspace       used 94209K, capacity 98380K, committed 98584K, reserved 1134592K
  class space    used 12503K, capacity 13352K, committed 13352K, reserved 1048576K
}
Event: 256.260 GC heap before
{Heap before GC invocations=18 (full 4):
 PSYoungGen      total 330240K, used 24570K [0x00000000d5580000, 0x00000000ec600000, 0x0000000100000000)
  eden space 305664K, 0% used [0x00000000d5580000,0x00000000d5580000,0x00000000e8000000)
  from space 24576K, 99% used [0x00000000ea180000,0x00000000eb97e908,0x00000000eb980000)
  to   space 34304K, 0% used [0x00000000e8000000,0x00000000e8000000,0x00000000ea180000)
 ParOldGen       total 78848K, used 64774K [0x0000000080000000, 0x0000000084d00000, 0x00000000d5580000)
  object space 78848K, 82% used [0x0000000080000000,0x0000000083f41928,0x0000000084d00000)
 Metaspace       used 94209K, capacity 98380K, committed 98584K, reserved 1134592K
  class space    used 12503K, capacity 13352K, committed 13352K, reserved 1048576K
Event: 257.685 GC heap after
Heap after GC invocations=18 (full 4):
 PSYoungGen      total 330240K, used 0K [0x00000000d5580000, 0x00000000ec600000, 0x0000000100000000)
  eden space 305664K, 0% used [0x00000000d5580000,0x00000000d5580000,0x00000000e8000000)
  from space 24576K, 0% used [0x00000000ea180000,0x00000000ea180000,0x00000000eb980000)
  to   space 34304K, 0% used [0x00000000e8000000,0x00000000e8000000,0x00000000ea180000)
 ParOldGen       total 142336K, used 75149K [0x0000000080000000, 0x0000000088b00000, 0x00000000d5580000)
  object space 142336K, 52% used [0x0000000080000000,0x0000000084963570,0x0000000088b00000)
 Metaspace       used 94157K, capacity 98234K, committed 98584K, reserved 1134592K
  class space    used 12485K, capacity 13321K, committed 13352K, reserved 1048576K
}

Deoptimization events (10 events):
Event: 264.911 Thread 0x000000005b42c000 Uncommon trap: reason=unstable_if action=reinterpret pc=0x0000000003c0bcc0 method=java.io.BufferedReader.readLine(Z)Ljava/lang/String; @ 192
Event: 455.734 Thread 0x000000005af27000 Uncommon trap: reason=class_check action=maybe_recompile pc=0x0000000003f45750 method=java.lang.reflect.Array.newInstance(Ljava/lang/Class;I)Ljava/lang/Object; @ 2
Event: 455.760 Thread 0x000000005af23000 Uncommon trap: reason=class_check action=maybe_recompile pc=0x0000000004e3c814 method=java.util.Collections$SetFromMap.<init>(Ljava/util/Map;)V @ 5
Event: 455.760 Thread 0x000000005af23000 Uncommon trap: reason=class_check action=maybe_recompile pc=0x0000000004e3c814 method=java.util.Collections$SetFromMap.<init>(Ljava/util/Map;)V @ 5
Event: 455.787 Thread 0x000000005af23000 Uncommon trap: reason=array_check action=maybe_recompile pc=0x00000000048811bc method=com.google.common.collect.ImmutableSet.construct(I[Ljava/lang/Object;)Lcom/google/common/collect/ImmutableSet; @ 122
Event: 455.789 Thread 0x000000005af23000 Uncommon trap: reason=array_check action=maybe_recompile pc=0x00000000048811bc method=com.google.common.collect.ImmutableSet.construct(I[Ljava/lang/Object;)Lcom/google/common/collect/ImmutableSet; @ 122
Event: 455.789 Thread 0x000000005af23000 Uncommon trap: reason=array_check action=maybe_recompile pc=0x00000000048811bc method=com.google.common.collect.ImmutableSet.construct(I[Ljava/lang/Object;)Lcom/google/common/collect/ImmutableSet; @ 122
Event: 455.790 Thread 0x000000005af23000 Uncommon trap: reason=array_check action=maybe_recompile pc=0x00000000048811bc method=com.google.common.collect.ImmutableSet.construct(I[Ljava/lang/Object;)Lcom/google/common/collect/ImmutableSet; @ 122
Event: 463.623 Thread 0x000000005af23000 Uncommon trap: reason=unstable_if action=reinterpret pc=0x00000000035d39a8 method=com.sun.tools.javac.file.ZipFileIndex$ZipDirectory.readEntry(ILjava/util/List;Ljava/util/Map;)I @ 169
Event: 464.102 Thread 0x000000005af23000 Uncommon trap: reason=unstable_if action=reinterpret pc=0x00000000047a8840 method=com.sun.tools.javac.jvm.ClassReader$AttributeReader.accepts(Lcom/sun/tools/javac/jvm/ClassReader$AttributeKind;)Z @ 27

Classes redefined (0 events):
No events

Internal exceptions (10 events):
Event: 456.334 Thread 0x000000005af23000 Exception <a 'sun/nio/fs/WindowsException'> (0x00000000dcbff330) thrown at [C:\src\AOSP-openjdk-git\hotspot\src\share\vm\prims\jni.cpp, line 710]
Event: 459.604 Thread 0x000000005af23000 Exception <a 'sun/nio/fs/WindowsException'> (0x00000000e0d0fdb0) thrown at [C:\src\AOSP-openjdk-git\hotspot\src\share\vm\prims\jni.cpp, line 710]
Event: 459.604 Thread 0x000000005af23000 Exception <a 'sun/nio/fs/WindowsException'> (0x00000000e0d115a0) thrown at [C:\src\AOSP-openjdk-git\hotspot\src\share\vm\prims\jni.cpp, line 710]
Event: 459.604 Thread 0x000000005af23000 Exception <a 'sun/nio/fs/WindowsException'> (0x00000000e0d12e00) thrown at [C:\src\AOSP-openjdk-git\hotspot\src\share\vm\prims\jni.cpp, line 710]
Event: 459.613 Thread 0x000000005af23000 Exception <a 'sun/nio/fs/WindowsException'> (0x00000000e0d4b110) thrown at [C:\src\AOSP-openjdk-git\hotspot\src\share\vm\prims\jni.cpp, line 710]
Event: 459.613 Thread 0x000000005af23000 Exception <a 'sun/nio/fs/WindowsException'> (0x00000000e0d4c940) thrown at [C:\src\AOSP-openjdk-git\hotspot\src\share\vm\prims\jni.cpp, line 710]
Event: 459.613 Thread 0x000000005af23000 Exception <a 'sun/nio/fs/WindowsException'> (0x00000000e0d4e1e0) thrown at [C:\src\AOSP-openjdk-git\hotspot\src\share\vm\prims\jni.cpp, line 710]
Event: 459.614 Thread 0x000000005af23000 Exception <a 'sun/nio/fs/WindowsException'> (0x00000000e0d50bd0) thrown at [C:\src\AOSP-openjdk-git\hotspot\src\share\vm\prims\jni.cpp, line 710]
Event: 459.614 Thread 0x000000005af23000 Exception <a 'sun/nio/fs/WindowsException'> (0x00000000e0d52410) thrown at [C:\src\AOSP-openjdk-git\hotspot\src\share\vm\prims\jni.cpp, line 710]
Event: 459.615 Thread 0x000000005af23000 Exception <a 'sun/nio/fs/WindowsException'> (0x00000000e0d53cc0) thrown at [C:\src\AOSP-openjdk-git\hotspot\src\share\vm\prims\jni.cpp, line 710]

Events (10 events):
Event: 460.171 loading class it/unimi/dsi/fastutil/ints/IntIterators$EmptyIterator
Event: 460.171 loading class it/unimi/dsi/fastutil/ints/IntIterators$EmptyIterator done
Event: 463.470 Executing VM operation: RevokeBias
Event: 463.471 Executing VM operation: RevokeBias done
Event: 463.623 Thread 0x000000005af23000 Uncommon trap: trap_request=0xffffff65 fr.pc=0x00000000035d39a8
Event: 463.623 Thread 0x000000005af23000 DEOPT PACKING pc=0x00000000035d39a8 sp=0x000000005e287380
Event: 463.623 Thread 0x000000005af23000 DEOPT UNPACKING pc=0x000000000278557b sp=0x000000005e2873b8 mode 2
Event: 464.102 Thread 0x000000005af23000 Uncommon trap: trap_request=0xffffff65 fr.pc=0x00000000047a8840
Event: 464.102 Thread 0x000000005af23000 DEOPT PACKING pc=0x00000000047a8840 sp=0x000000005e286dc0
Event: 464.102 Thread 0x000000005af23000 DEOPT UNPACKING pc=0x000000000278557b sp=0x000000005e286d50 mode 2


Dynamic libraries:
0x000000013f910000 - 0x000000013f941000 	X:\Program Files\Android\Android Studio\jre\bin\java.exe
0x00000000774f0000 - 0x000000007768f000 	X:\Windows\SYSTEM32\ntdll.dll
0x00000000773d0000 - 0x00000000774ef000 	X:\Windows\system32\kernel32.dll
0x000007fefd3d0000 - 0x000007fefd43a000 	X:\Windows\system32\KERNELBASE.dll
0x000007feff1f0000 - 0x000007feff2cb000 	X:\Windows\system32\ADVAPI32.dll
0x000007fefe2b0000 - 0x000007fefe34f000 	X:\Windows\system32\msvcrt.dll
0x000007feff2d0000 - 0x000007feff2ef000 	X:\Windows\SYSTEM32\sechost.dll
0x000007feff5d0000 - 0x000007feff6fc000 	X:\Windows\system32\RPCRT4.dll
0x00000000772d0000 - 0x00000000773ca000 	X:\Windows\system32\USER32.dll
0x000007fefded0000 - 0x000007fefdf37000 	X:\Windows\system32\GDI32.dll
0x000007feff5c0000 - 0x000007feff5ce000 	X:\Windows\system32\LPK.dll
0x000007fefd960000 - 0x000007fefda29000 	X:\Windows\system32\USP10.dll
0x000007fefc280000 - 0x000007fefc474000 	X:\Windows\WinSxS\amd64_microsoft.windows.common-controls_6595b64144ccf1df_6.0.7601.17514_none_fa396087175ac9ac\COMCTL32.dll
0x000007feff760000 - 0x000007feff7d1000 	X:\Windows\system32\SHLWAPI.dll
0x000007fefdd10000 - 0x000007fefdd3e000 	X:\Windows\system32\IMM32.DLL
0x000007fefe350000 - 0x000007fefe459000 	X:\Windows\system32\MSCTF.dll
0x0000000073c50000 - 0x0000000073d22000 	X:\Program Files\Android\Android Studio\jre\jre\bin\msvcr100.dll
0x000000006bb60000 - 0x000000006c3ab000 	X:\Program Files\Android\Android Studio\jre\jre\bin\server\jvm.dll
0x000007fef4580000 - 0x000007fef4589000 	X:\Windows\system32\WSOCK32.dll
0x000007feff700000 - 0x000007feff74d000 	X:\Windows\system32\WS2_32.dll
0x000007feff750000 - 0x000007feff758000 	X:\Windows\system32\NSI.dll
0x000007fef7130000 - 0x000007fef716b000 	X:\Windows\system32\WINMM.dll
0x000007fefc090000 - 0x000007fefc09c000 	X:\Windows\system32\VERSION.dll
0x00000000776a0000 - 0x00000000776a7000 	X:\Windows\system32\PSAPI.DLL
0x000007fefb210000 - 0x000007fefb21f000 	X:\Program Files\Android\Android Studio\jre\jre\bin\verify.dll
0x000007fef8aa0000 - 0x000007fef8ac9000 	X:\Program Files\Android\Android Studio\jre\jre\bin\java.dll
0x000007fef8a40000 - 0x000007fef8a56000 	X:\Program Files\Android\Android Studio\jre\jre\bin\zip.dll
0x000007fefe460000 - 0x000007feff1ea000 	X:\Windows\system32\SHELL32.dll
0x000007fefe0a0000 - 0x000007fefe2a3000 	X:\Windows\system32\ole32.dll
0x000007fefd290000 - 0x000007fefd29f000 	X:\Windows\system32\profapi.dll
0x000007fef8a20000 - 0x000007fef8a3a000 	X:\Program Files\Android\Android Studio\jre\jre\bin\net.dll
0x000007fefc950000 - 0x000007fefc9a5000 	X:\Windows\system32\mswsock.dll
0x000007fefc940000 - 0x000007fefc947000 	X:\Windows\System32\wship6.dll
0x000007fef70f0000 - 0x000007fef7103000 	X:\Program Files\Android\Android Studio\jre\jre\bin\nio.dll
0x000007fef3d70000 - 0x000007fef3d96000 	X:\Users\Sohan\.gradle\native\31\windows-amd64\native-platform.dll
0x000007fef74b0000 - 0x000007fef74b3000 	X:\Windows\system32\api-ms-win-core-synch-l1-2-0.DLL
0x000007fefb200000 - 0x000007fefb20d000 	X:\Program Files\Android\Android Studio\jre\jre\bin\management.dll
0x000007fefc9b0000 - 0x000007fefc9c8000 	X:\Windows\system32\CRYPTSP.dll
0x000007fefc6b0000 - 0x000007fefc6f7000 	X:\Windows\system32\rsaenh.dll
0x000007fefd2b0000 - 0x000007fefd2ce000 	X:\Windows\system32\USERENV.dll
0x000007fefd120000 - 0x000007fefd12f000 	X:\Windows\system32\CRYPTBASE.dll
0x000007fefa990000 - 0x000007fefa9b7000 	X:\Windows\system32\IPHLPAPI.DLL
0x000007fefa970000 - 0x000007fefa97b000 	X:\Windows\system32\WINNSI.DLL
0x000007fefa780000 - 0x000007fefa798000 	X:\Windows\system32\dhcpcsvc.DLL
0x000007fefa760000 - 0x000007fefa771000 	X:\Windows\system32\dhcpcsvc6.DLL
0x000007fefd080000 - 0x000007fefd0d7000 	X:\Windows\system32\apphelp.dll
0x000007fefa100000 - 0x000007fefa225000 	X:\Windows\system32\dbghelp.dll

VM Arguments:
jvm_args: -Xmx2048m -Dfile.encoding=windows-1252 -Duser.country=US -Duser.language=en -Duser.variant 
java_command: org.gradle.launcher.daemon.bootstrap.GradleDaemon 6.1.1
java_class_path (initial): X:\Users\Sohan\.gradle\wrapper\dists\gradle-6.1.1-all\cfmwm155h49vnt3hynmlrsdst\gradle-6.1.1\lib\gradle-launcher-6.1.1.jar
Launcher Type: SUN_STANDARD

Environment Variables:
JAVA_HOME=X:\Program Files\Java\jdk1.8.0_301
PATH=X:\Program Files\Common Files\Oracle\Java\javapath;X:\Windows\system32;X:\Windows;X:\Windows\System32\Wbem;X:\Windows\System32\WindowsPowerShell\v1.0\;X:\Program Files (x86)\GtkSharp\2.12\bin;C:\Git\cmd
USERNAME=Sohan
OS=Windows_NT
PROCESSOR_IDENTIFIER=Intel64 Family 15 Model 6 Stepping 5, GenuineIntel



---------------  S Y S T E M  ---------------

OS: Windows 7 , 64 bit Build 7601 (6.1.7601.24384)

CPU:total 2 (initial active 2) (2 cores per cpu, 1 threads per core) family 15 model 6 stepping 5, cmov, cx8, fxsr, mmx, sse, sse2, sse3, tsc

Memory: 4k page, physical 3135600k(227204k free), swap 6269296k(3014552k free)

vm_info: OpenJDK 64-Bit Server VM (25.242-b01) for windows-amd64 JRE (1.8.0_242-release-1644-b01), built by "builder" with MS VC++ 10.0 (VS2010)

time: Sun Jan 01 03:24:02 2006
timezone: India Standard Time
elapsed time: 466 seconds (0d 0h 7m 46s)

