#
# A fatal error has been detected by the Java Runtime Environment:
#
#  EXCEPTION_ACCESS_VIOLATION (0xc0000005) at pc=0x0000000002ffeb38, pid=3132, tid=0x0000000000000d78
#
# JRE version: OpenJDK Runtime Environment (8.0_242-b01) (build 1.8.0_242-release-1644-b01)
# Java VM: OpenJDK 64-Bit Server VM (25.242-b01 mixed mode windows-amd64 compressed oops)
# Problematic frame:
# J 7428 C2 com.google.common.collect.RegularImmutableMap.create(I[Ljava/lang/Object;)Lcom/google/common/collect/RegularImmutableMap; (69 bytes) @ 0x0000000002ffeb38 [0x0000000002ffe780+0x3b8]
#
# Failed to write core dump. Minidumps are not enabled by default on client versions of Windows
#
# If you would like to submit a bug report, please visit:
#   
#

---------------  T H R E A D  ---------------

Current thread (0x000000005a331800):  JavaThread "Daemon worker Thread 6" [_thread_in_Java, id=3448, stack(0x000000005c9e0000,0x000000005cae0000)]

siginfo: ExceptionCode=0xc0000005, reading address 0xffffffff84592b21

Registers:
RAX=0x00000000564308b2, RBX=0x00000000dc06a728, RCX=0x00000000dc06a560, RDX=0x0000000000000008
RSP=0x000000005cada860, RBP=0x0000000081ade4f0, RSI=0x0000000000000004, RDI=0xffffffff84592b21
R8 =0x0000000000000000, R9 =0x0000000000000008, R10=0x0000000000000007, R11=0x0000000000000000
R12=0x0000000000000000, R13=0x0000000081ade4f0, R14=0x0000000000000008, R15=0xede55aa055629800
RIP=0x0000000002ffeb38, EFLAGS=0x0000000000010287

Top of Stack: (sp=0x000000005cada860)
0x000000005cada860:   0000000000000000 00000000dc069e30
0x000000005cada870:   00000000d8df2a80 0000000003c7a0a4
0x000000005cada880:   0000000016ba6b00 00000000dc06a378
0x000000005cada890:   0000000016ba6b00 0000000800000008
0x000000005cada8a0:   0000000000000007 00000000dc06a728
0x000000005cada8b0:   81ade4f000000000 00000000dc06a560
0x000000005cada8c0:   0000000081ade4f0 00000000172781a0
0x000000005cada8d0:   0000000016c53600 0000000002b359a2
0x000000005cada8e0:   00000000d8083910 0000000002b3624c
0x000000005cada8f0:   0000000016a11df8 0000000002c05679
0x000000005cada900:   000000005cada960 00000000626a5a90
0x000000005cada910:   00000000dc06a000 0000000003194918
0x000000005cada920:   00000000815e4400 00000000dc069db0
0x000000005cada930:   00000000dc069cb8 00000000dc069fe0
0x000000005cada940:   00000000804f2870 000000005cada968
0x000000005cada950:   0000000000000011 0000000000000000 

Instructions: (pc=0x0000000002ffeb38)
0x0000000002ffeb18:   81 e0 ff ff ff 7f 85 c0 0f 84 10 01 00 00 48 63
0x0000000002ffeb28:   f8 48 69 ff 51 2d 9e cc 8b ff c1 c7 0f 48 63 ff
0x0000000002ffeb38:   48 69 ff 93 35 87 1b 8b ff 41 23 fa 41 3b f9 0f
0x0000000002ffeb48:   83 54 02 00 00 8b 44 bb 10 83 f8 ff 0f 84 27 ff 


Register to memory mapping:

RAX=0x00000000564308b2 is an unknown value
RBX=0x00000000dc06a728 is an oop
[I 
 - klass: {type array int}
 - length: 8
RCX=0x00000000dc06a560 is an oop
org.gradle.internal.fingerprint.impl.DefaultFileSystemLocationFingerprint 
 - klass: 'org/gradle/internal/fingerprint/impl/DefaultFileSystemLocationFingerprint'
RDX=0x0000000000000008 is an unknown value
RSP=0x000000005cada860 is pointing into the stack for thread: 0x000000005a331800
RBP=0x0000000081ade4f0 is an oop
java.lang.String 
 - klass: 'java/lang/String'
RSI=0x0000000000000004 is an unknown value
RDI=0xffffffff84592b21 is an unknown value
R8 =0x0000000000000000 is an unknown value
R9 =0x0000000000000008 is an unknown value
R10=0x0000000000000007 is an unknown value
R11=0x0000000000000000 is an unknown value
R12=0x0000000000000000 is an unknown value
R13=0x0000000081ade4f0 is an oop
java.lang.String 
 - klass: 'java/lang/String'
R14=0x0000000000000008 is an unknown value
R15=0xede55aa055629800 is an unknown value


Stack: [0x000000005c9e0000,0x000000005cae0000],  sp=0x000000005cada860,  free space=1002k
Native frames: (J=compiled Java code, j=interpreted, Vv=VM code, C=native code)
C  0x0000000002ffeb38


---------------  P R O C E S S  ---------------

Java Threads: ( => current thread )
  0x000000005a333000 JavaThread "stdout" [_thread_in_native, id=1788, stack(0x000000005cc20000,0x000000005cd20000)]
  0x000000005a335000 JavaThread "stderr" [_thread_in_native, id=1664, stack(0x0000000065760000,0x0000000065860000)]
  0x000000005a330000 JavaThread "pool-29-thread-1" [_thread_blocked, id=3592, stack(0x0000000063e50000,0x0000000063f50000)]
  0x000000005a332000 JavaThread "WorkerExecutor Queue" [_thread_blocked, id=2368, stack(0x00000000651c0000,0x00000000652c0000)]
  0x000000005a334800 JavaThread "Cache worker for execution history cache (X:\Users\Sohan\AndroidStudioProjects\Xment\.gradle\6.1.1\executionHistory)" [_thread_blocked, id=2904, stack(0x0000000063360000,0x0000000063460000)]
  0x000000005d026000 JavaThread "Execution worker for ':'" [_thread_in_vm, id=3712, stack(0x0000000063ab0000,0x0000000063bb0000)]
  0x000000005d027800 JavaThread "Cache worker for file content cache (X:\Users\Sohan\AndroidStudioProjects\Xment\.gradle\6.1.1\fileContent)" [_thread_blocked, id=1984, stack(0x0000000063230000,0x0000000063330000)]
  0x000000005d023000 JavaThread "Cache worker for Build Output Cleanup Cache (X:\Users\Sohan\AndroidStudioProjects\Xment\.gradle\buildOutputCleanup)" [_thread_blocked, id=976, stack(0x0000000062c10000,0x0000000062d10000)]
  0x000000005d024000 JavaThread "pool-28-thread-1" [_thread_blocked, id=1436, stack(0x0000000063080000,0x0000000063180000)]
  0x000000005d028800 JavaThread "Build operations Thread 2" [_thread_blocked, id=3512, stack(0x00000000628c0000,0x00000000629c0000)]
  0x000000005d024800 JavaThread "Build operations" [_thread_blocked, id=2000, stack(0x000000005fad0000,0x000000005fbd0000)]
  0x000000005d029000 JavaThread "Cache worker for cache directory md-rule (X:\Users\Sohan\.gradle\caches\6.1.1\md-rule)" [_thread_blocked, id=2976, stack(0x000000005e9e0000,0x000000005eae0000)]
  0x000000005a471800 JavaThread "Cache worker for cache directory md-supplier (X:\Users\Sohan\.gradle\caches\6.1.1\md-supplier)" [_thread_blocked, id=3124, stack(0x0000000060190000,0x0000000060290000)]
  0x000000005a471000 JavaThread "Cache worker for file hash cache (X:\Users\Sohan\AndroidStudioProjects\Xment\.gradle\6.1.1\fileHashes)" [_thread_blocked, id=2960, stack(0x000000005c680000,0x000000005c780000)]
  0x000000005a475800 JavaThread "Cache worker for checksums cache (X:\Users\Sohan\AndroidStudioProjects\Xment\.gradle\checksums)" [_thread_blocked, id=1668, stack(0x000000005e740000,0x000000005e840000)]
  0x000000005a477000 JavaThread "Thread-229" [_thread_blocked, id=3348, stack(0x000000005ef20000,0x000000005f020000)]
  0x000000005a477800 JavaThread "Stdin handler" [_thread_blocked, id=2408, stack(0x000000005e150000,0x000000005e250000)]
  0x000000005a474800 JavaThread "Asynchronous log dispatcher for DefaultDaemonConnection: socket connection from /127.0.0.1:49464 to /127.0.0.1:50155" [_thread_in_vm, id=1808, stack(0x000000005bef0000,0x000000005bff0000)]
  0x000000005a473000 JavaThread "Cancel handler" [_thread_blocked, id=2404, stack(0x0000000058b60000,0x0000000058c60000)]
  0x000000005a472800 JavaThread "Handler for socket connection from /127.0.0.1:49464 to /127.0.0.1:50155" [_thread_in_native, id=3304, stack(0x000000005c520000,0x000000005c620000)]
=>0x000000005a331800 JavaThread "Daemon worker Thread 6" [_thread_in_Java, id=3448, stack(0x000000005c9e0000,0x000000005cae0000)]
  0x000000005a333800 JavaThread "Daemon Thread 6" [_thread_blocked, id=1172, stack(0x000000005b7a0000,0x000000005b8a0000)]
  0x000000005a474000 JavaThread "Cache worker for Java compile cache (X:\Users\Sohan\.gradle\caches\6.1.1\javaCompile)" [_thread_blocked, id=2560, stack(0x0000000065d90000,0x0000000065e90000)]
  0x000000005ac12800 JavaThread "Cache worker for file content cache (X:\Users\Sohan\.gradle\caches\6.1.1\fileContent)" [_thread_blocked, id=704, stack(0x00000000620f0000,0x00000000621f0000)]
  0x000000005ac12000 JavaThread "Memory manager" [_thread_blocked, id=504, stack(0x0000000061f80000,0x0000000062080000)]
  0x00000000592d7800 JavaThread "Cache worker for execution history cache (X:\Users\Sohan\.gradle\caches\6.1.1\executionHistory)" [_thread_blocked, id=2360, stack(0x000000005e8e0000,0x000000005e9e0000)]
  0x00000000592d3800 JavaThread "Cache worker for file hash cache (X:\Users\Sohan\.gradle\caches\6.1.1\fileHashes)" [_thread_blocked, id=3892, stack(0x000000005ce30000,0x000000005cf30000)]
  0x00000000592d3000 JavaThread "File lock request listener" [_thread_in_native, id=3332, stack(0x000000005cd20000,0x000000005ce20000)]
  0x0000000059bf8800 JavaThread "Cache worker for journal cache (X:\Users\Sohan\.gradle\caches\journal-1)" [_thread_blocked, id=1680, stack(0x000000005cb00000,0x000000005cc00000)]
  0x0000000059dbb000 JavaThread "Daemon periodic checks" [_thread_blocked, id=1684, stack(0x000000005bdb0000,0x000000005beb0000)]
  0x000000005a4bd800 JavaThread "Incoming local TCP Connector on port 49464" [_thread_in_native, id=3856, stack(0x000000005bc80000,0x000000005bd80000)]
  0x0000000059756000 JavaThread "Daemon health stats" [_thread_blocked, id=2620, stack(0x000000005b900000,0x000000005ba00000)]
  0x0000000058778800 JavaThread "Service Thread" daemon [_thread_blocked, id=3720, stack(0x0000000058ca0000,0x0000000058da0000)]
  0x00000000573b7800 JavaThread "C1 CompilerThread1" daemon [_thread_blocked, id=3904, stack(0x0000000058660000,0x0000000058760000)]
  0x00000000573b0000 JavaThread "C2 CompilerThread0" daemon [_thread_blocked, id=2168, stack(0x0000000058490000,0x0000000058590000)]
  0x00000000573ae000 JavaThread "Attach Listener" daemon [_thread_blocked, id=2348, stack(0x0000000058250000,0x0000000058350000)]
  0x00000000573ac800 JavaThread "Signal Dispatcher" daemon [_thread_blocked, id=3912, stack(0x00000000580f0000,0x00000000581f0000)]
  0x000000005738d800 JavaThread "Finalizer" daemon [_thread_blocked, id=3420, stack(0x0000000057fb0000,0x00000000580b0000)]
  0x0000000057384000 JavaThread "Reference Handler" daemon [_thread_blocked, id=1168, stack(0x0000000057e70000,0x0000000057f70000)]
  0x000000000210e800 JavaThread "main" [_thread_blocked, id=3588, stack(0x0000000002440000,0x0000000002540000)]

Other Threads:
  0x000000005733c800 VMThread [stack: 0x0000000057d20000,0x0000000057e20000] [id=2400]
  0x00000000573c6800 WatcherThread [stack: 0x0000000058390000,0x0000000058490000] [id=3848]

VM state:synchronizing (normal execution)

VM Mutex/Monitor currently owned by a thread:  ([mutex/lock_event])
[0x000000000210c900] Safepoint_lock - owner thread: 0x000000005733c800
[0x000000000210c980] Threads_lock - owner thread: 0x000000005733c800

heap address: 0x0000000080000000, size: 2048 MB, Compressed Oops mode: 32-bit
Narrow klass base: 0x0000000000000000, Narrow klass shift: 0
Compressed class space size: 1073741824 Address: 0x0000000016a10000

Heap:
 PSYoungGen      total 348160K, used 128217K [0x00000000d5580000, 0x00000000ed780000, 0x0000000100000000)
  eden space 319488K, 37% used [0x00000000d5580000,0x00000000dca464c8,0x00000000e8d80000)
  from space 28672K, 30% used [0x00000000e8d80000,0x00000000e95f0060,0x00000000ea980000)
  to   space 27648K, 0% used [0x00000000ebc80000,0x00000000ebc80000,0x00000000ed780000)
 ParOldGen       total 109568K, used 59620K [0x0000000080000000, 0x0000000086b00000, 0x00000000d5580000)
  object space 109568K, 54% used [0x0000000080000000,0x0000000083a39208,0x0000000086b00000)
 Metaspace       used 92384K, capacity 97970K, committed 98072K, reserved 1134592K
  class space    used 12118K, capacity 13102K, committed 13104K, reserved 1048576K

Card table byte_map: [0x0000000011bd0000,0x0000000011fe0000] byte_map_base: 0x00000000117d0000

Marking Bits: (ParMarkBitMap*) 0x0000000071a9f030
 Begin Bits: [0x0000000012610000, 0x0000000014610000)
 End Bits:   [0x0000000014610000, 0x0000000016610000)

Polling page: 0x0000000001c60000

CodeCache: size=245760Kb used=48160Kb max_used=48262Kb free=197599Kb
 bounds [0x0000000002810000, 0x0000000005780000, 0x0000000011810000]
 total_blobs=15944 nmethods=15068 adapters=788
 compilation: enabled

Compilation events (10 events):
Event: 1876.444 Thread 0x00000000573b7800 18765   !   2       sun.reflect.GeneratedSerializationConstructorAccessor10::newInstance (49 bytes)
Event: 1876.445 Thread 0x00000000573b7800 nmethod 18765 0x000000000479b390 code [0x000000000479b540, 0x000000000479b938]
Event: 1876.445 Thread 0x00000000573b7800 18766       2       java.util.ArrayList::readObject (87 bytes)
Event: 1876.447 Thread 0x00000000573b7800 nmethod 18766 0x0000000003b7e710 code [0x0000000003b7e8e0, 0x0000000003b7ed98]
Event: 1876.671 Thread 0x00000000573b7800 18767       2       org.gradle.internal.execution.steps.ResolveCachingStateStep$2::getReusedOutputOriginMetadata (10 bytes)
Event: 1876.671 Thread 0x00000000573b7800 nmethod 18767 0x000000000479b010 code [0x000000000479b180, 0x000000000479b308]
Event: 1876.673 Thread 0x00000000573b7800 18768       2       org.gradle.internal.execution.steps.ResolveCachingStateStep$2::getExecutionReasons (10 bytes)
Event: 1876.674 Thread 0x00000000573b7800 nmethod 18768 0x0000000002a50010 code [0x0000000002a50180, 0x0000000002a50308]
Event: 1876.746 Thread 0x00000000573b7800 18769       2       org.gradle.internal.fingerprint.impl.AbstractFileCollectionFingerprinter::normalizePath (11 bytes)
Event: 1876.746 Thread 0x00000000573b7800 nmethod 18769 0x0000000002be6dd0 code [0x0000000002be6f40, 0x0000000002be70c8]

GC Heap History (10 events):
Event: 820.056 GC heap before
{Heap before GC invocations=21 (full 3):
 PSYoungGen      total 333824K, used 333577K [0x00000000d5580000, 0x00000000ee000000, 0x0000000100000000)
  eden space 309760K, 100% used [0x00000000d5580000,0x00000000e8400000,0x00000000e8400000)
  from space 24064K, 98% used [0x00000000e8400000,0x00000000e9b426c0,0x00000000e9b80000)
  to   space 27648K, 0% used [0x00000000ec500000,0x00000000ec500000,0x00000000ee000000)
 ParOldGen       total 68608K, used 57192K [0x0000000080000000, 0x0000000084300000, 0x00000000d5580000)
  object space 68608K, 83% used [0x0000000080000000,0x00000000837da398,0x0000000084300000)
 Metaspace       used 77362K, capacity 81584K, committed 81688K, reserved 1120256K
  class space    used 10159K, capacity 10991K, committed 11056K, reserved 1048576K
Event: 820.129 GC heap after
Heap after GC invocations=21 (full 3):
 PSYoungGen      total 358912K, used 10176K [0x00000000d5580000, 0x00000000ed600000, 0x0000000100000000)
  eden space 341504K, 0% used [0x00000000d5580000,0x00000000d5580000,0x00000000ea300000)
  from space 17408K, 58% used [0x00000000ec500000,0x00000000ecef0358,0x00000000ed600000)
  to   space 26112K, 0% used [0x00000000ea300000,0x00000000ea300000,0x00000000ebc80000)
 ParOldGen       total 68608K, used 57200K [0x0000000080000000, 0x0000000084300000, 0x00000000d5580000)
  object space 68608K, 83% used [0x0000000080000000,0x00000000837dc398,0x0000000084300000)
 Metaspace       used 77362K, capacity 81584K, committed 81688K, reserved 1120256K
  class space    used 10159K, capacity 10991K, committed 11056K, reserved 1048576K
}
Event: 1645.103 GC heap before
{Heap before GC invocations=22 (full 3):
 PSYoungGen      total 358912K, used 351680K [0x00000000d5580000, 0x00000000ed600000, 0x0000000100000000)
  eden space 341504K, 100% used [0x00000000d5580000,0x00000000ea300000,0x00000000ea300000)
  from space 17408K, 58% used [0x00000000ec500000,0x00000000ecef0358,0x00000000ed600000)
  to   space 26112K, 0% used [0x00000000ea300000,0x00000000ea300000,0x00000000ebc80000)
 ParOldGen       total 68608K, used 57200K [0x0000000080000000, 0x0000000084300000, 0x00000000d5580000)
  object space 68608K, 83% used [0x0000000080000000,0x00000000837dc398,0x0000000084300000)
 Metaspace       used 78476K, capacity 83284K, committed 83352K, reserved 1122304K
  class space    used 10296K, capacity 11173K, committed 11184K, reserved 1048576K
Event: 1645.280 GC heap after
Heap after GC invocations=22 (full 3):
 PSYoungGen      total 338432K, used 11904K [0x00000000d5580000, 0x00000000ec580000, 0x0000000100000000)
  eden space 326144K, 0% used [0x00000000d5580000,0x00000000d5580000,0x00000000e9400000)
  from space 12288K, 96% used [0x00000000ea300000,0x00000000eaea0070,0x00000000eaf00000)
  to   space 23040K, 0% used [0x00000000eaf00000,0x00000000eaf00000,0x00000000ec580000)
 ParOldGen       total 68608K, used 57208K [0x0000000080000000, 0x0000000084300000, 0x00000000d5580000)
  object space 68608K, 83% used [0x0000000080000000,0x00000000837de398,0x0000000084300000)
 Metaspace       used 78476K, capacity 83284K, committed 83352K, reserved 1122304K
  class space    used 10296K, capacity 11173K, committed 11184K, reserved 1048576K
}
Event: 1728.444 GC heap before
{Heap before GC invocations=23 (full 3):
 PSYoungGen      total 338432K, used 338048K [0x00000000d5580000, 0x00000000ec580000, 0x0000000100000000)
  eden space 326144K, 100% used [0x00000000d5580000,0x00000000e9400000,0x00000000e9400000)
  from space 12288K, 96% used [0x00000000ea300000,0x00000000eaea0070,0x00000000eaf00000)
  to   space 23040K, 0% used [0x00000000eaf00000,0x00000000eaf00000,0x00000000ec580000)
 ParOldGen       total 68608K, used 57208K [0x0000000080000000, 0x0000000084300000, 0x00000000d5580000)
  object space 68608K, 83% used [0x0000000080000000,0x00000000837de398,0x0000000084300000)
 Metaspace       used 92185K, capacity 97844K, committed 98072K, reserved 1134592K
  class space    used 12118K, capacity 13103K, committed 13104K, reserved 1048576K
Event: 1728.836 GC heap after
Heap after GC invocations=23 (full 3):
 PSYoungGen      total 334336K, used 23012K [0x00000000d5580000, 0x00000000ec580000, 0x0000000100000000)
  eden space 311296K, 0% used [0x00000000d5580000,0x00000000d5580000,0x00000000e8580000)
  from space 23040K, 99% used [0x00000000eaf00000,0x00000000ec579200,0x00000000ec580000)
  to   space 28672K, 0% used [0x00000000e8d80000,0x00000000e8d80000,0x00000000ea980000)
 ParOldGen       total 68608K, used 58212K [0x0000000080000000, 0x0000000084300000, 0x00000000d5580000)
  object space 68608K, 84% used [0x0000000080000000,0x00000000838d9168,0x0000000084300000)
 Metaspace       used 92185K, capacity 97844K, committed 98072K, reserved 1134592K
  class space    used 12118K, capacity 13103K, committed 13104K, reserved 1048576K
}
Event: 1728.836 GC heap before
{Heap before GC invocations=24 (full 4):
 PSYoungGen      total 334336K, used 23012K [0x00000000d5580000, 0x00000000ec580000, 0x0000000100000000)
  eden space 311296K, 0% used [0x00000000d5580000,0x00000000d5580000,0x00000000e8580000)
  from space 23040K, 99% used [0x00000000eaf00000,0x00000000ec579200,0x00000000ec580000)
  to   space 28672K, 0% used [0x00000000e8d80000,0x00000000e8d80000,0x00000000ea980000)
 ParOldGen       total 68608K, used 58212K [0x0000000080000000, 0x0000000084300000, 0x00000000d5580000)
  object space 68608K, 84% used [0x0000000080000000,0x00000000838d9168,0x0000000084300000)
 Metaspace       used 92185K, capacity 97844K, committed 98072K, reserved 1134592K
  class space    used 12118K, capacity 13103K, committed 13104K, reserved 1048576K
Event: 1729.905 GC heap after
Heap after GC invocations=24 (full 4):
 PSYoungGen      total 334336K, used 0K [0x00000000d5580000, 0x00000000ec580000, 0x0000000100000000)
  eden space 311296K, 0% used [0x00000000d5580000,0x00000000d5580000,0x00000000e8580000)
  from space 23040K, 0% used [0x00000000eaf00000,0x00000000eaf00000,0x00000000ec580000)
  to   space 28672K, 0% used [0x00000000e8d80000,0x00000000e8d80000,0x00000000ea980000)
 ParOldGen       total 109568K, used 59612K [0x0000000080000000, 0x0000000086b00000, 0x00000000d5580000)
  object space 109568K, 54% used [0x0000000080000000,0x0000000083a37208,0x0000000086b00000)
 Metaspace       used 92179K, capacity 97826K, committed 98072K, reserved 1134592K
  class space    used 12116K, capacity 13100K, committed 13104K, reserved 1048576K
}
Event: 1834.743 GC heap before
{Heap before GC invocations=25 (full 4):
 PSYoungGen      total 334336K, used 311296K [0x00000000d5580000, 0x00000000ec580000, 0x0000000100000000)
  eden space 311296K, 100% used [0x00000000d5580000,0x00000000e8580000,0x00000000e8580000)
  from space 23040K, 0% used [0x00000000eaf00000,0x00000000eaf00000,0x00000000ec580000)
  to   space 28672K, 0% used [0x00000000e8d80000,0x00000000e8d80000,0x00000000ea980000)
 ParOldGen       total 109568K, used 59612K [0x0000000080000000, 0x0000000086b00000, 0x00000000d5580000)
  object space 109568K, 54% used [0x0000000080000000,0x0000000083a37208,0x0000000086b00000)
 Metaspace       used 92308K, capacity 97900K, committed 98072K, reserved 1134592K
  class space    used 12117K, capacity 13101K, committed 13104K, reserved 1048576K
Event: 1834.854 GC heap after
Heap after GC invocations=25 (full 4):
 PSYoungGen      total 348160K, used 8640K [0x00000000d5580000, 0x00000000ed780000, 0x0000000100000000)
  eden space 319488K, 0% used [0x00000000d5580000,0x00000000d5580000,0x00000000e8d80000)
  from space 28672K, 30% used [0x00000000e8d80000,0x00000000e95f0060,0x00000000ea980000)
  to   space 27648K, 0% used [0x00000000ebc80000,0x00000000ebc80000,0x00000000ed780000)
 ParOldGen       total 109568K, used 59620K [0x0000000080000000, 0x0000000086b00000, 0x00000000d5580000)
  object space 109568K, 54% used [0x0000000080000000,0x0000000083a39208,0x0000000086b00000)
 Metaspace       used 92308K, capacity 97900K, committed 98072K, reserved 1134592K
  class space    used 12117K, capacity 13101K, committed 13104K, reserved 1048576K
}

Deoptimization events (10 events):
Event: 1665.342 Thread 0x000000005d024800 Uncommon trap: reason=unstable_if action=reinterpret pc=0x0000000004505188 method=com.google.protobuf.CodedOutputStream.computeUInt32SizeNoTag(I)I @ 14
Event: 1665.350 Thread 0x000000005d024800 Uncommon trap: reason=unstable_if action=reinterpret pc=0x0000000002e89698 method=com.google.protobuf.CodedOutputStream$ArrayEncoder.writeUInt32NoTag(I)V @ 83
Event: 1682.114 Thread 0x000000005a334800 Uncommon trap: reason=class_check action=maybe_recompile pc=0x00000000049ba694 method=java.util.Collections$SetFromMap.<init>(Ljava/util/Map;)V @ 5
Event: 1682.114 Thread 0x000000005a334800 Uncommon trap: reason=class_check action=maybe_recompile pc=0x00000000049ba694 method=java.util.Collections$SetFromMap.<init>(Ljava/util/Map;)V @ 5
Event: 1682.634 Thread 0x000000005a334800 Uncommon trap: reason=class_check action=maybe_recompile pc=0x000000000541bd50 method=java.util.Spliterators$ArraySpliterator.tryAdvance(Ljava/util/function/Consumer;)Z @ 49
Event: 1682.709 Thread 0x000000005a334800 Uncommon trap: reason=class_check action=maybe_recompile pc=0x000000000541bd50 method=java.util.Spliterators$ArraySpliterator.tryAdvance(Ljava/util/function/Consumer;)Z @ 49
Event: 1686.037 Thread 0x000000005a334800 Uncommon trap: reason=class_check action=maybe_recompile pc=0x000000000541bd50 method=java.util.Spliterators$ArraySpliterator.tryAdvance(Ljava/util/function/Consumer;)Z @ 49
Event: 1727.971 Thread 0x000000005a334800 Uncommon trap: reason=null_check action=make_not_entrant pc=0x0000000003c6868c method=org.gradle.api.internal.collections.CollectionFilter.filter(Ljava/lang/Object;)Ljava/lang/Object; @ 5
Event: 1731.358 Thread 0x000000005a334800 Uncommon trap: reason=unstable_if action=reinterpret pc=0x0000000002c927d0 method=sun.nio.cs.SingleByte$Encoder.encodeArrayLoop(Ljava/nio/CharBuffer;Ljava/nio/ByteBuffer;)Ljava/nio/charset/CoderResult; @ 70
Event: 1731.381 Thread 0x000000005a334800 Uncommon trap: reason=null_check action=make_not_entrant pc=0x0000000004dfef78 method=com.sun.org.apache.xerces.internal.dom.NamedNodeMapImpl.findNamePoint(Ljava/lang/String;Ljava/lang/String;)I @ 105

Classes redefined (0 events):
No events

Internal exceptions (10 events):
Event: 1834.944 Thread 0x000000005d026000 Exception <a 'sun/nio/fs/WindowsException'> (0x00000000d577f3d0) thrown at [C:\src\AOSP-openjdk-git\hotspot\src\share\vm\prims\jni.cpp, line 710]
Event: 1834.944 Thread 0x000000005d026000 Exception <a 'sun/nio/fs/WindowsException'> (0x00000000d57800a8) thrown at [C:\src\AOSP-openjdk-git\hotspot\src\share\vm\prims\jni.cpp, line 710]
Event: 1834.946 Thread 0x000000005d026000 Exception <a 'sun/nio/fs/WindowsException'> (0x00000000d57862c8) thrown at [C:\src\AOSP-openjdk-git\hotspot\src\share\vm\prims\jni.cpp, line 710]
Event: 1834.946 Thread 0x000000005d026000 Exception <a 'sun/nio/fs/WindowsException'> (0x00000000d5786f70) thrown at [C:\src\AOSP-openjdk-git\hotspot\src\share\vm\prims\jni.cpp, line 710]
Event: 1834.946 Thread 0x000000005d026000 Exception <a 'sun/nio/fs/WindowsException'> (0x00000000d5787c88) thrown at [C:\src\AOSP-openjdk-git\hotspot\src\share\vm\prims\jni.cpp, line 710]
Event: 1834.946 Thread 0x000000005d026000 Exception <a 'sun/nio/fs/WindowsException'> (0x00000000d5789a38) thrown at [C:\src\AOSP-openjdk-git\hotspot\src\share\vm\prims\jni.cpp, line 710]
Event: 1834.946 Thread 0x000000005d026000 Exception <a 'sun/nio/fs/WindowsException'> (0x00000000d578a6f0) thrown at [C:\src\AOSP-openjdk-git\hotspot\src\share\vm\prims\jni.cpp, line 710]
Event: 1834.947 Thread 0x000000005d026000 Exception <a 'sun/nio/fs/WindowsException'> (0x00000000d578b418) thrown at [C:\src\AOSP-openjdk-git\hotspot\src\share\vm\prims\jni.cpp, line 710]
Event: 1835.480 Thread 0x000000005a331800 Exception <a 'sun/nio/fs/WindowsException'> (0x00000000d5de5a48) thrown at [C:\src\AOSP-openjdk-git\hotspot\src\share\vm\prims\jni.cpp, line 710]
Event: 1873.198 Thread 0x000000005a331800 Exception <a 'sun/nio/fs/WindowsException'> (0x00000000d6dad398) thrown at [C:\src\AOSP-openjdk-git\hotspot\src\share\vm\prims\jni.cpp, line 710]

Events (10 events):
Event: 1876.671 Thread 0x00000000573b7800 flushing nmethod 0x00000000029280d0
Event: 1876.672 Thread 0x00000000573b7800 flushing nmethod 0x00000000029e9350
Event: 1876.673 Thread 0x00000000573b7800 flushing nmethod 0x0000000002a4fd10
Event: 1876.674 Thread 0x00000000573b7800 flushing nmethod 0x0000000002b89110
Event: 1876.674 Thread 0x00000000573b7800 flushing nmethod 0x0000000002be6cd0
Event: 1876.675 Thread 0x00000000573b7800 flushing nmethod 0x0000000002c22490
Event: 1876.675 Thread 0x00000000573b7800 flushing nmethod 0x0000000002c83790
Event: 1876.746 Thread 0x00000000573b7800 flushing nmethod 0x0000000002cda990
Event: 1876.771 Thread 0x00000000573b7800 flushing nmethod 0x0000000002daaa90
Event: 1876.772 Thread 0x00000000573b7800 flushing nmethod 0x0000000003013150


Dynamic libraries:
0x000000013f100000 - 0x000000013f131000 	X:\Program Files\Android\Android Studio\jre\bin\java.exe
0x0000000077710000 - 0x00000000778af000 	X:\Windows\SYSTEM32\ntdll.dll
0x00000000775f0000 - 0x000000007770f000 	X:\Windows\system32\kernel32.dll
0x000007fefd7f0000 - 0x000007fefd85a000 	X:\Windows\system32\KERNELBASE.dll
0x000007feff6b0000 - 0x000007feff78b000 	X:\Windows\system32\ADVAPI32.dll
0x000007fefdaf0000 - 0x000007fefdb8f000 	X:\Windows\system32\msvcrt.dll
0x000007fefd860000 - 0x000007fefd87f000 	X:\Windows\SYSTEM32\sechost.dll
0x000007fefd9c0000 - 0x000007fefdaec000 	X:\Windows\system32\RPCRT4.dll
0x00000000774f0000 - 0x00000000775ea000 	X:\Windows\system32\USER32.dll
0x000007fefd880000 - 0x000007fefd8e7000 	X:\Windows\system32\GDI32.dll
0x000007fefd9b0000 - 0x000007fefd9be000 	X:\Windows\system32\LPK.dll
0x000007feff210000 - 0x000007feff2d9000 	X:\Windows\system32\USP10.dll
0x000007fefc4e0000 - 0x000007fefc6d4000 	X:\Windows\WinSxS\amd64_microsoft.windows.common-controls_6595b64144ccf1df_6.0.7601.17514_none_fa396087175ac9ac\COMCTL32.dll
0x000007feff7a0000 - 0x000007feff811000 	X:\Windows\system32\SHLWAPI.dll
0x000007feff540000 - 0x000007feff56e000 	X:\Windows\system32\IMM32.DLL
0x000007fefdd20000 - 0x000007fefde29000 	X:\Windows\system32\MSCTF.dll
0x0000000070400000 - 0x00000000704d2000 	X:\Program Files\Android\Android Studio\jre\jre\bin\msvcr100.dll
0x00000000712d0000 - 0x0000000071b1b000 	X:\Program Files\Android\Android Studio\jre\jre\bin\server\jvm.dll
0x000007fef9210000 - 0x000007fef9219000 	X:\Windows\system32\WSOCK32.dll
0x000007feff2e0000 - 0x000007feff32d000 	X:\Windows\system32\WS2_32.dll
0x000007feff790000 - 0x000007feff798000 	X:\Windows\system32\NSI.dll
0x000007fef8290000 - 0x000007fef82cb000 	X:\Windows\system32\WINMM.dll
0x000007fefc290000 - 0x000007fefc29c000 	X:\Windows\system32\VERSION.dll
0x00000000778c0000 - 0x00000000778c7000 	X:\Windows\system32\PSAPI.DLL
0x000007fef6140000 - 0x000007fef614f000 	X:\Program Files\Android\Android Studio\jre\jre\bin\verify.dll
0x000007fef6110000 - 0x000007fef6139000 	X:\Program Files\Android\Android Studio\jre\jre\bin\java.dll
0x000007fef60f0000 - 0x000007fef6106000 	X:\Program Files\Android\Android Studio\jre\jre\bin\zip.dll
0x000007fefe400000 - 0x000007feff18a000 	X:\Windows\system32\SHELL32.dll
0x000007feff330000 - 0x000007feff533000 	X:\Windows\system32\ole32.dll
0x000007fefd4b0000 - 0x000007fefd4bf000 	X:\Windows\system32\profapi.dll
0x000007fef60d0000 - 0x000007fef60ea000 	X:\Program Files\Android\Android Studio\jre\jre\bin\net.dll
0x000007fefcbf0000 - 0x000007fefcc45000 	X:\Windows\system32\mswsock.dll
0x000007fefcbe0000 - 0x000007fefcbe7000 	X:\Windows\System32\wship6.dll
0x000007fef60b0000 - 0x000007fef60c3000 	X:\Program Files\Android\Android Studio\jre\jre\bin\nio.dll
0x000007fef6520000 - 0x000007fef6546000 	X:\Users\Sohan\.gradle\native\31\windows-amd64\native-platform.dll
0x000007fef7490000 - 0x000007fef7493000 	X:\Windows\system32\api-ms-win-core-synch-l1-2-0.DLL
0x000007fef60a0000 - 0x000007fef60ad000 	X:\Program Files\Android\Android Studio\jre\jre\bin\management.dll
0x000007fefcc50000 - 0x000007fefcc68000 	X:\Windows\system32\CRYPTSP.dll
0x000007fefc950000 - 0x000007fefc997000 	X:\Windows\system32\rsaenh.dll
0x000007fefd5c0000 - 0x000007fefd5de000 	X:\Windows\system32\USERENV.dll
0x000007fefd340000 - 0x000007fefd34f000 	X:\Windows\system32\CRYPTBASE.dll
0x000007fefabf0000 - 0x000007fefac17000 	X:\Windows\system32\IPHLPAPI.DLL
0x000007fefabd0000 - 0x000007fefabdb000 	X:\Windows\system32\WINNSI.DLL
0x000007fefa9e0000 - 0x000007fefa9f8000 	X:\Windows\system32\dhcpcsvc.DLL
0x000007fefa9c0000 - 0x000007fefa9d1000 	X:\Windows\system32\dhcpcsvc6.DLL
0x000007fefd2a0000 - 0x000007fefd2f7000 	X:\Windows\system32\apphelp.dll
0x000007fefb330000 - 0x000007fefb455000 	X:\Windows\system32\dbghelp.dll

VM Arguments:
jvm_args: -Xmx2048m -Dfile.encoding=windows-1252 -Duser.country=US -Duser.language=en -Duser.variant 
java_command: org.gradle.launcher.daemon.bootstrap.GradleDaemon 6.1.1
java_class_path (initial): X:\Users\Sohan\.gradle\wrapper\dists\gradle-6.1.1-all\cfmwm155h49vnt3hynmlrsdst\gradle-6.1.1\lib\gradle-launcher-6.1.1.jar
Launcher Type: SUN_STANDARD

Environment Variables:
JAVA_HOME=X:\Program Files\Java\jdk1.8.0_301
PATH=X:\Program Files\Common Files\Oracle\Java\javapath;X:\Windows\system32;X:\Windows;X:\Windows\System32\Wbem;X:\Windows\System32\WindowsPowerShell\v1.0\;X:\Program Files (x86)\GtkSharp\2.12\bin;C:\Git\cmd
USERNAME=Sohan
OS=Windows_NT
PROCESSOR_IDENTIFIER=Intel64 Family 15 Model 6 Stepping 5, GenuineIntel



---------------  S Y S T E M  ---------------

OS: Windows 7 , 64 bit Build 7601 (6.1.7601.24384)

CPU:total 2 (initial active 2) (2 cores per cpu, 1 threads per core) family 15 model 6 stepping 5, cmov, cx8, fxsr, mmx, sse, sse2, sse3, tsc

Memory: 4k page, physical 3135600k(313500k free), swap 6269296k(2956484k free)

vm_info: OpenJDK 64-Bit Server VM (25.242-b01) for windows-amd64 JRE (1.8.0_242-release-1644-b01), built by "builder" with MS VC++ 10.0 (VS2010)

time: Sun Jan 01 01:31:03 2006
timezone: India Standard Time
elapsed time: 1877 seconds (0d 0h 31m 17s)

