#
# A fatal error has been detected by the Java Runtime Environment:
#
#  EXCEPTION_ACCESS_VIOLATION (0xc0000005) at pc=0x000000006ad5eb86, pid=3892, tid=0x0000000000000d50
#
# JRE version: OpenJDK Runtime Environment (8.0_242-b01) (build 1.8.0_242-release-1644-b01)
# Java VM: OpenJDK 64-Bit Server VM (25.242-b01 mixed mode windows-amd64 compressed oops)
# Problematic frame:
# V  [jvm.dll+0x46eb86]
#
# Failed to write core dump. Minidumps are not enabled by default on client versions of Windows
#
# If you would like to submit a bug report, please visit:
#   
#

---------------  T H R E A D  ---------------

Current thread (0x0000000057368000):  JavaThread "C2 CompilerThread0" daemon [_thread_in_native, id=3408, stack(0x00000000580b0000,0x00000000581b0000)]

siginfo: ExceptionCode=0xc0000005, reading address 0x000000006b622f54

Registers:
RAX=0x00000000682df188, RBX=0x0000000000000018, RCX=0x0000000000000001, RDX=0x0000000000000001
RSP=0x00000000581ac2f0, RBP=0x0000000000068820, RSI=0x0000000000000eee, RDI=0x000000006817f160
R8 =0x0000000001000000, R9 =0x000000006b622f50, R10=0x00000000581ac660, R11=0x000000000000000e
R12=0x0000000067ce98f0, R13=0x00000000581ac950, R14=0x000000006a8f0000, R15=0x000000006b0bf750
RIP=0x000000006ad5eb86, EFLAGS=0x0000000000010206

Top of Stack: (sp=0x00000000581ac2f0)
0x00000000581ac2f0:   00000000581ac4d0 0000000000000004
0x00000000581ac300:   0000000000068820 0000000000000eee
0x00000000581ac310:   0000063900000000 0000000000000002
0x00000000581ac320:   00000000678fc1c0 0000000000000007
0x00000000581ac330:   0000000065290d40 0000000000000013
0x00000000581ac340:   00000000581ac4d0 000000006ad9afe4
0x00000000581ac350:   0000000000000002 000000005dd657f8
0x00000000581ac360:   00000000677041e0 00000000581ac950
0x00000000581ac370:   00000000581ac950 000000006ad60038
0x00000000581ac380:   0000000000068820 0000000000000ebc
0x00000000581ac390:   00000000581ac480 0000000067d17128
0x00000000581ac3a0:   0000000900000000 000000000000000f
0x00000000581ac3b0:   000000005dd657f8 00000eee00000000
0x00000000581ac3c0:   000003160000000e 0000000000000008
0x00000000581ac3d0:   0000000005155455 0000000000000000
0x00000000581ac3e0:   0000000000000000 0000000000000000 

Instructions: (pc=0x000000006ad5eb86)
0x000000006ad5eb66:   26 44 00 00 4c 8b c8 8b d3 83 e3 1f 41 b8 01 00
0x000000006ad5eb76:   00 00 c1 ea 05 0f b6 cb 83 e2 07 41 d3 e0 8b ca
0x000000006ad5eb86:   41 8b 14 91 8b c2 41 0b c0 41 89 04 89 41 85 d0
0x000000006ad5eb96:   0f 85 a4 fe ff ff ff 07 e9 9d fe ff ff 48 8b bc 


Register to memory mapping:

RAX=0x00000000682df188 is an unknown value
RBX=0x0000000000000018 is an unknown value
RCX=0x0000000000000001 is an unknown value
RDX=0x0000000000000001 is an unknown value
RSP=0x00000000581ac2f0 is pointing into the stack for thread: 0x0000000057368000
RBP=0x0000000000068820 is an unknown value
RSI=0x0000000000000eee is an unknown value
RDI=0x000000006817f160 is an unknown value
R8 =0x0000000001000000 is an unknown value
R9 =0x000000006b622f50 is an unknown value
R10=0x00000000581ac660 is pointing into the stack for thread: 0x0000000057368000
R11=0x000000000000000e is an unknown value
R12=0x0000000067ce98f0 is an unknown value
R13=0x00000000581ac950 is pointing into the stack for thread: 0x0000000057368000
R14=0x000000006a8f0000 is an unknown value
R15=0x000000006b0bf750 is an unknown value


Stack: [0x00000000580b0000,0x00000000581b0000],  sp=0x00000000581ac2f0,  free space=1008k
Native frames: (J=compiled Java code, j=interpreted, Vv=VM code, C=native code)
V  [jvm.dll+0x46eb86]
V  [jvm.dll+0x470038]
V  [jvm.dll+0x43ac08]
V  [jvm.dll+0x4456ab]
V  [jvm.dll+0x447fa8]
V  [jvm.dll+0x42b072]
V  [jvm.dll+0x8230f]
V  [jvm.dll+0x82c7f]
V  [jvm.dll+0x220b7f]
V  [jvm.dll+0x27276a]
C  [msvcr100.dll+0x21d9f]
C  [msvcr100.dll+0x21e3b]
C  [kernel32.dll+0x1570d]
C  [ntdll.dll+0x5385d]


Current CompileTask:
C2:8937650 28157       4       com.android.tools.r8.dex.n$c::<init> (567 bytes)


---------------  P R O C E S S  ---------------

Java Threads: ( => current thread )
  0x000000005d1b3800 JavaThread "ForkJoinPool-33-worker-0" daemon [_thread_blocked, id=3372, stack(0x0000000069080000,0x0000000069180000)]
  0x000000005d1b0800 JavaThread "ForkJoinPool-33-worker-1" daemon [_thread_blocked, id=3680, stack(0x0000000065c20000,0x0000000065d20000)]
  0x000000005dc42800 JavaThread "Cache worker for Java compile cache (X:\Users\Sohan\AndroidStudioProjects\Uncover\.gradle\6.1.1\javaCompile)" [_thread_blocked, id=3600, stack(0x0000000068d20000,0x0000000068e20000)]
  0x000000005c47b800 JavaThread "WorkerExecutor Queue Thread 2" [_thread_blocked, id=3136, stack(0x000000006bcb0000,0x000000006bdb0000)]
  0x000000005c47a000 JavaThread "stdout" [_thread_in_native, id=3704, stack(0x000000006bb40000,0x000000006bc40000)]
  0x000000005c475000 JavaThread "stderr" [_thread_in_native, id=2364, stack(0x000000006b9c0000,0x000000006bac0000)]
  0x0000000059c91000 JavaThread "pool-69-thread-1" [_thread_blocked, id=2432, stack(0x0000000067320000,0x0000000067420000)]
  0x0000000059c92800 JavaThread "WorkerExecutor Queue" [_thread_blocked, id=704, stack(0x00000000671d0000,0x00000000672d0000)]
  0x0000000059c90000 JavaThread "Cache worker for execution history cache (X:\Users\Sohan\AndroidStudioProjects\Uncover\.gradle\6.1.1\executionHistory)" [_thread_blocked, id=1856, stack(0x000000005fbb0000,0x000000005fcb0000)]
  0x0000000059c91800 JavaThread "Execution worker for ':'" [_thread_blocked, id=2840, stack(0x0000000067060000,0x0000000067160000)]
  0x0000000059c93800 JavaThread "Cache worker for file content cache (X:\Users\Sohan\AndroidStudioProjects\Uncover\.gradle\6.1.1\fileContent)" [_thread_blocked, id=3608, stack(0x0000000065b00000,0x0000000065c00000)]
  0x000000005d515800 JavaThread "Cache worker for Build Output Cleanup Cache (X:\Users\Sohan\AndroidStudioProjects\Uncover\.gradle\buildOutputCleanup)" [_thread_blocked, id=2556, stack(0x0000000065a00000,0x0000000065b00000)]
  0x000000005d512000 JavaThread "pool-68-thread-1" [_thread_blocked, id=3644, stack(0x0000000063720000,0x0000000063820000)]
  0x000000005d511000 JavaThread "Build operations Thread 2" [_thread_blocked, id=2052, stack(0x0000000062c90000,0x0000000062d90000)]
  0x000000005d516800 JavaThread "Build operations" [_thread_blocked, id=2768, stack(0x0000000063080000,0x0000000063180000)]
  0x000000005d513800 JavaThread "Cache worker for cache directory md-rule (X:\Users\Sohan\.gradle\caches\6.1.1\md-rule)" [_thread_blocked, id=3972, stack(0x0000000062900000,0x0000000062a00000)]
  0x00000000619bd000 JavaThread "Cache worker for cache directory md-supplier (X:\Users\Sohan\.gradle\caches\6.1.1\md-supplier)" [_thread_blocked, id=2508, stack(0x000000005b850000,0x000000005b950000)]
  0x00000000619be800 JavaThread "Cache worker for file hash cache (X:\Users\Sohan\AndroidStudioProjects\Uncover\.gradle\6.1.1\fileHashes)" [_thread_blocked, id=3756, stack(0x000000005eda0000,0x000000005eea0000)]
  0x00000000619bb800 JavaThread "Cache worker for checksums cache (X:\Users\Sohan\AndroidStudioProjects\Uncover\.gradle\checksums)" [_thread_blocked, id=3132, stack(0x0000000060f40000,0x0000000061040000)]
  0x00000000619b9000 JavaThread "Thread-534" [_thread_blocked, id=1684, stack(0x000000005fa50000,0x000000005fb50000)]
  0x00000000619ba000 JavaThread "Asynchronous log dispatcher for DefaultDaemonConnection: socket connection from /127.0.0.1:49246 to /127.0.0.1:49824" [_thread_blocked, id=2348, stack(0x000000005e840000,0x000000005e940000)]
  0x00000000619bc000 JavaThread "Daemon worker Thread 21" [_thread_blocked, id=3412, stack(0x000000005e140000,0x000000005e240000)]
  0x000000005dc41800 JavaThread "Cancel handler" [_thread_blocked, id=3364, stack(0x000000005adb0000,0x000000005aeb0000)]
  0x000000005dc44000 JavaThread "Handler for socket connection from /127.0.0.1:49246 to /127.0.0.1:49824" [_thread_in_native, id=684, stack(0x000000005b490000,0x000000005b590000)]
  0x0000000058935000 JavaThread "Daemon Thread 21" [_thread_blocked, id=3512, stack(0x000000005aad0000,0x000000005abd0000)]
  0x000000005c5a8000 JavaThread "MarlinRenderer Disposer" daemon [_thread_blocked, id=1400, stack(0x000000005e240000,0x000000005e340000)]
  0x000000005c5a6800 JavaThread "Java2D Disposer" daemon [_thread_blocked, id=3464, stack(0x0000000066320000,0x0000000066420000)]
  0x000000005c476800 JavaThread "Cache worker for Java compile cache (X:\Users\Sohan\.gradle\caches\6.1.1\javaCompile)" [_thread_blocked, id=624, stack(0x0000000063600000,0x0000000063700000)]
  0x000000005d1b0000 JavaThread "Cache worker for file content cache (X:\Users\Sohan\.gradle\caches\6.1.1\fileContent)" [_thread_blocked, id=2648, stack(0x000000005b750000,0x000000005b850000)]
  0x000000005d1af000 JavaThread "Memory manager" [_thread_blocked, id=2740, stack(0x0000000060340000,0x0000000060440000)]
  0x0000000058938000 JavaThread "Cache worker for execution history cache (X:\Users\Sohan\.gradle\caches\6.1.1\executionHistory)" [_thread_blocked, id=4036, stack(0x000000005ea60000,0x000000005eb60000)]
  0x0000000058934800 JavaThread "Cache worker for file hash cache (X:\Users\Sohan\.gradle\caches\6.1.1\fileHashes)" [_thread_blocked, id=3912, stack(0x000000005b650000,0x000000005b750000)]
  0x0000000058933800 JavaThread "File lock request listener" [_thread_in_native, id=2228, stack(0x000000005cdf0000,0x000000005cef0000)]
  0x0000000059907800 JavaThread "Cache worker for journal cache (X:\Users\Sohan\.gradle\caches\journal-1)" [_thread_blocked, id=1656, stack(0x000000005cc80000,0x000000005cd80000)]
  0x000000005a52f000 JavaThread "Daemon periodic checks" [_thread_blocked, id=3480, stack(0x000000005ac30000,0x000000005ad30000)]
  0x000000005a515000 JavaThread "Incoming local TCP Connector on port 49246" [_thread_in_native, id=3652, stack(0x0000000058b60000,0x0000000058c60000)]
  0x000000005a462800 JavaThread "Daemon health stats" [_thread_blocked, id=3316, stack(0x000000005a730000,0x000000005a830000)]
  0x000000005877c000 JavaThread "Service Thread" daemon [_thread_blocked, id=1212, stack(0x0000000058540000,0x0000000058640000)]
  0x000000005736f000 JavaThread "C1 CompilerThread1" daemon [_thread_blocked, id=3168, stack(0x0000000058660000,0x0000000058760000)]
=>0x0000000057368000 JavaThread "C2 CompilerThread0" daemon [_thread_in_native, id=3408, stack(0x00000000580b0000,0x00000000581b0000)]
  0x0000000057365800 JavaThread "Attach Listener" daemon [_thread_blocked, id=2372, stack(0x00000000583e0000,0x00000000584e0000)]
  0x0000000057364800 JavaThread "Signal Dispatcher" daemon [_thread_blocked, id=3560, stack(0x0000000058270000,0x0000000058370000)]
  0x000000005733d800 JavaThread "Finalizer" daemon [_thread_blocked, id=3388, stack(0x0000000057f90000,0x0000000058090000)]
  0x0000000057334000 JavaThread "Reference Handler" daemon [_thread_blocked, id=3324, stack(0x0000000057e90000,0x0000000057f90000)]
  0x00000000021ae800 JavaThread "main" [_thread_blocked, id=2736, stack(0x00000000025b0000,0x00000000026b0000)]

Other Threads:
  0x00000000572ec800 VMThread [stack: 0x0000000057d90000,0x0000000057e90000] [id=3416]
  0x00000000573be800 WatcherThread [stack: 0x0000000058d00000,0x0000000058e00000] [id=1268]

VM state:at safepoint (normal execution)

VM Mutex/Monitor currently owned by a thread:  ([mutex/lock_event])
[0x00000000021ac980] Threads_lock - owner thread: 0x00000000572ec800
[0x00000000021ace80] Heap_lock - owner thread: 0x000000005d1b0800

heap address: 0x0000000080000000, size: 2048 MB, Compressed Oops mode: 32-bit
Narrow klass base: 0x0000000000000000, Narrow klass shift: 0
Compressed class space size: 1073741824 Address: 0x00000000169c0000

Heap:
 PSYoungGen      total 469504K, used 469321K [0x00000000d5580000, 0x00000000ffa80000, 0x0000000100000000)
  eden space 453120K, 100% used [0x00000000d5580000,0x00000000f1000000,0x00000000f1000000)
  from space 16384K, 98% used [0x00000000f1000000,0x00000000f1fd27c0,0x00000000f2000000)
  to   space 118272K, 1% used [0x00000000f8700000,0x00000000f88d4020,0x00000000ffa80000)
 ParOldGen       total 271872K, used 186563K [0x0000000080000000, 0x0000000090980000, 0x00000000d5580000)
  object space 271872K, 68% used [0x0000000080000000,0x000000008b630fd8,0x0000000090980000)
 Metaspace       used 101822K, capacity 109680K, committed 109864K, reserved 1144832K
  class space    used 13012K, capacity 14375K, committed 14384K, reserved 1048576K

Card table byte_map: [0x0000000011d40000,0x0000000012150000] byte_map_base: 0x0000000011940000

Marking Bits: (ParMarkBitMap*) 0x000000006b0bf030
 Begin Bits: [0x00000000125c0000, 0x00000000145c0000)
 End Bits:   [0x00000000145c0000, 0x00000000165c0000)

Polling page: 0x0000000000140000

CodeCache: size=245760Kb used=70171Kb max_used=71161Kb free=175588Kb
 bounds [0x0000000002980000, 0x0000000006fb0000, 0x0000000011980000]
 total_blobs=20913 nmethods=19920 adapters=904
 compilation: enabled

Compilation events (10 events):
Event: 8931.860 Thread 0x000000005736f000 28183       1       com.android.tools.r8.graph.h0$k::collectIndexedItems (1 bytes)
Event: 8931.860 Thread 0x000000005736f000 nmethod 28183 0x0000000006adf8d0 code [0x0000000006adfa20, 0x0000000006adfb30]
Event: 8931.988 Thread 0x000000005736f000 28184       1       com.android.tools.r8.code.G3::a (1 bytes)
Event: 8931.988 Thread 0x000000005736f000 nmethod 28184 0x00000000042ced50 code [0x00000000042ceea0, 0x00000000042cefb0]
Event: 8932.555 Thread 0x0000000057368000 nmethod 28165 0x0000000005e68810 code [0x0000000005e68e20, 0x0000000005e709d0]
Event: 8932.561 Thread 0x0000000057368000 28157       4       com.android.tools.r8.dex.n$c::<init> (567 bytes)
Event: 8932.826 Thread 0x000000005736f000 28185       2       java.util.IdentityHashMap$IdentityHashMapSpliterator::<init> (32 bytes)
Event: 8932.827 Thread 0x000000005736f000 nmethod 28185 0x0000000004f43dd0 code [0x0000000004f43f20, 0x0000000004f44090]
Event: 8932.833 Thread 0x000000005736f000 28186       2       java.util.IdentityHashMap$IdentityHashMapSpliterator::estimateSize (11 bytes)
Event: 8932.833 Thread 0x000000005736f000 nmethod 28186 0x0000000004e47fd0 code [0x0000000004e48140, 0x0000000004e482c8]

GC Heap History (10 events):
Event: 7888.497 GC heap before
{Heap before GC invocations=48 (full 7):
 PSYoungGen      total 545280K, used 523661K [0x00000000d5580000, 0x0000000100000000, 0x0000000100000000)
  eden space 423424K, 100% used [0x00000000d5580000,0x00000000ef300000,0x00000000ef300000)
  from space 121856K, 82% used [0x00000000f8780000,0x00000000fe963568,0x00000000ffe80000)
  to   space 137728K, 0% used [0x00000000ef300000,0x00000000ef300000,0x00000000f7980000)
 ParOldGen       total 271872K, used 163431K [0x0000000080000000, 0x0000000090980000, 0x00000000d5580000)
  object space 271872K, 60% used [0x0000000080000000,0x0000000089f99c08,0x0000000090980000)
 Metaspace       used 99121K, capacity 106938K, committed 107048K, reserved 1142784K
  class space    used 12756K, capacity 14120K, committed 14128K, reserved 1048576K
Event: 7888.691 GC heap after
Heap after GC invocations=48 (full 7):
 PSYoungGen      total 561152K, used 16489K [0x00000000d5580000, 0x0000000100000000, 0x0000000100000000)
  eden space 423424K, 0% used [0x00000000d5580000,0x00000000d5580000,0x00000000ef300000)
  from space 137728K, 11% used [0x00000000ef300000,0x00000000f031a598,0x00000000f7980000)
  to   space 132096K, 0% used [0x00000000f7f00000,0x00000000f7f00000,0x0000000100000000)
 ParOldGen       total 271872K, used 163519K [0x0000000080000000, 0x0000000090980000, 0x00000000d5580000)
  object space 271872K, 60% used [0x0000000080000000,0x0000000089fafc18,0x0000000090980000)
 Metaspace       used 99121K, capacity 106938K, committed 107048K, reserved 1142784K
  class space    used 12756K, capacity 14120K, committed 14128K, reserved 1048576K
}
Event: 7977.893 GC heap before
{Heap before GC invocations=49 (full 7):
 PSYoungGen      total 561152K, used 439913K [0x00000000d5580000, 0x0000000100000000, 0x0000000100000000)
  eden space 423424K, 100% used [0x00000000d5580000,0x00000000ef300000,0x00000000ef300000)
  from space 137728K, 11% used [0x00000000ef300000,0x00000000f031a598,0x00000000f7980000)
  to   space 132096K, 0% used [0x00000000f7f00000,0x00000000f7f00000,0x0000000100000000)
 ParOldGen       total 271872K, used 163519K [0x0000000080000000, 0x0000000090980000, 0x00000000d5580000)
  object space 271872K, 60% used [0x0000000080000000,0x0000000089fafc18,0x0000000090980000)
 Metaspace       used 101548K, capacity 109328K, committed 109608K, reserved 1144832K
  class space    used 13008K, capacity 14375K, committed 14384K, reserved 1048576K
Event: 7983.710 GC heap after
Heap after GC invocations=49 (full 7):
 PSYoungGen      total 538112K, used 34914K [0x00000000d5580000, 0x00000000fe980000, 0x0000000100000000)
  eden space 429056K, 0% used [0x00000000d5580000,0x00000000d5580000,0x00000000ef880000)
  from space 109056K, 32% used [0x00000000f7f00000,0x00000000fa118ac0,0x00000000fe980000)
  to   space 123392K, 0% used [0x00000000ef880000,0x00000000ef880000,0x00000000f7100000)
 ParOldGen       total 271872K, used 169830K [0x0000000080000000, 0x0000000090980000, 0x00000000d5580000)
  object space 271872K, 62% used [0x0000000080000000,0x000000008a5d9b58,0x0000000090980000)
 Metaspace       used 101548K, capacity 109328K, committed 109608K, reserved 1144832K
  class space    used 13008K, capacity 14375K, committed 14384K, reserved 1048576K
}
Event: 8178.844 GC heap before
{Heap before GC invocations=50 (full 7):
 PSYoungGen      total 538112K, used 463970K [0x00000000d5580000, 0x00000000fe980000, 0x0000000100000000)
  eden space 429056K, 100% used [0x00000000d5580000,0x00000000ef880000,0x00000000ef880000)
  from space 109056K, 32% used [0x00000000f7f00000,0x00000000fa118ac0,0x00000000fe980000)
  to   space 123392K, 0% used [0x00000000ef880000,0x00000000ef880000,0x00000000f7100000)
 ParOldGen       total 271872K, used 169830K [0x0000000080000000, 0x0000000090980000, 0x00000000d5580000)
  object space 271872K, 62% used [0x0000000080000000,0x000000008a5d9b58,0x0000000090980000)
 Metaspace       used 101594K, capacity 109396K, committed 109608K, reserved 1144832K
  class space    used 13010K, capacity 14375K, committed 14384K, reserved 1048576K
Event: 8181.703 GC heap after
Heap after GC invocations=50 (full 7):
 PSYoungGen      total 552448K, used 15161K [0x00000000d5580000, 0x0000000100000000, 0x0000000100000000)
  eden space 429056K, 0% used [0x00000000d5580000,0x00000000d5580000,0x00000000ef880000)
  from space 123392K, 12% used [0x00000000ef880000,0x00000000f074e6f0,0x00000000f7100000)
  to   space 119296K, 0% used [0x00000000f8b80000,0x00000000f8b80000,0x0000000100000000)
 ParOldGen       total 271872K, used 173724K [0x0000000080000000, 0x0000000090980000, 0x00000000d5580000)
  object space 271872K, 63% used [0x0000000080000000,0x000000008a9a7018,0x0000000090980000)
 Metaspace       used 101594K, capacity 109396K, committed 109608K, reserved 1144832K
  class space    used 13010K, capacity 14375K, committed 14384K, reserved 1048576K
}
Event: 8247.198 GC heap before
{Heap before GC invocations=51 (full 7):
 PSYoungGen      total 552448K, used 444217K [0x00000000d5580000, 0x0000000100000000, 0x0000000100000000)
  eden space 429056K, 100% used [0x00000000d5580000,0x00000000ef880000,0x00000000ef880000)
  from space 123392K, 12% used [0x00000000ef880000,0x00000000f074e6f0,0x00000000f7100000)
  to   space 119296K, 0% used [0x00000000f8b80000,0x00000000f8b80000,0x0000000100000000)
 ParOldGen       total 271872K, used 173724K [0x0000000080000000, 0x0000000090980000, 0x00000000d5580000)
  object space 271872K, 63% used [0x0000000080000000,0x000000008a9a7018,0x0000000090980000)
 Metaspace       used 101692K, capacity 109396K, committed 109608K, reserved 1144832K
  class space    used 13010K, capacity 14375K, committed 14384K, reserved 1048576K
Event: 8248.257 GC heap after
Heap after GC invocations=51 (full 7):
 PSYoungGen      total 572416K, used 68605K [0x00000000d5580000, 0x0000000100000000, 0x0000000100000000)
  eden space 453120K, 0% used [0x00000000d5580000,0x00000000d5580000,0x00000000f1000000)
  from space 119296K, 57% used [0x00000000f8b80000,0x00000000fce7f4a0,0x0000000100000000)
  to   space 122880K, 0% used [0x00000000f1000000,0x00000000f1000000,0x00000000f8800000)
 ParOldGen       total 271872K, used 181266K [0x0000000080000000, 0x0000000090980000, 0x00000000d5580000)
  object space 271872K, 66% used [0x0000000080000000,0x000000008b104928,0x0000000090980000)
 Metaspace       used 101692K, capacity 109396K, committed 109608K, reserved 1144832K
  class space    used 13010K, capacity 14375K, committed 14384K, reserved 1048576K
}
Event: 8883.140 GC heap before
{Heap before GC invocations=52 (full 7):
 PSYoungGen      total 572416K, used 521725K [0x00000000d5580000, 0x0000000100000000, 0x0000000100000000)
  eden space 453120K, 100% used [0x00000000d5580000,0x00000000f1000000,0x00000000f1000000)
  from space 119296K, 57% used [0x00000000f8b80000,0x00000000fce7f4a0,0x0000000100000000)
  to   space 122880K, 0% used [0x00000000f1000000,0x00000000f1000000,0x00000000f8800000)
 ParOldGen       total 271872K, used 181266K [0x0000000080000000, 0x0000000090980000, 0x00000000d5580000)
  object space 271872K, 66% used [0x0000000080000000,0x000000008b104928,0x0000000090980000)
 Metaspace       used 101754K, capacity 109540K, committed 109608K, reserved 1144832K
  class space    used 13012K, capacity 14375K, committed 14384K, reserved 1048576K
Event: 8897.160 GC heap after
Heap after GC invocations=52 (full 7):
 PSYoungGen      total 469504K, used 16201K [0x00000000d5580000, 0x00000000ffa80000, 0x0000000100000000)
  eden space 453120K, 0% used [0x00000000d5580000,0x00000000d5580000,0x00000000f1000000)
  from space 16384K, 98% used [0x00000000f1000000,0x00000000f1fd27c0,0x00000000f2000000)
  to   space 118272K, 0% used [0x00000000f8700000,0x00000000f8700000,0x00000000ffa80000)
 ParOldGen       total 271872K, used 184318K [0x0000000080000000, 0x0000000090980000, 0x00000000d5580000)
  object space 271872K, 67% used [0x0000000080000000,0x000000008b3ff800,0x0000000090980000)
 Metaspace       used 101754K, capacity 109540K, committed 109608K, reserved 1144832K
  class space    used 13012K, capacity 14375K, committed 14384K, reserved 1048576K
}

Deoptimization events (10 events):
Event: 8902.684 Thread 0x00000000619bc000 Uncommon trap: reason=array_check action=maybe_recompile pc=0x000000000635bd6c method=java.util.ComparableTimSort.reverseRange([Ljava/lang/Object;II)V @ 20
Event: 8902.684 Thread 0x00000000619bc000 Uncommon trap: reason=array_check action=maybe_recompile pc=0x000000000635bd6c method=java.util.ComparableTimSort.reverseRange([Ljava/lang/Object;II)V @ 20
Event: 8910.290 Thread 0x000000005c47b800 Uncommon trap: reason=unstable_if action=reinterpret pc=0x00000000064924a0 method=com.android.tools.r8.ir.conversion.N.a(Lcom/android/tools/r8/graph/T;)Lcom/android/tools/r8/u/b/W; @ 270
Event: 8911.708 Thread 0x000000005c47b800 Uncommon trap: reason=class_check action=maybe_recompile pc=0x0000000006990c5c method=com.android.tools.r8.B.a.a.f.a(Lcom/android/tools/r8/B/a/a/h;[Lcom/android/tools/r8/B/a/a/d;I)V @ 1314
Event: 8912.844 Thread 0x000000005c47b800 Uncommon trap: reason=speculate_class_check action=maybe_recompile pc=0x0000000006bee284 method=java.util.stream.AbstractPipeline.evaluate(Ljava/util/Spliterator;ZLjava/util/function/IntFunction;)Ljava/util/stream/Node; @ 23
Event: 8923.670 Thread 0x0000000059c92800 Uncommon trap: reason=array_check action=maybe_recompile pc=0x0000000005f215f0 method=java.util.TimSort.mergeLo(IIII)V @ 133
Event: 8923.670 Thread 0x0000000059c92800 Uncommon trap: reason=array_check action=maybe_recompile pc=0x0000000005f215f0 method=java.util.TimSort.mergeLo(IIII)V @ 133
Event: 8923.671 Thread 0x0000000059c92800 Uncommon trap: reason=array_check action=maybe_recompile pc=0x0000000005f23dec method=java.util.TimSort.mergeHi(IIII)V @ 171
Event: 8923.671 Thread 0x0000000059c92800 Uncommon trap: reason=array_check action=maybe_recompile pc=0x0000000005f23dec method=java.util.TimSort.mergeHi(IIII)V @ 171
Event: 8926.258 Thread 0x00000000619bc000 Uncommon trap: reason=unstable_if action=reinterpret pc=0x0000000003024a0c method=java.util.concurrent.locks.AbstractQueuedSynchronizer.addWaiter(Ljava/util/concurrent/locks/AbstractQueuedSynchronizer$Node;)Ljava/util/concurrent/locks/AbstractQueuedSynchr

Classes redefined (0 events):
No events

Internal exceptions (10 events):
Event: 8879.744 Thread 0x00000000619bc000 Exception <a 'sun/nio/fs/WindowsException'> (0x00000000f0a23ce8) thrown at [C:\src\AOSP-openjdk-git\hotspot\src\share\vm\prims\jni.cpp, line 710]
Event: 8879.744 Thread 0x00000000619bc000 Exception <a 'sun/nio/fs/WindowsException'> (0x00000000f0a254f0) thrown at [C:\src\AOSP-openjdk-git\hotspot\src\share\vm\prims\jni.cpp, line 710]
Event: 8879.745 Thread 0x00000000619bc000 Exception <a 'sun/nio/fs/WindowsException'> (0x00000000f0a26d80) thrown at [C:\src\AOSP-openjdk-git\hotspot\src\share\vm\prims\jni.cpp, line 710]
Event: 8879.745 Thread 0x00000000619bc000 Exception <a 'sun/nio/fs/WindowsException'> (0x00000000f0a29708) thrown at [C:\src\AOSP-openjdk-git\hotspot\src\share\vm\prims\jni.cpp, line 710]
Event: 8879.745 Thread 0x00000000619bc000 Exception <a 'sun/nio/fs/WindowsException'> (0x00000000f0a2af20) thrown at [C:\src\AOSP-openjdk-git\hotspot\src\share\vm\prims\jni.cpp, line 710]
Event: 8879.746 Thread 0x00000000619bc000 Exception <a 'sun/nio/fs/WindowsException'> (0x00000000f0a2c7c0) thrown at [C:\src\AOSP-openjdk-git\hotspot\src\share\vm\prims\jni.cpp, line 710]
Event: 8909.400 Thread 0x000000005c47b800 Exception <a 'sun/nio/fs/WindowsException'> (0x00000000da94f2d0) thrown at [C:\src\AOSP-openjdk-git\hotspot\src\share\vm\prims\jni.cpp, line 710]
Event: 8913.420 Thread 0x000000005c47b800 Exception <a 'sun/nio/fs/WindowsException'> (0x00000000dcd44610) thrown at [C:\src\AOSP-openjdk-git\hotspot\src\share\vm\prims\jni.cpp, line 710]
Event: 8913.503 Thread 0x000000005c47b800 Exception <a 'sun/nio/fs/WindowsException'> (0x00000000dd6f1600) thrown at [C:\src\AOSP-openjdk-git\hotspot\src\share\vm\prims\jni.cpp, line 710]
Event: 8929.455 Thread 0x000000005c47b800 Exception <a 'sun/nio/fs/WindowsException'> (0x00000000e097ecd8) thrown at [C:\src\AOSP-openjdk-git\hotspot\src\share\vm\prims\jni.cpp, line 710]

Events (10 events):
Event: 8930.488 Executing VM operation: RevokeBias done
Event: 8930.496 Executing VM operation: RevokeBias
Event: 8930.565 Executing VM operation: RevokeBias done
Event: 8930.706 Thread 0x000000005736f000 flushing nmethod 0x00000000036e92d0
Event: 8930.863 Thread 0x000000005736f000 flushing nmethod 0x0000000003ae7210
Event: 8930.875 Thread 0x000000005736f000 flushing nmethod 0x0000000003b15d90
Event: 8930.879 Thread 0x000000005736f000 flushing nmethod 0x0000000003e8a050
Event: 8931.751 Thread 0x000000005736f000 flushing nmethod 0x0000000004b882d0
Event: 8931.856 Thread 0x000000005736f000 flushing nmethod 0x0000000004e47fd0
Event: 8931.856 Thread 0x000000005736f000 flushing nmethod 0x0000000004f43dd0


Dynamic libraries:
0x000000013f120000 - 0x000000013f151000 	X:\Program Files\Android\Android Studio1\jre\bin\java.exe
0x0000000076cd0000 - 0x0000000076e6f000 	X:\Windows\SYSTEM32\ntdll.dll
0x0000000076ab0000 - 0x0000000076bcf000 	X:\Windows\system32\kernel32.dll
0x000007fefcae0000 - 0x000007fefcb4a000 	X:\Windows\system32\KERNELBASE.dll
0x000007fefcf10000 - 0x000007fefcfeb000 	X:\Windows\system32\ADVAPI32.dll
0x000007fefd270000 - 0x000007fefd30f000 	X:\Windows\system32\msvcrt.dll
0x000007fefe810000 - 0x000007fefe82f000 	X:\Windows\SYSTEM32\sechost.dll
0x000007fefee80000 - 0x000007fefefac000 	X:\Windows\system32\RPCRT4.dll
0x0000000076bd0000 - 0x0000000076cca000 	X:\Windows\system32\USER32.dll
0x000007fefea40000 - 0x000007fefeaa7000 	X:\Windows\system32\GDI32.dll
0x000007fefefb0000 - 0x000007fefefbe000 	X:\Windows\system32\LPK.dll
0x000007fefedb0000 - 0x000007fefee79000 	X:\Windows\system32\USP10.dll
0x000007fefb280000 - 0x000007fefb474000 	X:\Windows\WinSxS\amd64_microsoft.windows.common-controls_6595b64144ccf1df_6.0.7601.17514_none_fa396087175ac9ac\COMCTL32.dll
0x000007fefe790000 - 0x000007fefe801000 	X:\Windows\system32\SHLWAPI.dll
0x000007fefcff0000 - 0x000007fefd01e000 	X:\Windows\system32\IMM32.DLL
0x000007fefd5e0000 - 0x000007fefd6e9000 	X:\Windows\system32\MSCTF.dll
0x000000006ee60000 - 0x000000006ef32000 	X:\Program Files\Android\Android Studio1\jre\jre\bin\msvcr100.dll
0x000000006a8f0000 - 0x000000006b13b000 	X:\Program Files\Android\Android Studio1\jre\jre\bin\server\jvm.dll
0x000007fef3c90000 - 0x000007fef3c99000 	X:\Windows\system32\WSOCK32.dll
0x000007fefcec0000 - 0x000007fefcf0d000 	X:\Windows\system32\WS2_32.dll
0x000007fefd080000 - 0x000007fefd088000 	X:\Windows\system32\NSI.dll
0x000007fefa380000 - 0x000007fefa3bb000 	X:\Windows\system32\WINMM.dll
0x000007fefbb50000 - 0x000007fefbb5c000 	X:\Windows\system32\VERSION.dll
0x0000000076e80000 - 0x0000000076e87000 	X:\Windows\system32\PSAPI.DLL
0x000007fef3d30000 - 0x000007fef3d3f000 	X:\Program Files\Android\Android Studio1\jre\jre\bin\verify.dll
0x000007fef3be0000 - 0x000007fef3c09000 	X:\Program Files\Android\Android Studio1\jre\jre\bin\java.dll
0x000007fef3b10000 - 0x000007fef3b26000 	X:\Program Files\Android\Android Studio1\jre\jre\bin\zip.dll
0x000007fefda00000 - 0x000007fefe78a000 	X:\Windows\system32\SHELL32.dll
0x000007fefe830000 - 0x000007fefea33000 	X:\Windows\system32\ole32.dll
0x000007fefca60000 - 0x000007fefca6f000 	X:\Windows\system32\profapi.dll
0x000007fef3880000 - 0x000007fef389a000 	X:\Program Files\Android\Android Studio1\jre\jre\bin\net.dll
0x000007fefc1b0000 - 0x000007fefc205000 	X:\Windows\system32\mswsock.dll
0x000007fefc1a0000 - 0x000007fefc1a7000 	X:\Windows\System32\wship6.dll
0x000007fef3860000 - 0x000007fef3873000 	X:\Program Files\Android\Android Studio1\jre\jre\bin\nio.dll
0x000007fef4250000 - 0x000007fef4276000 	X:\Users\Sohan\.gradle\native\31\windows-amd64\native-platform.dll
0x000007fef6730000 - 0x000007fef6733000 	X:\Windows\system32\api-ms-win-core-synch-l1-2-0.DLL
0x000007fef37d0000 - 0x000007fef37dd000 	X:\Program Files\Android\Android Studio1\jre\jre\bin\management.dll
0x000007fefc210000 - 0x000007fefc228000 	X:\Windows\system32\CRYPTSP.dll
0x000007fefbf10000 - 0x000007fefbf57000 	X:\Windows\system32\rsaenh.dll
0x000007fefcd30000 - 0x000007fefcd4e000 	X:\Windows\system32\USERENV.dll
0x000007fefc900000 - 0x000007fefc90f000 	X:\Windows\system32\CRYPTBASE.dll
0x000007fefa720000 - 0x000007fefa747000 	X:\Windows\system32\IPHLPAPI.DLL
0x000007fefa710000 - 0x000007fefa71b000 	X:\Windows\system32\WINNSI.DLL
0x000007fefa220000 - 0x000007fefa238000 	X:\Windows\system32\dhcpcsvc.DLL
0x000007fefa200000 - 0x000007fefa211000 	X:\Windows\system32\dhcpcsvc6.DLL
0x000007fefc8a0000 - 0x000007fefc8f7000 	X:\Windows\system32\apphelp.dll
0x000007feeffc0000 - 0x000007fef015c000 	X:\Program Files\Android\Android Studio1\jre\jre\bin\awt.dll
0x000007fefac00000 - 0x000007fefac18000 	X:\Windows\system32\dwmapi.dll
0x000007fefd920000 - 0x000007fefd9f7000 	X:\Windows\system32\OLEAUT32.dll
0x000007feef7a0000 - 0x000007feefb64000 	X:\Windows\system32\d2d1.dll
0x000007fef9690000 - 0x000007fef97b5000 	X:\Windows\system32\dbghelp.dll

VM Arguments:
jvm_args: -Xmx2048m -Dfile.encoding=windows-1252 -Duser.country=US -Duser.language=en -Duser.variant 
java_command: org.gradle.launcher.daemon.bootstrap.GradleDaemon 6.1.1
java_class_path (initial): X:\Users\Sohan\.gradle\wrapper\dists\gradle-6.1.1-all\cfmwm155h49vnt3hynmlrsdst\gradle-6.1.1\lib\gradle-launcher-6.1.1.jar
Launcher Type: SUN_STANDARD

Environment Variables:
JAVA_HOME=X:\Program Files\Java\jdk1.8.0_301
PATH=X:\Program Files\Common Files\Oracle\Java\javapath;X:\Windows\system32;X:\Windows;X:\Windows\System32\Wbem;X:\Windows\System32\WindowsPowerShell\v1.0\;X:\Program Files (x86)\GtkSharp\2.12\bin;C:\Git\cmd
USERNAME=Sohan
OS=Windows_NT
PROCESSOR_IDENTIFIER=Intel64 Family 15 Model 6 Stepping 5, GenuineIntel



---------------  S Y S T E M  ---------------

OS: Windows 7 , 64 bit Build 7601 (6.1.7601.24384)

CPU:total 2 (initial active 2) (2 cores per cpu, 1 threads per core) family 15 model 6 stepping 5, cmov, cx8, fxsr, mmx, sse, sse2, sse3, tsc

Memory: 4k page, physical 3135600k(161940k free), swap 6269296k(2090352k free)

vm_info: OpenJDK 64-Bit Server VM (25.242-b01) for windows-amd64 JRE (1.8.0_242-release-1644-b01), built by "builder" with MS VC++ 10.0 (VS2010)

time: Wed Mar 02 14:16:36 2022
timezone: India Standard Time
elapsed time: 8936 seconds (0d 2h 28m 56s)

